mode: set
github.com/Kush-Singh-26/kosh/builder/metrics/metrics.go:24.38,28.2 1 1
github.com/Kush-Singh-26/kosh/builder/metrics/metrics.go:30.32,41.2 10 0
github.com/Kush-Singh-26/kosh/builder/metrics/metrics.go:43.36,45.2 1 0
github.com/Kush-Singh-26/kosh/builder/metrics/metrics.go:47.54,48.24 1 1
github.com/Kush-Singh-26/kosh/builder/metrics/metrics.go:48.24,50.3 1 1
github.com/Kush-Singh-26/kosh/builder/metrics/metrics.go:51.2,51.35 1 0
github.com/Kush-Singh-26/kosh/builder/metrics/metrics.go:54.50,56.2 1 0
github.com/Kush-Singh-26/kosh/builder/metrics/metrics.go:58.44,60.2 1 0
github.com/Kush-Singh-26/kosh/builder/metrics/metrics.go:62.45,64.2 1 0
github.com/Kush-Singh-26/kosh/builder/metrics/metrics.go:66.51,68.2 1 1
github.com/Kush-Singh-26/kosh/builder/metrics/metrics.go:70.75,74.2 3 1
github.com/Kush-Singh-26/kosh/builder/metrics/metrics.go:76.51,78.2 1 1
github.com/Kush-Singh-26/kosh/builder/metrics/metrics.go:80.40,86.15 6 1
github.com/Kush-Singh-26/kosh/builder/metrics/metrics.go:86.15,88.3 1 0
github.com/Kush-Singh-26/kosh/builder/metrics/metrics.go:90.2,99.16 3 1
github.com/Kush-Singh-26/kosh/builder/metrics/metrics.go:99.16,104.15 5 1
github.com/Kush-Singh-26/kosh/builder/metrics/metrics.go:104.15,106.4 1 1
github.com/Kush-Singh-26/kosh/builder/metrics/metrics.go:107.3,112.58 2 1
github.com/Kush-Singh-26/kosh/builder/metrics/metrics.go:112.58,114.4 1 1
github.com/Kush-Singh-26/kosh/builder/metrics/metrics.go:117.2,118.16 2 1
github.com/Kush-Singh-26/kosh/builder/metrics/metrics.go:118.16,120.3 1 1
github.com/Kush-Singh-26/kosh/builder/metrics/metrics.go:122.2,122.15 1 1
github.com/Kush-Singh-26/kosh/builder/metrics/metrics.go:125.34,127.14 2 1
github.com/Kush-Singh-26/kosh/builder/metrics/metrics.go:127.14,129.3 1 1
github.com/Kush-Singh-26/kosh/builder/metrics/metrics.go:130.2,131.42 2 0
github.com/Kush-Singh-26/kosh/builder/metrics/metrics.go:131.42,134.3 2 0
github.com/Kush-Singh-26/kosh/builder/metrics/metrics.go:135.2,135.72 1 0
github.com/Kush-Singh-26/kosh/builder/metrics/metrics.go:138.32,140.2 1 0
github.com/Kush-Singh-26/kosh/builder/models/models_gen.go:10.62,15.16 5 1
github.com/Kush-Singh-26/kosh/builder/models/models_gen.go:15.16,18.3 2 0
github.com/Kush-Singh-26/kosh/builder/models/models_gen.go:19.2,19.17 1 1
github.com/Kush-Singh-26/kosh/builder/models/models_gen.go:19.17,22.17 3 1
github.com/Kush-Singh-26/kosh/builder/models/models_gen.go:22.17,25.4 2 0
github.com/Kush-Singh-26/kosh/builder/models/models_gen.go:26.3,26.35 1 1
github.com/Kush-Singh-26/kosh/builder/models/models_gen.go:27.17,29.18 2 1
github.com/Kush-Singh-26/kosh/builder/models/models_gen.go:29.18,32.5 2 0
github.com/Kush-Singh-26/kosh/builder/models/models_gen.go:33.21,35.18 2 1
github.com/Kush-Singh-26/kosh/builder/models/models_gen.go:35.18,38.5 2 0
github.com/Kush-Singh-26/kosh/builder/models/models_gen.go:39.20,42.18 3 1
github.com/Kush-Singh-26/kosh/builder/models/models_gen.go:42.18,45.5 2 0
github.com/Kush-Singh-26/kosh/builder/models/models_gen.go:46.4,46.26 1 1
github.com/Kush-Singh-26/kosh/builder/models/models_gen.go:46.26,48.5 1 1
github.com/Kush-Singh-26/kosh/builder/models/models_gen.go:48.10,48.35 1 0
github.com/Kush-Singh-26/kosh/builder/models/models_gen.go:48.35,50.5 1 0
github.com/Kush-Singh-26/kosh/builder/models/models_gen.go:51.4,51.19 1 1
github.com/Kush-Singh-26/kosh/builder/models/models_gen.go:51.19,55.19 4 0
github.com/Kush-Singh-26/kosh/builder/models/models_gen.go:55.19,58.6 2 0
github.com/Kush-Singh-26/kosh/builder/models/models_gen.go:59.5,61.19 3 0
github.com/Kush-Singh-26/kosh/builder/models/models_gen.go:61.19,64.6 2 0
github.com/Kush-Singh-26/kosh/builder/models/models_gen.go:65.5,65.33 1 0
github.com/Kush-Singh-26/kosh/builder/models/models_gen.go:67.17,69.18 2 1
github.com/Kush-Singh-26/kosh/builder/models/models_gen.go:69.18,72.5 2 0
github.com/Kush-Singh-26/kosh/builder/models/models_gen.go:73.18,76.18 3 1
github.com/Kush-Singh-26/kosh/builder/models/models_gen.go:76.18,79.5 2 0
github.com/Kush-Singh-26/kosh/builder/models/models_gen.go:80.4,80.24 1 1
github.com/Kush-Singh-26/kosh/builder/models/models_gen.go:80.24,82.5 1 1
github.com/Kush-Singh-26/kosh/builder/models/models_gen.go:82.10,82.33 1 0
github.com/Kush-Singh-26/kosh/builder/models/models_gen.go:82.33,84.5 1 0
github.com/Kush-Singh-26/kosh/builder/models/models_gen.go:85.4,85.19 1 1
github.com/Kush-Singh-26/kosh/builder/models/models_gen.go:85.19,89.19 4 0
github.com/Kush-Singh-26/kosh/builder/models/models_gen.go:89.19,92.6 2 0
github.com/Kush-Singh-26/kosh/builder/models/models_gen.go:93.5,95.19 3 0
github.com/Kush-Singh-26/kosh/builder/models/models_gen.go:95.19,98.6 2 0
github.com/Kush-Singh-26/kosh/builder/models/models_gen.go:99.5,99.31 1 0
github.com/Kush-Singh-26/kosh/builder/models/models_gen.go:101.26,104.18 3 1
github.com/Kush-Singh-26/kosh/builder/models/models_gen.go:104.18,107.5 2 0
github.com/Kush-Singh-26/kosh/builder/models/models_gen.go:108.4,108.32 1 1
github.com/Kush-Singh-26/kosh/builder/models/models_gen.go:108.32,110.5 1 1
github.com/Kush-Singh-26/kosh/builder/models/models_gen.go:110.10,110.41 1 0
github.com/Kush-Singh-26/kosh/builder/models/models_gen.go:110.41,112.5 1 0
github.com/Kush-Singh-26/kosh/builder/models/models_gen.go:113.4,113.19 1 1
github.com/Kush-Singh-26/kosh/builder/models/models_gen.go:113.19,117.19 4 0
github.com/Kush-Singh-26/kosh/builder/models/models_gen.go:117.19,120.6 2 0
github.com/Kush-Singh-26/kosh/builder/models/models_gen.go:121.5,124.19 4 0
github.com/Kush-Singh-26/kosh/builder/models/models_gen.go:124.19,127.6 2 0
github.com/Kush-Singh-26/kosh/builder/models/models_gen.go:128.5,128.35 1 0
github.com/Kush-Singh-26/kosh/builder/models/models_gen.go:128.35,130.6 1 0
github.com/Kush-Singh-26/kosh/builder/models/models_gen.go:130.11,132.6 1 0
github.com/Kush-Singh-26/kosh/builder/models/models_gen.go:133.5,133.32 1 0
github.com/Kush-Singh-26/kosh/builder/models/models_gen.go:133.32,135.20 2 0
github.com/Kush-Singh-26/kosh/builder/models/models_gen.go:135.20,138.7 2 0
github.com/Kush-Singh-26/kosh/builder/models/models_gen.go:140.5,140.39 1 0
github.com/Kush-Singh-26/kosh/builder/models/models_gen.go:142.22,145.18 3 1
github.com/Kush-Singh-26/kosh/builder/models/models_gen.go:145.18,148.5 2 0
github.com/Kush-Singh-26/kosh/builder/models/models_gen.go:149.4,149.28 1 1
github.com/Kush-Singh-26/kosh/builder/models/models_gen.go:149.28,151.5 1 1
github.com/Kush-Singh-26/kosh/builder/models/models_gen.go:151.10,151.37 1 0
github.com/Kush-Singh-26/kosh/builder/models/models_gen.go:151.37,153.5 1 0
github.com/Kush-Singh-26/kosh/builder/models/models_gen.go:154.4,154.19 1 1
github.com/Kush-Singh-26/kosh/builder/models/models_gen.go:154.19,158.19 4 0
github.com/Kush-Singh-26/kosh/builder/models/models_gen.go:158.19,161.6 2 0
github.com/Kush-Singh-26/kosh/builder/models/models_gen.go:162.5,165.19 4 0
github.com/Kush-Singh-26/kosh/builder/models/models_gen.go:165.19,168.6 2 0
github.com/Kush-Singh-26/kosh/builder/models/models_gen.go:169.5,169.35 1 0
github.com/Kush-Singh-26/kosh/builder/models/models_gen.go:169.35,171.6 1 0
github.com/Kush-Singh-26/kosh/builder/models/models_gen.go:171.11,173.6 1 0
github.com/Kush-Singh-26/kosh/builder/models/models_gen.go:174.5,174.32 1 0
github.com/Kush-Singh-26/kosh/builder/models/models_gen.go:174.32,176.20 2 0
github.com/Kush-Singh-26/kosh/builder/models/models_gen.go:176.20,179.7 2 0
github.com/Kush-Singh-26/kosh/builder/models/models_gen.go:181.5,181.35 1 0
github.com/Kush-Singh-26/kosh/builder/models/models_gen.go:183.11,185.18 2 0
github.com/Kush-Singh-26/kosh/builder/models/models_gen.go:185.18,188.5 2 0
github.com/Kush-Singh-26/kosh/builder/models/models_gen.go:191.2,191.8 1 1
github.com/Kush-Singh-26/kosh/builder/models/models_gen.go:195.62,199.16 2 1
github.com/Kush-Singh-26/kosh/builder/models/models_gen.go:199.16,201.3 1 0
github.com/Kush-Singh-26/kosh/builder/models/models_gen.go:202.2,203.16 2 1
github.com/Kush-Singh-26/kosh/builder/models/models_gen.go:203.16,206.3 2 0
github.com/Kush-Singh-26/kosh/builder/models/models_gen.go:208.2,209.16 2 1
github.com/Kush-Singh-26/kosh/builder/models/models_gen.go:209.16,211.3 1 0
github.com/Kush-Singh-26/kosh/builder/models/models_gen.go:212.2,213.16 2 1
github.com/Kush-Singh-26/kosh/builder/models/models_gen.go:213.16,216.3 2 0
github.com/Kush-Singh-26/kosh/builder/models/models_gen.go:218.2,219.16 2 1
github.com/Kush-Singh-26/kosh/builder/models/models_gen.go:219.16,221.3 1 0
github.com/Kush-Singh-26/kosh/builder/models/models_gen.go:222.2,223.16 2 1
github.com/Kush-Singh-26/kosh/builder/models/models_gen.go:223.16,226.3 2 0
github.com/Kush-Singh-26/kosh/builder/models/models_gen.go:227.2,227.42 1 1
github.com/Kush-Singh-26/kosh/builder/models/models_gen.go:227.42,229.17 2 0
github.com/Kush-Singh-26/kosh/builder/models/models_gen.go:229.17,232.4 2 0
github.com/Kush-Singh-26/kosh/builder/models/models_gen.go:233.3,234.17 2 0
github.com/Kush-Singh-26/kosh/builder/models/models_gen.go:234.17,237.4 2 0
github.com/Kush-Singh-26/kosh/builder/models/models_gen.go:240.2,241.16 2 1
github.com/Kush-Singh-26/kosh/builder/models/models_gen.go:241.16,243.3 1 0
github.com/Kush-Singh-26/kosh/builder/models/models_gen.go:244.2,245.16 2 1
github.com/Kush-Singh-26/kosh/builder/models/models_gen.go:245.16,248.3 2 0
github.com/Kush-Singh-26/kosh/builder/models/models_gen.go:250.2,251.16 2 1
github.com/Kush-Singh-26/kosh/builder/models/models_gen.go:251.16,253.3 1 0
github.com/Kush-Singh-26/kosh/builder/models/models_gen.go:254.2,255.16 2 1
github.com/Kush-Singh-26/kosh/builder/models/models_gen.go:255.16,258.3 2 0
github.com/Kush-Singh-26/kosh/builder/models/models_gen.go:259.2,259.40 1 1
github.com/Kush-Singh-26/kosh/builder/models/models_gen.go:259.40,261.17 2 0
github.com/Kush-Singh-26/kosh/builder/models/models_gen.go:261.17,264.4 2 0
github.com/Kush-Singh-26/kosh/builder/models/models_gen.go:265.3,266.17 2 0
github.com/Kush-Singh-26/kosh/builder/models/models_gen.go:266.17,269.4 2 0
github.com/Kush-Singh-26/kosh/builder/models/models_gen.go:272.2,273.16 2 1
github.com/Kush-Singh-26/kosh/builder/models/models_gen.go:273.16,275.3 1 0
github.com/Kush-Singh-26/kosh/builder/models/models_gen.go:276.2,277.16 2 1
github.com/Kush-Singh-26/kosh/builder/models/models_gen.go:277.16,280.3 2 0
github.com/Kush-Singh-26/kosh/builder/models/models_gen.go:281.2,281.48 1 1
github.com/Kush-Singh-26/kosh/builder/models/models_gen.go:281.48,283.17 2 0
github.com/Kush-Singh-26/kosh/builder/models/models_gen.go:283.17,286.4 2 0
github.com/Kush-Singh-26/kosh/builder/models/models_gen.go:287.3,288.17 2 0
github.com/Kush-Singh-26/kosh/builder/models/models_gen.go:288.17,291.4 2 0
github.com/Kush-Singh-26/kosh/builder/models/models_gen.go:292.3,292.30 1 0
github.com/Kush-Singh-26/kosh/builder/models/models_gen.go:292.30,294.18 2 0
github.com/Kush-Singh-26/kosh/builder/models/models_gen.go:294.18,297.5 2 0
github.com/Kush-Singh-26/kosh/builder/models/models_gen.go:301.2,302.16 2 1
github.com/Kush-Singh-26/kosh/builder/models/models_gen.go:302.16,304.3 1 0
github.com/Kush-Singh-26/kosh/builder/models/models_gen.go:305.2,306.16 2 1
github.com/Kush-Singh-26/kosh/builder/models/models_gen.go:306.16,309.3 2 0
github.com/Kush-Singh-26/kosh/builder/models/models_gen.go:310.2,310.44 1 1
github.com/Kush-Singh-26/kosh/builder/models/models_gen.go:310.44,312.17 2 0
github.com/Kush-Singh-26/kosh/builder/models/models_gen.go:312.17,315.4 2 0
github.com/Kush-Singh-26/kosh/builder/models/models_gen.go:316.3,317.17 2 0
github.com/Kush-Singh-26/kosh/builder/models/models_gen.go:317.17,320.4 2 0
github.com/Kush-Singh-26/kosh/builder/models/models_gen.go:321.3,321.30 1 0
github.com/Kush-Singh-26/kosh/builder/models/models_gen.go:321.30,323.18 2 0
github.com/Kush-Singh-26/kosh/builder/models/models_gen.go:323.18,326.5 2 0
github.com/Kush-Singh-26/kosh/builder/models/models_gen.go:329.2,329.8 1 1
github.com/Kush-Singh-26/kosh/builder/models/models_gen.go:333.66,339.16 4 1
github.com/Kush-Singh-26/kosh/builder/models/models_gen.go:339.16,342.3 2 0
github.com/Kush-Singh-26/kosh/builder/models/models_gen.go:344.2,349.42 5 1
github.com/Kush-Singh-26/kosh/builder/models/models_gen.go:349.42,352.3 2 0
github.com/Kush-Singh-26/kosh/builder/models/models_gen.go:354.2,359.40 5 1
github.com/Kush-Singh-26/kosh/builder/models/models_gen.go:359.40,362.3 2 0
github.com/Kush-Singh-26/kosh/builder/models/models_gen.go:364.2,366.48 3 1
github.com/Kush-Singh-26/kosh/builder/models/models_gen.go:366.48,369.30 3 0
github.com/Kush-Singh-26/kosh/builder/models/models_gen.go:369.30,371.4 1 0
github.com/Kush-Singh-26/kosh/builder/models/models_gen.go:374.2,376.44 3 1
github.com/Kush-Singh-26/kosh/builder/models/models_gen.go:376.44,379.30 3 0
github.com/Kush-Singh-26/kosh/builder/models/models_gen.go:379.30,381.4 1 0
github.com/Kush-Singh-26/kosh/builder/models/models_gen.go:383.2,383.8 1 1
github.com/Kush-Singh-26/kosh/builder/models/models_gen.go:387.70,392.16 5 1
github.com/Kush-Singh-26/kosh/builder/models/models_gen.go:392.16,395.3 2 0
github.com/Kush-Singh-26/kosh/builder/models/models_gen.go:396.2,396.17 1 1
github.com/Kush-Singh-26/kosh/builder/models/models_gen.go:396.17,399.17 3 1
github.com/Kush-Singh-26/kosh/builder/models/models_gen.go:399.17,402.4 2 0
github.com/Kush-Singh-26/kosh/builder/models/models_gen.go:403.3,403.35 1 1
github.com/Kush-Singh-26/kosh/builder/models/models_gen.go:404.17,406.18 2 1
github.com/Kush-Singh-26/kosh/builder/models/models_gen.go:406.18,409.5 2 0
github.com/Kush-Singh-26/kosh/builder/models/models_gen.go:410.21,412.18 2 1
github.com/Kush-Singh-26/kosh/builder/models/models_gen.go:412.18,415.5 2 0
github.com/Kush-Singh-26/kosh/builder/models/models_gen.go:416.20,419.18 3 1
github.com/Kush-Singh-26/kosh/builder/models/models_gen.go:419.18,422.5 2 0
github.com/Kush-Singh-26/kosh/builder/models/models_gen.go:423.4,423.26 1 1
github.com/Kush-Singh-26/kosh/builder/models/models_gen.go:423.26,425.5 1 1
github.com/Kush-Singh-26/kosh/builder/models/models_gen.go:425.10,425.35 1 0
github.com/Kush-Singh-26/kosh/builder/models/models_gen.go:425.35,427.5 1 0
github.com/Kush-Singh-26/kosh/builder/models/models_gen.go:428.4,428.19 1 1
github.com/Kush-Singh-26/kosh/builder/models/models_gen.go:428.19,433.19 5 0
github.com/Kush-Singh-26/kosh/builder/models/models_gen.go:433.19,436.6 2 0
github.com/Kush-Singh-26/kosh/builder/models/models_gen.go:437.5,438.19 2 0
github.com/Kush-Singh-26/kosh/builder/models/models_gen.go:438.19,441.6 2 0
github.com/Kush-Singh-26/kosh/builder/models/models_gen.go:442.5,442.33 1 0
github.com/Kush-Singh-26/kosh/builder/models/models_gen.go:444.17,446.18 2 1
github.com/Kush-Singh-26/kosh/builder/models/models_gen.go:446.18,449.5 2 0
github.com/Kush-Singh-26/kosh/builder/models/models_gen.go:450.18,453.18 3 1
github.com/Kush-Singh-26/kosh/builder/models/models_gen.go:453.18,456.5 2 0
github.com/Kush-Singh-26/kosh/builder/models/models_gen.go:457.4,457.24 1 1
github.com/Kush-Singh-26/kosh/builder/models/models_gen.go:457.24,459.5 1 1
github.com/Kush-Singh-26/kosh/builder/models/models_gen.go:459.10,459.33 1 0
github.com/Kush-Singh-26/kosh/builder/models/models_gen.go:459.33,461.5 1 0
github.com/Kush-Singh-26/kosh/builder/models/models_gen.go:462.4,462.19 1 1
github.com/Kush-Singh-26/kosh/builder/models/models_gen.go:462.19,467.19 5 0
github.com/Kush-Singh-26/kosh/builder/models/models_gen.go:467.19,470.6 2 0
github.com/Kush-Singh-26/kosh/builder/models/models_gen.go:471.5,472.19 2 0
github.com/Kush-Singh-26/kosh/builder/models/models_gen.go:472.19,475.6 2 0
github.com/Kush-Singh-26/kosh/builder/models/models_gen.go:476.5,476.31 1 0
github.com/Kush-Singh-26/kosh/builder/models/models_gen.go:478.26,481.18 3 1
github.com/Kush-Singh-26/kosh/builder/models/models_gen.go:481.18,484.5 2 0
github.com/Kush-Singh-26/kosh/builder/models/models_gen.go:485.4,485.32 1 1
github.com/Kush-Singh-26/kosh/builder/models/models_gen.go:485.32,487.5 1 1
github.com/Kush-Singh-26/kosh/builder/models/models_gen.go:487.10,487.41 1 0
github.com/Kush-Singh-26/kosh/builder/models/models_gen.go:487.41,489.5 1 0
github.com/Kush-Singh-26/kosh/builder/models/models_gen.go:490.4,490.19 1 1
github.com/Kush-Singh-26/kosh/builder/models/models_gen.go:490.19,495.19 5 0
github.com/Kush-Singh-26/kosh/builder/models/models_gen.go:495.19,498.6 2 0
github.com/Kush-Singh-26/kosh/builder/models/models_gen.go:499.5,501.19 3 0
github.com/Kush-Singh-26/kosh/builder/models/models_gen.go:501.19,504.6 2 0
github.com/Kush-Singh-26/kosh/builder/models/models_gen.go:505.5,505.35 1 0
github.com/Kush-Singh-26/kosh/builder/models/models_gen.go:505.35,507.6 1 0
github.com/Kush-Singh-26/kosh/builder/models/models_gen.go:507.11,509.6 1 0
github.com/Kush-Singh-26/kosh/builder/models/models_gen.go:510.5,510.32 1 0
github.com/Kush-Singh-26/kosh/builder/models/models_gen.go:510.32,512.20 2 0
github.com/Kush-Singh-26/kosh/builder/models/models_gen.go:512.20,515.7 2 0
github.com/Kush-Singh-26/kosh/builder/models/models_gen.go:517.5,517.39 1 0
github.com/Kush-Singh-26/kosh/builder/models/models_gen.go:519.22,522.18 3 1
github.com/Kush-Singh-26/kosh/builder/models/models_gen.go:522.18,525.5 2 0
github.com/Kush-Singh-26/kosh/builder/models/models_gen.go:526.4,526.28 1 1
github.com/Kush-Singh-26/kosh/builder/models/models_gen.go:526.28,528.5 1 1
github.com/Kush-Singh-26/kosh/builder/models/models_gen.go:528.10,528.37 1 0
github.com/Kush-Singh-26/kosh/builder/models/models_gen.go:528.37,530.5 1 0
github.com/Kush-Singh-26/kosh/builder/models/models_gen.go:531.4,531.19 1 1
github.com/Kush-Singh-26/kosh/builder/models/models_gen.go:531.19,536.19 5 0
github.com/Kush-Singh-26/kosh/builder/models/models_gen.go:536.19,539.6 2 0
github.com/Kush-Singh-26/kosh/builder/models/models_gen.go:540.5,542.19 3 0
github.com/Kush-Singh-26/kosh/builder/models/models_gen.go:542.19,545.6 2 0
github.com/Kush-Singh-26/kosh/builder/models/models_gen.go:546.5,546.35 1 0
github.com/Kush-Singh-26/kosh/builder/models/models_gen.go:546.35,548.6 1 0
github.com/Kush-Singh-26/kosh/builder/models/models_gen.go:548.11,550.6 1 0
github.com/Kush-Singh-26/kosh/builder/models/models_gen.go:551.5,551.32 1 0
github.com/Kush-Singh-26/kosh/builder/models/models_gen.go:551.32,553.20 2 0
github.com/Kush-Singh-26/kosh/builder/models/models_gen.go:553.20,556.7 2 0
github.com/Kush-Singh-26/kosh/builder/models/models_gen.go:558.5,558.35 1 0
github.com/Kush-Singh-26/kosh/builder/models/models_gen.go:560.11,562.18 2 0
github.com/Kush-Singh-26/kosh/builder/models/models_gen.go:562.18,565.5 2 0
github.com/Kush-Singh-26/kosh/builder/models/models_gen.go:568.2,569.8 2 1
github.com/Kush-Singh-26/kosh/builder/models/models_gen.go:573.41,575.24 2 1
github.com/Kush-Singh-26/kosh/builder/models/models_gen.go:575.24,576.43 1 0
github.com/Kush-Singh-26/kosh/builder/models/models_gen.go:576.43,579.4 2 0
github.com/Kush-Singh-26/kosh/builder/models/models_gen.go:581.2,582.22 2 1
github.com/Kush-Singh-26/kosh/builder/models/models_gen.go:582.22,583.41 1 0
github.com/Kush-Singh-26/kosh/builder/models/models_gen.go:583.41,586.4 2 0
github.com/Kush-Singh-26/kosh/builder/models/models_gen.go:588.2,589.30 2 1
github.com/Kush-Singh-26/kosh/builder/models/models_gen.go:589.30,590.49 1 0
github.com/Kush-Singh-26/kosh/builder/models/models_gen.go:590.49,593.4 2 0
github.com/Kush-Singh-26/kosh/builder/models/models_gen.go:595.2,596.26 2 1
github.com/Kush-Singh-26/kosh/builder/models/models_gen.go:596.26,597.45 1 0
github.com/Kush-Singh-26/kosh/builder/models/models_gen.go:597.45,600.4 2 0
github.com/Kush-Singh-26/kosh/builder/models/models_gen.go:602.2,602.8 1 1
github.com/Kush-Singh-26/kosh/builder/models/models_gen.go:606.61,611.16 5 1
github.com/Kush-Singh-26/kosh/builder/models/models_gen.go:611.16,614.3 2 0
github.com/Kush-Singh-26/kosh/builder/models/models_gen.go:615.2,615.17 1 1
github.com/Kush-Singh-26/kosh/builder/models/models_gen.go:615.17,618.17 3 1
github.com/Kush-Singh-26/kosh/builder/models/models_gen.go:618.17,621.4 2 0
github.com/Kush-Singh-26/kosh/builder/models/models_gen.go:622.3,622.35 1 1
github.com/Kush-Singh-26/kosh/builder/models/models_gen.go:623.13,625.18 2 1
github.com/Kush-Singh-26/kosh/builder/models/models_gen.go:625.18,628.5 2 0
github.com/Kush-Singh-26/kosh/builder/models/models_gen.go:629.16,631.18 2 1
github.com/Kush-Singh-26/kosh/builder/models/models_gen.go:631.18,634.5 2 0
github.com/Kush-Singh-26/kosh/builder/models/models_gen.go:635.26,637.18 2 1
github.com/Kush-Singh-26/kosh/builder/models/models_gen.go:637.18,640.5 2 0
github.com/Kush-Singh-26/kosh/builder/models/models_gen.go:641.15,643.18 2 1
github.com/Kush-Singh-26/kosh/builder/models/models_gen.go:643.18,646.5 2 0
github.com/Kush-Singh-26/kosh/builder/models/models_gen.go:647.22,649.18 2 1
github.com/Kush-Singh-26/kosh/builder/models/models_gen.go:649.18,652.5 2 0
github.com/Kush-Singh-26/kosh/builder/models/models_gen.go:653.15,656.18 3 1
github.com/Kush-Singh-26/kosh/builder/models/models_gen.go:656.18,659.5 2 0
github.com/Kush-Singh-26/kosh/builder/models/models_gen.go:660.4,660.34 1 1
github.com/Kush-Singh-26/kosh/builder/models/models_gen.go:660.34,662.5 1 1
github.com/Kush-Singh-26/kosh/builder/models/models_gen.go:662.10,664.5 1 0
github.com/Kush-Singh-26/kosh/builder/models/models_gen.go:665.4,665.31 1 1
github.com/Kush-Singh-26/kosh/builder/models/models_gen.go:665.31,667.19 2 0
github.com/Kush-Singh-26/kosh/builder/models/models_gen.go:667.19,670.6 2 0
github.com/Kush-Singh-26/kosh/builder/models/models_gen.go:672.25,675.18 3 1
github.com/Kush-Singh-26/kosh/builder/models/models_gen.go:675.18,678.5 2 0
github.com/Kush-Singh-26/kosh/builder/models/models_gen.go:679.4,679.44 1 1
github.com/Kush-Singh-26/kosh/builder/models/models_gen.go:679.44,681.5 1 1
github.com/Kush-Singh-26/kosh/builder/models/models_gen.go:681.10,683.5 1 0
github.com/Kush-Singh-26/kosh/builder/models/models_gen.go:684.4,684.41 1 1
github.com/Kush-Singh-26/kosh/builder/models/models_gen.go:684.41,686.19 2 0
github.com/Kush-Singh-26/kosh/builder/models/models_gen.go:686.19,689.6 2 0
github.com/Kush-Singh-26/kosh/builder/models/models_gen.go:691.18,693.18 2 1
github.com/Kush-Singh-26/kosh/builder/models/models_gen.go:693.18,696.5 2 0
github.com/Kush-Singh-26/kosh/builder/models/models_gen.go:697.18,699.18 2 1
github.com/Kush-Singh-26/kosh/builder/models/models_gen.go:699.18,702.5 2 0
github.com/Kush-Singh-26/kosh/builder/models/models_gen.go:703.11,705.18 2 0
github.com/Kush-Singh-26/kosh/builder/models/models_gen.go:705.18,708.5 2 0
github.com/Kush-Singh-26/kosh/builder/models/models_gen.go:711.2,711.8 1 1
github.com/Kush-Singh-26/kosh/builder/models/models_gen.go:715.61,719.16 2 1
github.com/Kush-Singh-26/kosh/builder/models/models_gen.go:719.16,721.3 1 0
github.com/Kush-Singh-26/kosh/builder/models/models_gen.go:722.2,723.16 2 1
github.com/Kush-Singh-26/kosh/builder/models/models_gen.go:723.16,726.3 2 0
github.com/Kush-Singh-26/kosh/builder/models/models_gen.go:728.2,729.16 2 1
github.com/Kush-Singh-26/kosh/builder/models/models_gen.go:729.16,731.3 1 0
github.com/Kush-Singh-26/kosh/builder/models/models_gen.go:732.2,733.16 2 1
github.com/Kush-Singh-26/kosh/builder/models/models_gen.go:733.16,736.3 2 0
github.com/Kush-Singh-26/kosh/builder/models/models_gen.go:738.2,739.16 2 1
github.com/Kush-Singh-26/kosh/builder/models/models_gen.go:739.16,741.3 1 0
github.com/Kush-Singh-26/kosh/builder/models/models_gen.go:742.2,743.16 2 1
github.com/Kush-Singh-26/kosh/builder/models/models_gen.go:743.16,746.3 2 0
github.com/Kush-Singh-26/kosh/builder/models/models_gen.go:748.2,749.16 2 1
github.com/Kush-Singh-26/kosh/builder/models/models_gen.go:749.16,751.3 1 0
github.com/Kush-Singh-26/kosh/builder/models/models_gen.go:752.2,753.16 2 1
github.com/Kush-Singh-26/kosh/builder/models/models_gen.go:753.16,756.3 2 0
github.com/Kush-Singh-26/kosh/builder/models/models_gen.go:758.2,759.16 2 1
github.com/Kush-Singh-26/kosh/builder/models/models_gen.go:759.16,761.3 1 0
github.com/Kush-Singh-26/kosh/builder/models/models_gen.go:762.2,763.16 2 1
github.com/Kush-Singh-26/kosh/builder/models/models_gen.go:763.16,766.3 2 0
github.com/Kush-Singh-26/kosh/builder/models/models_gen.go:768.2,769.16 2 1
github.com/Kush-Singh-26/kosh/builder/models/models_gen.go:769.16,771.3 1 0
github.com/Kush-Singh-26/kosh/builder/models/models_gen.go:772.2,773.16 2 1
github.com/Kush-Singh-26/kosh/builder/models/models_gen.go:773.16,776.3 2 0
github.com/Kush-Singh-26/kosh/builder/models/models_gen.go:777.2,777.29 1 1
github.com/Kush-Singh-26/kosh/builder/models/models_gen.go:777.29,779.17 2 0
github.com/Kush-Singh-26/kosh/builder/models/models_gen.go:779.17,782.4 2 0
github.com/Kush-Singh-26/kosh/builder/models/models_gen.go:785.2,786.16 2 1
github.com/Kush-Singh-26/kosh/builder/models/models_gen.go:786.16,788.3 1 0
github.com/Kush-Singh-26/kosh/builder/models/models_gen.go:789.2,790.16 2 1
github.com/Kush-Singh-26/kosh/builder/models/models_gen.go:790.16,793.3 2 0
github.com/Kush-Singh-26/kosh/builder/models/models_gen.go:794.2,794.39 1 1
github.com/Kush-Singh-26/kosh/builder/models/models_gen.go:794.39,796.17 2 0
github.com/Kush-Singh-26/kosh/builder/models/models_gen.go:796.17,799.4 2 0
github.com/Kush-Singh-26/kosh/builder/models/models_gen.go:802.2,803.16 2 1
github.com/Kush-Singh-26/kosh/builder/models/models_gen.go:803.16,805.3 1 0
github.com/Kush-Singh-26/kosh/builder/models/models_gen.go:806.2,807.16 2 1
github.com/Kush-Singh-26/kosh/builder/models/models_gen.go:807.16,810.3 2 0
github.com/Kush-Singh-26/kosh/builder/models/models_gen.go:812.2,813.16 2 1
github.com/Kush-Singh-26/kosh/builder/models/models_gen.go:813.16,815.3 1 0
github.com/Kush-Singh-26/kosh/builder/models/models_gen.go:816.2,817.16 2 1
github.com/Kush-Singh-26/kosh/builder/models/models_gen.go:817.16,820.3 2 0
github.com/Kush-Singh-26/kosh/builder/models/models_gen.go:821.2,821.8 1 1
github.com/Kush-Singh-26/kosh/builder/models/models_gen.go:825.65,846.29 14 1
github.com/Kush-Singh-26/kosh/builder/models/models_gen.go:846.29,848.3 1 0
github.com/Kush-Singh-26/kosh/builder/models/models_gen.go:850.2,852.39 3 1
github.com/Kush-Singh-26/kosh/builder/models/models_gen.go:852.39,854.3 1 0
github.com/Kush-Singh-26/kosh/builder/models/models_gen.go:856.2,861.8 5 1
github.com/Kush-Singh-26/kosh/builder/models/models_gen.go:865.69,870.16 5 1
github.com/Kush-Singh-26/kosh/builder/models/models_gen.go:870.16,873.3 2 0
github.com/Kush-Singh-26/kosh/builder/models/models_gen.go:874.2,874.17 1 1
github.com/Kush-Singh-26/kosh/builder/models/models_gen.go:874.17,877.17 3 1
github.com/Kush-Singh-26/kosh/builder/models/models_gen.go:877.17,880.4 2 0
github.com/Kush-Singh-26/kosh/builder/models/models_gen.go:881.3,881.35 1 1
github.com/Kush-Singh-26/kosh/builder/models/models_gen.go:882.13,884.18 2 1
github.com/Kush-Singh-26/kosh/builder/models/models_gen.go:884.18,887.5 2 0
github.com/Kush-Singh-26/kosh/builder/models/models_gen.go:888.16,890.18 2 1
github.com/Kush-Singh-26/kosh/builder/models/models_gen.go:890.18,893.5 2 0
github.com/Kush-Singh-26/kosh/builder/models/models_gen.go:894.26,896.18 2 1
github.com/Kush-Singh-26/kosh/builder/models/models_gen.go:896.18,899.5 2 0
github.com/Kush-Singh-26/kosh/builder/models/models_gen.go:900.15,902.18 2 1
github.com/Kush-Singh-26/kosh/builder/models/models_gen.go:902.18,905.5 2 0
github.com/Kush-Singh-26/kosh/builder/models/models_gen.go:906.22,908.18 2 1
github.com/Kush-Singh-26/kosh/builder/models/models_gen.go:908.18,911.5 2 0
github.com/Kush-Singh-26/kosh/builder/models/models_gen.go:912.15,915.18 3 1
github.com/Kush-Singh-26/kosh/builder/models/models_gen.go:915.18,918.5 2 0
github.com/Kush-Singh-26/kosh/builder/models/models_gen.go:919.4,919.34 1 1
github.com/Kush-Singh-26/kosh/builder/models/models_gen.go:919.34,921.5 1 1
github.com/Kush-Singh-26/kosh/builder/models/models_gen.go:921.10,923.5 1 0
github.com/Kush-Singh-26/kosh/builder/models/models_gen.go:924.4,924.31 1 1
github.com/Kush-Singh-26/kosh/builder/models/models_gen.go:924.31,926.19 2 0
github.com/Kush-Singh-26/kosh/builder/models/models_gen.go:926.19,929.6 2 0
github.com/Kush-Singh-26/kosh/builder/models/models_gen.go:931.25,934.18 3 1
github.com/Kush-Singh-26/kosh/builder/models/models_gen.go:934.18,937.5 2 0
github.com/Kush-Singh-26/kosh/builder/models/models_gen.go:938.4,938.44 1 1
github.com/Kush-Singh-26/kosh/builder/models/models_gen.go:938.44,940.5 1 1
github.com/Kush-Singh-26/kosh/builder/models/models_gen.go:940.10,942.5 1 0
github.com/Kush-Singh-26/kosh/builder/models/models_gen.go:943.4,943.41 1 1
github.com/Kush-Singh-26/kosh/builder/models/models_gen.go:943.41,945.19 2 0
github.com/Kush-Singh-26/kosh/builder/models/models_gen.go:945.19,948.6 2 0
github.com/Kush-Singh-26/kosh/builder/models/models_gen.go:950.18,952.18 2 1
github.com/Kush-Singh-26/kosh/builder/models/models_gen.go:952.18,955.5 2 0
github.com/Kush-Singh-26/kosh/builder/models/models_gen.go:956.18,958.18 2 1
github.com/Kush-Singh-26/kosh/builder/models/models_gen.go:958.18,961.5 2 0
github.com/Kush-Singh-26/kosh/builder/models/models_gen.go:962.11,964.18 2 0
github.com/Kush-Singh-26/kosh/builder/models/models_gen.go:964.18,967.5 2 0
github.com/Kush-Singh-26/kosh/builder/models/models_gen.go:970.2,971.8 2 1
github.com/Kush-Singh-26/kosh/builder/models/models_gen.go:975.40,977.29 2 1
github.com/Kush-Singh-26/kosh/builder/models/models_gen.go:977.29,979.3 1 0
github.com/Kush-Singh-26/kosh/builder/models/models_gen.go:980.2,981.39 2 1
github.com/Kush-Singh-26/kosh/builder/models/models_gen.go:981.39,983.3 1 0
github.com/Kush-Singh-26/kosh/builder/models/models_gen.go:984.2,985.8 2 1
github.com/Kush-Singh-26/kosh/builder/models/models_gen.go:989.62,994.16 5 1
github.com/Kush-Singh-26/kosh/builder/models/models_gen.go:994.16,997.3 2 0
github.com/Kush-Singh-26/kosh/builder/models/models_gen.go:998.2,998.17 1 1
github.com/Kush-Singh-26/kosh/builder/models/models_gen.go:998.17,1001.17 3 1
github.com/Kush-Singh-26/kosh/builder/models/models_gen.go:1001.17,1004.4 2 0
github.com/Kush-Singh-26/kosh/builder/models/models_gen.go:1005.3,1005.35 1 1
github.com/Kush-Singh-26/kosh/builder/models/models_gen.go:1006.24,1008.18 2 1
github.com/Kush-Singh-26/kosh/builder/models/models_gen.go:1008.18,1011.5 2 0
github.com/Kush-Singh-26/kosh/builder/models/models_gen.go:1012.16,1015.18 3 1
github.com/Kush-Singh-26/kosh/builder/models/models_gen.go:1015.18,1018.5 2 0
github.com/Kush-Singh-26/kosh/builder/models/models_gen.go:1019.4,1019.22 1 1
github.com/Kush-Singh-26/kosh/builder/models/models_gen.go:1019.22,1021.5 1 1
github.com/Kush-Singh-26/kosh/builder/models/models_gen.go:1021.10,1021.31 1 0
github.com/Kush-Singh-26/kosh/builder/models/models_gen.go:1021.31,1023.5 1 0
github.com/Kush-Singh-26/kosh/builder/models/models_gen.go:1024.4,1024.19 1 1
github.com/Kush-Singh-26/kosh/builder/models/models_gen.go:1024.19,1028.19 4 0
github.com/Kush-Singh-26/kosh/builder/models/models_gen.go:1028.19,1031.6 2 0
github.com/Kush-Singh-26/kosh/builder/models/models_gen.go:1032.5,1034.19 3 0
github.com/Kush-Singh-26/kosh/builder/models/models_gen.go:1034.19,1037.6 2 0
github.com/Kush-Singh-26/kosh/builder/models/models_gen.go:1038.5,1038.29 1 0
github.com/Kush-Singh-26/kosh/builder/models/models_gen.go:1040.18,1043.18 3 1
github.com/Kush-Singh-26/kosh/builder/models/models_gen.go:1043.18,1046.5 2 0
github.com/Kush-Singh-26/kosh/builder/models/models_gen.go:1047.4,1047.24 1 1
github.com/Kush-Singh-26/kosh/builder/models/models_gen.go:1047.24,1049.5 1 1
github.com/Kush-Singh-26/kosh/builder/models/models_gen.go:1049.10,1049.33 1 0
github.com/Kush-Singh-26/kosh/builder/models/models_gen.go:1049.33,1051.5 1 0
github.com/Kush-Singh-26/kosh/builder/models/models_gen.go:1052.4,1052.19 1 1
github.com/Kush-Singh-26/kosh/builder/models/models_gen.go:1052.19,1056.19 4 0
github.com/Kush-Singh-26/kosh/builder/models/models_gen.go:1056.19,1059.6 2 0
github.com/Kush-Singh-26/kosh/builder/models/models_gen.go:1060.5,1062.19 3 0
github.com/Kush-Singh-26/kosh/builder/models/models_gen.go:1062.19,1065.6 2 0
github.com/Kush-Singh-26/kosh/builder/models/models_gen.go:1066.5,1066.31 1 0
github.com/Kush-Singh-26/kosh/builder/models/models_gen.go:1068.20,1070.18 2 1
github.com/Kush-Singh-26/kosh/builder/models/models_gen.go:1070.18,1073.5 2 0
github.com/Kush-Singh-26/kosh/builder/models/models_gen.go:1074.20,1076.18 2 1
github.com/Kush-Singh-26/kosh/builder/models/models_gen.go:1076.18,1079.5 2 0
github.com/Kush-Singh-26/kosh/builder/models/models_gen.go:1080.18,1083.18 3 1
github.com/Kush-Singh-26/kosh/builder/models/models_gen.go:1083.18,1086.5 2 0
github.com/Kush-Singh-26/kosh/builder/models/models_gen.go:1087.4,1087.24 1 1
github.com/Kush-Singh-26/kosh/builder/models/models_gen.go:1087.24,1089.5 1 1
github.com/Kush-Singh-26/kosh/builder/models/models_gen.go:1089.10,1089.33 1 0
github.com/Kush-Singh-26/kosh/builder/models/models_gen.go:1089.33,1091.5 1 0
github.com/Kush-Singh-26/kosh/builder/models/models_gen.go:1092.4,1092.19 1 1
github.com/Kush-Singh-26/kosh/builder/models/models_gen.go:1092.19,1096.19 4 0
github.com/Kush-Singh-26/kosh/builder/models/models_gen.go:1096.19,1099.6 2 0
github.com/Kush-Singh-26/kosh/builder/models/models_gen.go:1100.5,1103.19 4 0
github.com/Kush-Singh-26/kosh/builder/models/models_gen.go:1103.19,1106.6 2 0
github.com/Kush-Singh-26/kosh/builder/models/models_gen.go:1107.5,1107.35 1 0
github.com/Kush-Singh-26/kosh/builder/models/models_gen.go:1107.35,1109.6 1 0
github.com/Kush-Singh-26/kosh/builder/models/models_gen.go:1109.11,1111.6 1 0
github.com/Kush-Singh-26/kosh/builder/models/models_gen.go:1112.5,1112.32 1 0
github.com/Kush-Singh-26/kosh/builder/models/models_gen.go:1112.32,1114.20 2 0
github.com/Kush-Singh-26/kosh/builder/models/models_gen.go:1114.20,1117.7 2 0
github.com/Kush-Singh-26/kosh/builder/models/models_gen.go:1119.5,1119.31 1 0
github.com/Kush-Singh-26/kosh/builder/models/models_gen.go:1121.21,1124.18 3 1
github.com/Kush-Singh-26/kosh/builder/models/models_gen.go:1124.18,1127.5 2 0
github.com/Kush-Singh-26/kosh/builder/models/models_gen.go:1128.4,1128.27 1 1
github.com/Kush-Singh-26/kosh/builder/models/models_gen.go:1128.27,1130.5 1 1
github.com/Kush-Singh-26/kosh/builder/models/models_gen.go:1130.10,1130.36 1 0
github.com/Kush-Singh-26/kosh/builder/models/models_gen.go:1130.36,1132.5 1 0
github.com/Kush-Singh-26/kosh/builder/models/models_gen.go:1133.4,1133.19 1 1
github.com/Kush-Singh-26/kosh/builder/models/models_gen.go:1133.19,1137.19 4 0
github.com/Kush-Singh-26/kosh/builder/models/models_gen.go:1137.19,1140.6 2 0
github.com/Kush-Singh-26/kosh/builder/models/models_gen.go:1141.5,1144.19 4 0
github.com/Kush-Singh-26/kosh/builder/models/models_gen.go:1144.19,1147.6 2 0
github.com/Kush-Singh-26/kosh/builder/models/models_gen.go:1148.5,1148.35 1 0
github.com/Kush-Singh-26/kosh/builder/models/models_gen.go:1148.35,1150.6 1 0
github.com/Kush-Singh-26/kosh/builder/models/models_gen.go:1150.11,1152.6 1 0
github.com/Kush-Singh-26/kosh/builder/models/models_gen.go:1153.5,1153.32 1 0
github.com/Kush-Singh-26/kosh/builder/models/models_gen.go:1153.32,1155.20 2 0
github.com/Kush-Singh-26/kosh/builder/models/models_gen.go:1155.20,1158.7 2 0
github.com/Kush-Singh-26/kosh/builder/models/models_gen.go:1160.5,1160.34 1 0
github.com/Kush-Singh-26/kosh/builder/models/models_gen.go:1162.19,1165.18 3 1
github.com/Kush-Singh-26/kosh/builder/models/models_gen.go:1165.18,1168.5 2 0
github.com/Kush-Singh-26/kosh/builder/models/models_gen.go:1169.4,1169.25 1 1
github.com/Kush-Singh-26/kosh/builder/models/models_gen.go:1169.25,1171.5 1 1
github.com/Kush-Singh-26/kosh/builder/models/models_gen.go:1171.10,1171.34 1 0
github.com/Kush-Singh-26/kosh/builder/models/models_gen.go:1171.34,1173.5 1 0
github.com/Kush-Singh-26/kosh/builder/models/models_gen.go:1174.4,1174.19 1 1
github.com/Kush-Singh-26/kosh/builder/models/models_gen.go:1174.19,1178.19 4 0
github.com/Kush-Singh-26/kosh/builder/models/models_gen.go:1178.19,1181.6 2 0
github.com/Kush-Singh-26/kosh/builder/models/models_gen.go:1182.5,1185.19 4 0
github.com/Kush-Singh-26/kosh/builder/models/models_gen.go:1185.19,1188.6 2 0
github.com/Kush-Singh-26/kosh/builder/models/models_gen.go:1189.5,1189.22 1 0
github.com/Kush-Singh-26/kosh/builder/models/models_gen.go:1189.22,1191.6 1 0
github.com/Kush-Singh-26/kosh/builder/models/models_gen.go:1191.11,1191.31 1 0
github.com/Kush-Singh-26/kosh/builder/models/models_gen.go:1191.31,1193.6 1 0
github.com/Kush-Singh-26/kosh/builder/models/models_gen.go:1194.5,1194.20 1 0
github.com/Kush-Singh-26/kosh/builder/models/models_gen.go:1194.20,1198.20 4 0
github.com/Kush-Singh-26/kosh/builder/models/models_gen.go:1198.20,1201.7 2 0
github.com/Kush-Singh-26/kosh/builder/models/models_gen.go:1202.6,1205.20 4 0
github.com/Kush-Singh-26/kosh/builder/models/models_gen.go:1205.20,1208.7 2 0
github.com/Kush-Singh-26/kosh/builder/models/models_gen.go:1209.6,1209.36 1 0
github.com/Kush-Singh-26/kosh/builder/models/models_gen.go:1209.36,1211.7 1 0
github.com/Kush-Singh-26/kosh/builder/models/models_gen.go:1211.12,1213.7 1 0
github.com/Kush-Singh-26/kosh/builder/models/models_gen.go:1214.6,1214.33 1 0
github.com/Kush-Singh-26/kosh/builder/models/models_gen.go:1214.33,1216.21 2 0
github.com/Kush-Singh-26/kosh/builder/models/models_gen.go:1216.21,1219.8 2 0
github.com/Kush-Singh-26/kosh/builder/models/models_gen.go:1221.6,1221.29 1 0
github.com/Kush-Singh-26/kosh/builder/models/models_gen.go:1223.5,1223.32 1 0
github.com/Kush-Singh-26/kosh/builder/models/models_gen.go:1225.18,1228.18 3 1
github.com/Kush-Singh-26/kosh/builder/models/models_gen.go:1228.18,1231.5 2 0
github.com/Kush-Singh-26/kosh/builder/models/models_gen.go:1232.4,1232.24 1 1
github.com/Kush-Singh-26/kosh/builder/models/models_gen.go:1232.24,1234.5 1 1
github.com/Kush-Singh-26/kosh/builder/models/models_gen.go:1234.10,1234.33 1 0
github.com/Kush-Singh-26/kosh/builder/models/models_gen.go:1234.33,1236.5 1 0
github.com/Kush-Singh-26/kosh/builder/models/models_gen.go:1237.4,1237.19 1 1
github.com/Kush-Singh-26/kosh/builder/models/models_gen.go:1237.19,1241.19 4 0
github.com/Kush-Singh-26/kosh/builder/models/models_gen.go:1241.19,1244.6 2 0
github.com/Kush-Singh-26/kosh/builder/models/models_gen.go:1245.5,1248.19 4 0
github.com/Kush-Singh-26/kosh/builder/models/models_gen.go:1248.19,1251.6 2 0
github.com/Kush-Singh-26/kosh/builder/models/models_gen.go:1252.5,1252.22 1 0
github.com/Kush-Singh-26/kosh/builder/models/models_gen.go:1252.22,1254.6 1 0
github.com/Kush-Singh-26/kosh/builder/models/models_gen.go:1254.11,1254.31 1 0
github.com/Kush-Singh-26/kosh/builder/models/models_gen.go:1254.31,1256.6 1 0
github.com/Kush-Singh-26/kosh/builder/models/models_gen.go:1257.5,1257.20 1 0
github.com/Kush-Singh-26/kosh/builder/models/models_gen.go:1257.20,1261.20 4 0
github.com/Kush-Singh-26/kosh/builder/models/models_gen.go:1261.20,1264.7 2 0
github.com/Kush-Singh-26/kosh/builder/models/models_gen.go:1265.6,1268.20 4 0
github.com/Kush-Singh-26/kosh/builder/models/models_gen.go:1268.20,1271.7 2 0
github.com/Kush-Singh-26/kosh/builder/models/models_gen.go:1272.6,1272.36 1 0
github.com/Kush-Singh-26/kosh/builder/models/models_gen.go:1272.36,1274.7 1 0
github.com/Kush-Singh-26/kosh/builder/models/models_gen.go:1274.12,1276.7 1 0
github.com/Kush-Singh-26/kosh/builder/models/models_gen.go:1277.6,1277.33 1 0
github.com/Kush-Singh-26/kosh/builder/models/models_gen.go:1277.33,1279.21 2 0
github.com/Kush-Singh-26/kosh/builder/models/models_gen.go:1279.21,1282.8 2 0
github.com/Kush-Singh-26/kosh/builder/models/models_gen.go:1284.6,1284.29 1 0
github.com/Kush-Singh-26/kosh/builder/models/models_gen.go:1286.5,1286.31 1 0
github.com/Kush-Singh-26/kosh/builder/models/models_gen.go:1288.11,1290.18 2 0
github.com/Kush-Singh-26/kosh/builder/models/models_gen.go:1290.18,1293.5 2 0
github.com/Kush-Singh-26/kosh/builder/models/models_gen.go:1296.2,1296.8 1 1
github.com/Kush-Singh-26/kosh/builder/models/models_gen.go:1300.62,1304.16 2 1
github.com/Kush-Singh-26/kosh/builder/models/models_gen.go:1304.16,1306.3 1 0
github.com/Kush-Singh-26/kosh/builder/models/models_gen.go:1307.2,1308.16 2 1
github.com/Kush-Singh-26/kosh/builder/models/models_gen.go:1308.16,1311.3 2 0
github.com/Kush-Singh-26/kosh/builder/models/models_gen.go:1313.2,1314.16 2 1
github.com/Kush-Singh-26/kosh/builder/models/models_gen.go:1314.16,1316.3 1 0
github.com/Kush-Singh-26/kosh/builder/models/models_gen.go:1317.2,1318.16 2 1
github.com/Kush-Singh-26/kosh/builder/models/models_gen.go:1318.16,1321.3 2 0
github.com/Kush-Singh-26/kosh/builder/models/models_gen.go:1322.2,1322.38 1 1
github.com/Kush-Singh-26/kosh/builder/models/models_gen.go:1322.38,1324.17 2 0
github.com/Kush-Singh-26/kosh/builder/models/models_gen.go:1324.17,1327.4 2 0
github.com/Kush-Singh-26/kosh/builder/models/models_gen.go:1328.3,1329.17 2 0
github.com/Kush-Singh-26/kosh/builder/models/models_gen.go:1329.17,1332.4 2 0
github.com/Kush-Singh-26/kosh/builder/models/models_gen.go:1335.2,1336.16 2 1
github.com/Kush-Singh-26/kosh/builder/models/models_gen.go:1336.16,1338.3 1 0
github.com/Kush-Singh-26/kosh/builder/models/models_gen.go:1339.2,1340.16 2 1
github.com/Kush-Singh-26/kosh/builder/models/models_gen.go:1340.16,1343.3 2 0
github.com/Kush-Singh-26/kosh/builder/models/models_gen.go:1344.2,1344.40 1 1
github.com/Kush-Singh-26/kosh/builder/models/models_gen.go:1344.40,1346.17 2 0
github.com/Kush-Singh-26/kosh/builder/models/models_gen.go:1346.17,1349.4 2 0
github.com/Kush-Singh-26/kosh/builder/models/models_gen.go:1350.3,1351.17 2 0
github.com/Kush-Singh-26/kosh/builder/models/models_gen.go:1351.17,1354.4 2 0
github.com/Kush-Singh-26/kosh/builder/models/models_gen.go:1357.2,1358.16 2 1
github.com/Kush-Singh-26/kosh/builder/models/models_gen.go:1358.16,1360.3 1 0
github.com/Kush-Singh-26/kosh/builder/models/models_gen.go:1361.2,1362.16 2 1
github.com/Kush-Singh-26/kosh/builder/models/models_gen.go:1362.16,1365.3 2 0
github.com/Kush-Singh-26/kosh/builder/models/models_gen.go:1367.2,1368.16 2 1
github.com/Kush-Singh-26/kosh/builder/models/models_gen.go:1368.16,1370.3 1 0
github.com/Kush-Singh-26/kosh/builder/models/models_gen.go:1371.2,1372.16 2 1
github.com/Kush-Singh-26/kosh/builder/models/models_gen.go:1372.16,1375.3 2 0
github.com/Kush-Singh-26/kosh/builder/models/models_gen.go:1377.2,1378.16 2 1
github.com/Kush-Singh-26/kosh/builder/models/models_gen.go:1378.16,1380.3 1 0
github.com/Kush-Singh-26/kosh/builder/models/models_gen.go:1381.2,1382.16 2 1
github.com/Kush-Singh-26/kosh/builder/models/models_gen.go:1382.16,1385.3 2 0
github.com/Kush-Singh-26/kosh/builder/models/models_gen.go:1386.2,1386.40 1 1
github.com/Kush-Singh-26/kosh/builder/models/models_gen.go:1386.40,1388.17 2 0
github.com/Kush-Singh-26/kosh/builder/models/models_gen.go:1388.17,1391.4 2 0
github.com/Kush-Singh-26/kosh/builder/models/models_gen.go:1392.3,1393.17 2 0
github.com/Kush-Singh-26/kosh/builder/models/models_gen.go:1393.17,1396.4 2 0
github.com/Kush-Singh-26/kosh/builder/models/models_gen.go:1397.3,1397.30 1 0
github.com/Kush-Singh-26/kosh/builder/models/models_gen.go:1397.30,1399.18 2 0
github.com/Kush-Singh-26/kosh/builder/models/models_gen.go:1399.18,1402.5 2 0
github.com/Kush-Singh-26/kosh/builder/models/models_gen.go:1406.2,1407.16 2 1
github.com/Kush-Singh-26/kosh/builder/models/models_gen.go:1407.16,1409.3 1 0
github.com/Kush-Singh-26/kosh/builder/models/models_gen.go:1410.2,1411.16 2 1
github.com/Kush-Singh-26/kosh/builder/models/models_gen.go:1411.16,1414.3 2 0
github.com/Kush-Singh-26/kosh/builder/models/models_gen.go:1415.2,1415.43 1 1
github.com/Kush-Singh-26/kosh/builder/models/models_gen.go:1415.43,1417.17 2 0
github.com/Kush-Singh-26/kosh/builder/models/models_gen.go:1417.17,1420.4 2 0
github.com/Kush-Singh-26/kosh/builder/models/models_gen.go:1421.3,1422.17 2 0
github.com/Kush-Singh-26/kosh/builder/models/models_gen.go:1422.17,1425.4 2 0
github.com/Kush-Singh-26/kosh/builder/models/models_gen.go:1426.3,1426.30 1 0
github.com/Kush-Singh-26/kosh/builder/models/models_gen.go:1426.30,1428.18 2 0
github.com/Kush-Singh-26/kosh/builder/models/models_gen.go:1428.18,1431.5 2 0
github.com/Kush-Singh-26/kosh/builder/models/models_gen.go:1435.2,1436.16 2 1
github.com/Kush-Singh-26/kosh/builder/models/models_gen.go:1436.16,1438.3 1 0
github.com/Kush-Singh-26/kosh/builder/models/models_gen.go:1439.2,1440.16 2 1
github.com/Kush-Singh-26/kosh/builder/models/models_gen.go:1440.16,1443.3 2 0
github.com/Kush-Singh-26/kosh/builder/models/models_gen.go:1444.2,1444.41 1 1
github.com/Kush-Singh-26/kosh/builder/models/models_gen.go:1444.41,1446.17 2 0
github.com/Kush-Singh-26/kosh/builder/models/models_gen.go:1446.17,1449.4 2 0
github.com/Kush-Singh-26/kosh/builder/models/models_gen.go:1450.3,1451.17 2 0
github.com/Kush-Singh-26/kosh/builder/models/models_gen.go:1451.17,1454.4 2 0
github.com/Kush-Singh-26/kosh/builder/models/models_gen.go:1455.3,1455.38 1 0
github.com/Kush-Singh-26/kosh/builder/models/models_gen.go:1455.38,1457.18 2 0
github.com/Kush-Singh-26/kosh/builder/models/models_gen.go:1457.18,1460.5 2 0
github.com/Kush-Singh-26/kosh/builder/models/models_gen.go:1461.4,1462.18 2 0
github.com/Kush-Singh-26/kosh/builder/models/models_gen.go:1462.18,1465.5 2 0
github.com/Kush-Singh-26/kosh/builder/models/models_gen.go:1466.4,1466.31 1 0
github.com/Kush-Singh-26/kosh/builder/models/models_gen.go:1466.31,1468.19 2 0
github.com/Kush-Singh-26/kosh/builder/models/models_gen.go:1468.19,1471.6 2 0
github.com/Kush-Singh-26/kosh/builder/models/models_gen.go:1476.2,1477.16 2 1
github.com/Kush-Singh-26/kosh/builder/models/models_gen.go:1477.16,1479.3 1 0
github.com/Kush-Singh-26/kosh/builder/models/models_gen.go:1480.2,1481.16 2 1
github.com/Kush-Singh-26/kosh/builder/models/models_gen.go:1481.16,1484.3 2 0
github.com/Kush-Singh-26/kosh/builder/models/models_gen.go:1485.2,1485.40 1 1
github.com/Kush-Singh-26/kosh/builder/models/models_gen.go:1485.40,1487.17 2 0
github.com/Kush-Singh-26/kosh/builder/models/models_gen.go:1487.17,1490.4 2 0
github.com/Kush-Singh-26/kosh/builder/models/models_gen.go:1491.3,1492.17 2 0
github.com/Kush-Singh-26/kosh/builder/models/models_gen.go:1492.17,1495.4 2 0
github.com/Kush-Singh-26/kosh/builder/models/models_gen.go:1496.3,1496.38 1 0
github.com/Kush-Singh-26/kosh/builder/models/models_gen.go:1496.38,1498.18 2 0
github.com/Kush-Singh-26/kosh/builder/models/models_gen.go:1498.18,1501.5 2 0
github.com/Kush-Singh-26/kosh/builder/models/models_gen.go:1502.4,1503.18 2 0
github.com/Kush-Singh-26/kosh/builder/models/models_gen.go:1503.18,1506.5 2 0
github.com/Kush-Singh-26/kosh/builder/models/models_gen.go:1507.4,1507.31 1 0
github.com/Kush-Singh-26/kosh/builder/models/models_gen.go:1507.31,1509.19 2 0
github.com/Kush-Singh-26/kosh/builder/models/models_gen.go:1509.19,1512.6 2 0
github.com/Kush-Singh-26/kosh/builder/models/models_gen.go:1516.2,1516.8 1 1
github.com/Kush-Singh-26/kosh/builder/models/models_gen.go:1520.66,1529.38 6 1
github.com/Kush-Singh-26/kosh/builder/models/models_gen.go:1529.38,1532.17 3 0
github.com/Kush-Singh-26/kosh/builder/models/models_gen.go:1532.17,1535.4 2 0
github.com/Kush-Singh-26/kosh/builder/models/models_gen.go:1538.2,1540.40 3 1
github.com/Kush-Singh-26/kosh/builder/models/models_gen.go:1540.40,1543.3 2 0
github.com/Kush-Singh-26/kosh/builder/models/models_gen.go:1545.2,1553.40 7 1
github.com/Kush-Singh-26/kosh/builder/models/models_gen.go:1553.40,1556.30 3 0
github.com/Kush-Singh-26/kosh/builder/models/models_gen.go:1556.30,1558.4 1 0
github.com/Kush-Singh-26/kosh/builder/models/models_gen.go:1561.2,1563.43 3 1
github.com/Kush-Singh-26/kosh/builder/models/models_gen.go:1563.43,1566.30 3 0
github.com/Kush-Singh-26/kosh/builder/models/models_gen.go:1566.30,1568.4 1 0
github.com/Kush-Singh-26/kosh/builder/models/models_gen.go:1571.2,1573.41 3 1
github.com/Kush-Singh-26/kosh/builder/models/models_gen.go:1573.41,1576.38 3 0
github.com/Kush-Singh-26/kosh/builder/models/models_gen.go:1576.38,1579.31 3 0
github.com/Kush-Singh-26/kosh/builder/models/models_gen.go:1579.31,1581.5 1 0
github.com/Kush-Singh-26/kosh/builder/models/models_gen.go:1585.2,1587.40 3 1
github.com/Kush-Singh-26/kosh/builder/models/models_gen.go:1587.40,1590.38 3 0
github.com/Kush-Singh-26/kosh/builder/models/models_gen.go:1590.38,1593.31 3 0
github.com/Kush-Singh-26/kosh/builder/models/models_gen.go:1593.31,1595.5 1 0
github.com/Kush-Singh-26/kosh/builder/models/models_gen.go:1598.2,1598.8 1 1
github.com/Kush-Singh-26/kosh/builder/models/models_gen.go:1602.70,1607.16 5 1
github.com/Kush-Singh-26/kosh/builder/models/models_gen.go:1607.16,1610.3 2 0
github.com/Kush-Singh-26/kosh/builder/models/models_gen.go:1611.2,1611.17 1 1
github.com/Kush-Singh-26/kosh/builder/models/models_gen.go:1611.17,1614.17 3 1
github.com/Kush-Singh-26/kosh/builder/models/models_gen.go:1614.17,1617.4 2 0
github.com/Kush-Singh-26/kosh/builder/models/models_gen.go:1618.3,1618.35 1 1
github.com/Kush-Singh-26/kosh/builder/models/models_gen.go:1619.24,1621.18 2 1
github.com/Kush-Singh-26/kosh/builder/models/models_gen.go:1621.18,1624.5 2 0
github.com/Kush-Singh-26/kosh/builder/models/models_gen.go:1625.16,1628.18 3 1
github.com/Kush-Singh-26/kosh/builder/models/models_gen.go:1628.18,1631.5 2 0
github.com/Kush-Singh-26/kosh/builder/models/models_gen.go:1632.4,1632.22 1 1
github.com/Kush-Singh-26/kosh/builder/models/models_gen.go:1632.22,1634.5 1 1
github.com/Kush-Singh-26/kosh/builder/models/models_gen.go:1634.10,1634.31 1 0
github.com/Kush-Singh-26/kosh/builder/models/models_gen.go:1634.31,1636.5 1 0
github.com/Kush-Singh-26/kosh/builder/models/models_gen.go:1637.4,1637.19 1 1
github.com/Kush-Singh-26/kosh/builder/models/models_gen.go:1637.19,1642.19 5 0
github.com/Kush-Singh-26/kosh/builder/models/models_gen.go:1642.19,1645.6 2 0
github.com/Kush-Singh-26/kosh/builder/models/models_gen.go:1646.5,1647.19 2 0
github.com/Kush-Singh-26/kosh/builder/models/models_gen.go:1647.19,1650.6 2 0
github.com/Kush-Singh-26/kosh/builder/models/models_gen.go:1651.5,1651.29 1 0
github.com/Kush-Singh-26/kosh/builder/models/models_gen.go:1653.18,1656.18 3 1
github.com/Kush-Singh-26/kosh/builder/models/models_gen.go:1656.18,1659.5 2 0
github.com/Kush-Singh-26/kosh/builder/models/models_gen.go:1660.4,1660.24 1 1
github.com/Kush-Singh-26/kosh/builder/models/models_gen.go:1660.24,1662.5 1 1
github.com/Kush-Singh-26/kosh/builder/models/models_gen.go:1662.10,1662.33 1 0
github.com/Kush-Singh-26/kosh/builder/models/models_gen.go:1662.33,1664.5 1 0
github.com/Kush-Singh-26/kosh/builder/models/models_gen.go:1665.4,1665.19 1 1
github.com/Kush-Singh-26/kosh/builder/models/models_gen.go:1665.19,1670.19 5 0
github.com/Kush-Singh-26/kosh/builder/models/models_gen.go:1670.19,1673.6 2 0
github.com/Kush-Singh-26/kosh/builder/models/models_gen.go:1674.5,1675.19 2 0
github.com/Kush-Singh-26/kosh/builder/models/models_gen.go:1675.19,1678.6 2 0
github.com/Kush-Singh-26/kosh/builder/models/models_gen.go:1679.5,1679.31 1 0
github.com/Kush-Singh-26/kosh/builder/models/models_gen.go:1681.20,1683.18 2 1
github.com/Kush-Singh-26/kosh/builder/models/models_gen.go:1683.18,1686.5 2 0
github.com/Kush-Singh-26/kosh/builder/models/models_gen.go:1687.20,1689.18 2 1
github.com/Kush-Singh-26/kosh/builder/models/models_gen.go:1689.18,1692.5 2 0
github.com/Kush-Singh-26/kosh/builder/models/models_gen.go:1693.18,1696.18 3 1
github.com/Kush-Singh-26/kosh/builder/models/models_gen.go:1696.18,1699.5 2 0
github.com/Kush-Singh-26/kosh/builder/models/models_gen.go:1700.4,1700.24 1 1
github.com/Kush-Singh-26/kosh/builder/models/models_gen.go:1700.24,1702.5 1 1
github.com/Kush-Singh-26/kosh/builder/models/models_gen.go:1702.10,1702.33 1 0
github.com/Kush-Singh-26/kosh/builder/models/models_gen.go:1702.33,1704.5 1 0
github.com/Kush-Singh-26/kosh/builder/models/models_gen.go:1705.4,1705.19 1 1
github.com/Kush-Singh-26/kosh/builder/models/models_gen.go:1705.19,1710.19 5 0
github.com/Kush-Singh-26/kosh/builder/models/models_gen.go:1710.19,1713.6 2 0
github.com/Kush-Singh-26/kosh/builder/models/models_gen.go:1714.5,1716.19 3 0
github.com/Kush-Singh-26/kosh/builder/models/models_gen.go:1716.19,1719.6 2 0
github.com/Kush-Singh-26/kosh/builder/models/models_gen.go:1720.5,1720.35 1 0
github.com/Kush-Singh-26/kosh/builder/models/models_gen.go:1720.35,1722.6 1 0
github.com/Kush-Singh-26/kosh/builder/models/models_gen.go:1722.11,1724.6 1 0
github.com/Kush-Singh-26/kosh/builder/models/models_gen.go:1725.5,1725.32 1 0
github.com/Kush-Singh-26/kosh/builder/models/models_gen.go:1725.32,1727.20 2 0
github.com/Kush-Singh-26/kosh/builder/models/models_gen.go:1727.20,1730.7 2 0
github.com/Kush-Singh-26/kosh/builder/models/models_gen.go:1732.5,1732.31 1 0
github.com/Kush-Singh-26/kosh/builder/models/models_gen.go:1734.21,1737.18 3 1
github.com/Kush-Singh-26/kosh/builder/models/models_gen.go:1737.18,1740.5 2 0
github.com/Kush-Singh-26/kosh/builder/models/models_gen.go:1741.4,1741.27 1 1
github.com/Kush-Singh-26/kosh/builder/models/models_gen.go:1741.27,1743.5 1 1
github.com/Kush-Singh-26/kosh/builder/models/models_gen.go:1743.10,1743.36 1 0
github.com/Kush-Singh-26/kosh/builder/models/models_gen.go:1743.36,1745.5 1 0
github.com/Kush-Singh-26/kosh/builder/models/models_gen.go:1746.4,1746.19 1 1
github.com/Kush-Singh-26/kosh/builder/models/models_gen.go:1746.19,1751.19 5 0
github.com/Kush-Singh-26/kosh/builder/models/models_gen.go:1751.19,1754.6 2 0
github.com/Kush-Singh-26/kosh/builder/models/models_gen.go:1755.5,1757.19 3 0
github.com/Kush-Singh-26/kosh/builder/models/models_gen.go:1757.19,1760.6 2 0
github.com/Kush-Singh-26/kosh/builder/models/models_gen.go:1761.5,1761.35 1 0
github.com/Kush-Singh-26/kosh/builder/models/models_gen.go:1761.35,1763.6 1 0
github.com/Kush-Singh-26/kosh/builder/models/models_gen.go:1763.11,1765.6 1 0
github.com/Kush-Singh-26/kosh/builder/models/models_gen.go:1766.5,1766.32 1 0
github.com/Kush-Singh-26/kosh/builder/models/models_gen.go:1766.32,1768.20 2 0
github.com/Kush-Singh-26/kosh/builder/models/models_gen.go:1768.20,1771.7 2 0
github.com/Kush-Singh-26/kosh/builder/models/models_gen.go:1773.5,1773.34 1 0
github.com/Kush-Singh-26/kosh/builder/models/models_gen.go:1775.19,1778.18 3 1
github.com/Kush-Singh-26/kosh/builder/models/models_gen.go:1778.18,1781.5 2 0
github.com/Kush-Singh-26/kosh/builder/models/models_gen.go:1782.4,1782.25 1 1
github.com/Kush-Singh-26/kosh/builder/models/models_gen.go:1782.25,1784.5 1 1
github.com/Kush-Singh-26/kosh/builder/models/models_gen.go:1784.10,1784.34 1 0
github.com/Kush-Singh-26/kosh/builder/models/models_gen.go:1784.34,1786.5 1 0
github.com/Kush-Singh-26/kosh/builder/models/models_gen.go:1787.4,1787.19 1 1
github.com/Kush-Singh-26/kosh/builder/models/models_gen.go:1787.19,1792.19 5 0
github.com/Kush-Singh-26/kosh/builder/models/models_gen.go:1792.19,1795.6 2 0
github.com/Kush-Singh-26/kosh/builder/models/models_gen.go:1796.5,1798.19 3 0
github.com/Kush-Singh-26/kosh/builder/models/models_gen.go:1798.19,1801.6 2 0
github.com/Kush-Singh-26/kosh/builder/models/models_gen.go:1802.5,1802.22 1 0
github.com/Kush-Singh-26/kosh/builder/models/models_gen.go:1802.22,1804.6 1 0
github.com/Kush-Singh-26/kosh/builder/models/models_gen.go:1804.11,1804.31 1 0
github.com/Kush-Singh-26/kosh/builder/models/models_gen.go:1804.31,1806.6 1 0
github.com/Kush-Singh-26/kosh/builder/models/models_gen.go:1807.5,1807.20 1 0
github.com/Kush-Singh-26/kosh/builder/models/models_gen.go:1807.20,1812.20 5 0
github.com/Kush-Singh-26/kosh/builder/models/models_gen.go:1812.20,1815.7 2 0
github.com/Kush-Singh-26/kosh/builder/models/models_gen.go:1816.6,1818.20 3 0
github.com/Kush-Singh-26/kosh/builder/models/models_gen.go:1818.20,1821.7 2 0
github.com/Kush-Singh-26/kosh/builder/models/models_gen.go:1822.6,1822.36 1 0
github.com/Kush-Singh-26/kosh/builder/models/models_gen.go:1822.36,1824.7 1 0
github.com/Kush-Singh-26/kosh/builder/models/models_gen.go:1824.12,1826.7 1 0
github.com/Kush-Singh-26/kosh/builder/models/models_gen.go:1827.6,1827.33 1 0
github.com/Kush-Singh-26/kosh/builder/models/models_gen.go:1827.33,1829.21 2 0
github.com/Kush-Singh-26/kosh/builder/models/models_gen.go:1829.21,1832.8 2 0
github.com/Kush-Singh-26/kosh/builder/models/models_gen.go:1834.6,1834.29 1 0
github.com/Kush-Singh-26/kosh/builder/models/models_gen.go:1836.5,1836.32 1 0
github.com/Kush-Singh-26/kosh/builder/models/models_gen.go:1838.18,1841.18 3 1
github.com/Kush-Singh-26/kosh/builder/models/models_gen.go:1841.18,1844.5 2 0
github.com/Kush-Singh-26/kosh/builder/models/models_gen.go:1845.4,1845.24 1 1
github.com/Kush-Singh-26/kosh/builder/models/models_gen.go:1845.24,1847.5 1 1
github.com/Kush-Singh-26/kosh/builder/models/models_gen.go:1847.10,1847.33 1 0
github.com/Kush-Singh-26/kosh/builder/models/models_gen.go:1847.33,1849.5 1 0
github.com/Kush-Singh-26/kosh/builder/models/models_gen.go:1850.4,1850.19 1 1
github.com/Kush-Singh-26/kosh/builder/models/models_gen.go:1850.19,1855.19 5 0
github.com/Kush-Singh-26/kosh/builder/models/models_gen.go:1855.19,1858.6 2 0
github.com/Kush-Singh-26/kosh/builder/models/models_gen.go:1859.5,1861.19 3 0
github.com/Kush-Singh-26/kosh/builder/models/models_gen.go:1861.19,1864.6 2 0
github.com/Kush-Singh-26/kosh/builder/models/models_gen.go:1865.5,1865.22 1 0
github.com/Kush-Singh-26/kosh/builder/models/models_gen.go:1865.22,1867.6 1 0
github.com/Kush-Singh-26/kosh/builder/models/models_gen.go:1867.11,1867.31 1 0
github.com/Kush-Singh-26/kosh/builder/models/models_gen.go:1867.31,1869.6 1 0
github.com/Kush-Singh-26/kosh/builder/models/models_gen.go:1870.5,1870.20 1 0
github.com/Kush-Singh-26/kosh/builder/models/models_gen.go:1870.20,1875.20 5 0
github.com/Kush-Singh-26/kosh/builder/models/models_gen.go:1875.20,1878.7 2 0
github.com/Kush-Singh-26/kosh/builder/models/models_gen.go:1879.6,1881.20 3 0
github.com/Kush-Singh-26/kosh/builder/models/models_gen.go:1881.20,1884.7 2 0
github.com/Kush-Singh-26/kosh/builder/models/models_gen.go:1885.6,1885.36 1 0
github.com/Kush-Singh-26/kosh/builder/models/models_gen.go:1885.36,1887.7 1 0
github.com/Kush-Singh-26/kosh/builder/models/models_gen.go:1887.12,1889.7 1 0
github.com/Kush-Singh-26/kosh/builder/models/models_gen.go:1890.6,1890.33 1 0
github.com/Kush-Singh-26/kosh/builder/models/models_gen.go:1890.33,1892.21 2 0
github.com/Kush-Singh-26/kosh/builder/models/models_gen.go:1892.21,1895.8 2 0
github.com/Kush-Singh-26/kosh/builder/models/models_gen.go:1897.6,1897.29 1 0
github.com/Kush-Singh-26/kosh/builder/models/models_gen.go:1899.5,1899.31 1 0
github.com/Kush-Singh-26/kosh/builder/models/models_gen.go:1901.11,1903.18 2 0
github.com/Kush-Singh-26/kosh/builder/models/models_gen.go:1903.18,1906.5 2 0
github.com/Kush-Singh-26/kosh/builder/models/models_gen.go:1909.2,1910.8 2 1
github.com/Kush-Singh-26/kosh/builder/models/models_gen.go:1914.41,1916.20 2 1
github.com/Kush-Singh-26/kosh/builder/models/models_gen.go:1916.20,1917.39 1 0
github.com/Kush-Singh-26/kosh/builder/models/models_gen.go:1917.39,1920.4 2 0
github.com/Kush-Singh-26/kosh/builder/models/models_gen.go:1922.2,1923.22 2 1
github.com/Kush-Singh-26/kosh/builder/models/models_gen.go:1923.22,1924.41 1 0
github.com/Kush-Singh-26/kosh/builder/models/models_gen.go:1924.41,1927.4 2 0
github.com/Kush-Singh-26/kosh/builder/models/models_gen.go:1929.2,1930.22 2 1
github.com/Kush-Singh-26/kosh/builder/models/models_gen.go:1930.22,1931.41 1 0
github.com/Kush-Singh-26/kosh/builder/models/models_gen.go:1931.41,1934.31 3 0
github.com/Kush-Singh-26/kosh/builder/models/models_gen.go:1934.31,1936.5 1 0
github.com/Kush-Singh-26/kosh/builder/models/models_gen.go:1939.2,1940.25 2 1
github.com/Kush-Singh-26/kosh/builder/models/models_gen.go:1940.25,1941.44 1 0
github.com/Kush-Singh-26/kosh/builder/models/models_gen.go:1941.44,1944.31 3 0
github.com/Kush-Singh-26/kosh/builder/models/models_gen.go:1944.31,1946.5 1 0
github.com/Kush-Singh-26/kosh/builder/models/models_gen.go:1949.2,1950.23 2 1
github.com/Kush-Singh-26/kosh/builder/models/models_gen.go:1950.23,1951.42 1 0
github.com/Kush-Singh-26/kosh/builder/models/models_gen.go:1951.42,1954.21 3 0
github.com/Kush-Singh-26/kosh/builder/models/models_gen.go:1954.21,1955.40 1 0
github.com/Kush-Singh-26/kosh/builder/models/models_gen.go:1955.40,1958.6 2 0
github.com/Kush-Singh-26/kosh/builder/models/models_gen.go:1962.2,1963.22 2 1
github.com/Kush-Singh-26/kosh/builder/models/models_gen.go:1963.22,1964.41 1 0
github.com/Kush-Singh-26/kosh/builder/models/models_gen.go:1964.41,1967.21 3 0
github.com/Kush-Singh-26/kosh/builder/models/models_gen.go:1967.21,1968.40 1 0
github.com/Kush-Singh-26/kosh/builder/models/models_gen.go:1968.40,1971.6 2 0
github.com/Kush-Singh-26/kosh/builder/models/models_gen.go:1975.2,1975.8 1 1
github.com/Kush-Singh-26/kosh/builder/models/models_gen.go:1979.59,1984.16 5 1
github.com/Kush-Singh-26/kosh/builder/models/models_gen.go:1984.16,1987.3 2 0
github.com/Kush-Singh-26/kosh/builder/models/models_gen.go:1988.2,1988.17 1 1
github.com/Kush-Singh-26/kosh/builder/models/models_gen.go:1988.17,1991.17 3 1
github.com/Kush-Singh-26/kosh/builder/models/models_gen.go:1991.17,1994.4 2 0
github.com/Kush-Singh-26/kosh/builder/models/models_gen.go:1995.3,1995.35 1 1
github.com/Kush-Singh-26/kosh/builder/models/models_gen.go:1996.13,1998.18 2 1
github.com/Kush-Singh-26/kosh/builder/models/models_gen.go:1998.18,2001.5 2 0
github.com/Kush-Singh-26/kosh/builder/models/models_gen.go:2002.15,2004.18 2 1
github.com/Kush-Singh-26/kosh/builder/models/models_gen.go:2004.18,2007.5 2 0
github.com/Kush-Singh-26/kosh/builder/models/models_gen.go:2008.16,2010.18 2 1
github.com/Kush-Singh-26/kosh/builder/models/models_gen.go:2010.18,2013.5 2 0
github.com/Kush-Singh-26/kosh/builder/models/models_gen.go:2014.11,2016.18 2 0
github.com/Kush-Singh-26/kosh/builder/models/models_gen.go:2016.18,2019.5 2 0
github.com/Kush-Singh-26/kosh/builder/models/models_gen.go:2022.2,2022.8 1 1
github.com/Kush-Singh-26/kosh/builder/models/models_gen.go:2026.58,2030.16 2 1
github.com/Kush-Singh-26/kosh/builder/models/models_gen.go:2030.16,2032.3 1 0
github.com/Kush-Singh-26/kosh/builder/models/models_gen.go:2033.2,2034.16 2 1
github.com/Kush-Singh-26/kosh/builder/models/models_gen.go:2034.16,2037.3 2 0
github.com/Kush-Singh-26/kosh/builder/models/models_gen.go:2039.2,2040.16 2 1
github.com/Kush-Singh-26/kosh/builder/models/models_gen.go:2040.16,2042.3 1 0
github.com/Kush-Singh-26/kosh/builder/models/models_gen.go:2043.2,2044.16 2 1
github.com/Kush-Singh-26/kosh/builder/models/models_gen.go:2044.16,2047.3 2 0
github.com/Kush-Singh-26/kosh/builder/models/models_gen.go:2049.2,2050.16 2 1
github.com/Kush-Singh-26/kosh/builder/models/models_gen.go:2050.16,2052.3 1 0
github.com/Kush-Singh-26/kosh/builder/models/models_gen.go:2053.2,2054.16 2 1
github.com/Kush-Singh-26/kosh/builder/models/models_gen.go:2054.16,2057.3 2 0
github.com/Kush-Singh-26/kosh/builder/models/models_gen.go:2058.2,2058.8 1 1
github.com/Kush-Singh-26/kosh/builder/models/models_gen.go:2062.62,2075.2 8 1
github.com/Kush-Singh-26/kosh/builder/models/models_gen.go:2078.67,2083.16 5 1
github.com/Kush-Singh-26/kosh/builder/models/models_gen.go:2083.16,2086.3 2 0
github.com/Kush-Singh-26/kosh/builder/models/models_gen.go:2087.2,2087.17 1 1
github.com/Kush-Singh-26/kosh/builder/models/models_gen.go:2087.17,2090.17 3 1
github.com/Kush-Singh-26/kosh/builder/models/models_gen.go:2090.17,2093.4 2 0
github.com/Kush-Singh-26/kosh/builder/models/models_gen.go:2094.3,2094.35 1 1
github.com/Kush-Singh-26/kosh/builder/models/models_gen.go:2095.13,2097.18 2 1
github.com/Kush-Singh-26/kosh/builder/models/models_gen.go:2097.18,2100.5 2 0
github.com/Kush-Singh-26/kosh/builder/models/models_gen.go:2101.15,2103.18 2 1
github.com/Kush-Singh-26/kosh/builder/models/models_gen.go:2103.18,2106.5 2 0
github.com/Kush-Singh-26/kosh/builder/models/models_gen.go:2107.16,2109.18 2 1
github.com/Kush-Singh-26/kosh/builder/models/models_gen.go:2109.18,2112.5 2 0
github.com/Kush-Singh-26/kosh/builder/models/models_gen.go:2113.11,2115.18 2 0
github.com/Kush-Singh-26/kosh/builder/models/models_gen.go:2115.18,2118.5 2 0
github.com/Kush-Singh-26/kosh/builder/models/models_gen.go:2121.2,2122.8 2 1
github.com/Kush-Singh-26/kosh/builder/models/models_gen.go:2126.37,2129.2 2 1
github.com/Kush-Singh-26/kosh/builder/renderer/native/d2.go:18.94,19.16 1 1
github.com/Kush-Singh-26/kosh/builder/renderer/native/d2.go:19.16,21.3 1 0
github.com/Kush-Singh-26/kosh/builder/renderer/native/d2.go:23.2,23.24 1 1
github.com/Kush-Singh-26/kosh/builder/renderer/native/d2.go:23.24,24.64 1 1
github.com/Kush-Singh-26/kosh/builder/renderer/native/d2.go:24.64,26.4 1 0
github.com/Kush-Singh-26/kosh/builder/renderer/native/d2.go:27.3,27.42 1 1
github.com/Kush-Singh-26/kosh/builder/renderer/native/d2.go:30.2,33.14 3 1
github.com/Kush-Singh-26/kosh/builder/renderer/native/d2.go:33.14,36.3 2 0
github.com/Kush-Singh-26/kosh/builder/renderer/native/d2.go:37.2,43.18 5 1
github.com/Kush-Singh-26/kosh/builder/renderer/native/d2.go:43.18,46.3 1 0
github.com/Kush-Singh-26/kosh/builder/renderer/native/d2.go:47.2,50.62 2 1
github.com/Kush-Singh-26/kosh/builder/renderer/native/d2.go:50.62,52.3 1 1
github.com/Kush-Singh-26/kosh/builder/renderer/native/d2.go:54.2,59.80 2 1
github.com/Kush-Singh-26/kosh/builder/renderer/native/d2.go:59.80,61.3 1 1
github.com/Kush-Singh-26/kosh/builder/renderer/native/d2.go:63.2,72.16 4 1
github.com/Kush-Singh-26/kosh/builder/renderer/native/d2.go:72.16,74.3 1 0
github.com/Kush-Singh-26/kosh/builder/renderer/native/d2.go:76.2,77.16 2 1
github.com/Kush-Singh-26/kosh/builder/renderer/native/d2.go:77.16,79.3 1 0
github.com/Kush-Singh-26/kosh/builder/renderer/native/d2.go:81.2,81.25 1 1
github.com/Kush-Singh-26/kosh/builder/renderer/native/math.go:17.116,18.27 1 0
github.com/Kush-Singh-26/kosh/builder/renderer/native/math.go:18.27,20.3 1 0
github.com/Kush-Singh-26/kosh/builder/renderer/native/math.go:22.2,22.16 1 0
github.com/Kush-Singh-26/kosh/builder/renderer/native/math.go:22.16,24.3 1 0
github.com/Kush-Singh-26/kosh/builder/renderer/native/math.go:26.2,31.32 4 0
github.com/Kush-Singh-26/kosh/builder/renderer/native/math.go:31.32,32.20 1 0
github.com/Kush-Singh-26/kosh/builder/renderer/native/math.go:32.20,35.4 2 0
github.com/Kush-Singh-26/kosh/builder/renderer/native/math.go:38.2,38.27 1 0
github.com/Kush-Singh-26/kosh/builder/renderer/native/math.go:38.27,40.3 1 0
github.com/Kush-Singh-26/kosh/builder/renderer/native/math.go:42.2,56.34 10 0
github.com/Kush-Singh-26/kosh/builder/renderer/native/math.go:56.34,58.32 2 0
github.com/Kush-Singh-26/kosh/builder/renderer/native/math.go:58.32,59.9 1 0
github.com/Kush-Singh-26/kosh/builder/renderer/native/math.go:61.3,64.35 3 0
github.com/Kush-Singh-26/kosh/builder/renderer/native/math.go:64.35,71.18 5 0
github.com/Kush-Singh-26/kosh/builder/renderer/native/math.go:71.18,72.25 1 0
github.com/Kush-Singh-26/kosh/builder/renderer/native/math.go:72.25,74.6 1 0
github.com/Kush-Singh-26/kosh/builder/renderer/native/math.go:75.5,75.11 1 0
github.com/Kush-Singh-26/kosh/builder/renderer/native/math.go:78.4,78.34 1 0
github.com/Kush-Singh-26/kosh/builder/renderer/native/math.go:78.34,80.5 1 0
github.com/Kush-Singh-26/kosh/builder/renderer/native/math.go:84.2,85.27 2 0
github.com/Kush-Singh-26/kosh/builder/renderer/native/math.go:89.100,90.16 1 1
github.com/Kush-Singh-26/kosh/builder/renderer/native/math.go:90.16,92.3 1 0
github.com/Kush-Singh-26/kosh/builder/renderer/native/math.go:94.2,94.24 1 1
github.com/Kush-Singh-26/kosh/builder/renderer/native/math.go:94.24,95.66 1 1
github.com/Kush-Singh-26/kosh/builder/renderer/native/math.go:95.66,97.4 1 0
github.com/Kush-Singh-26/kosh/builder/renderer/native/math.go:98.3,98.44 1 1
github.com/Kush-Singh-26/kosh/builder/renderer/native/math.go:101.2,104.14 3 1
github.com/Kush-Singh-26/kosh/builder/renderer/native/math.go:104.14,107.3 2 0
github.com/Kush-Singh-26/kosh/builder/renderer/native/math.go:108.2,115.15 5 1
github.com/Kush-Singh-26/kosh/builder/renderer/native/math.go:115.15,119.16 4 1
github.com/Kush-Singh-26/kosh/builder/renderer/native/math.go:119.16,121.4 1 1
github.com/Kush-Singh-26/kosh/builder/renderer/native/math.go:124.2,124.53 1 1
github.com/Kush-Singh-26/kosh/builder/renderer/native/math.go:124.53,126.3 1 0
github.com/Kush-Singh-26/kosh/builder/renderer/native/math.go:128.2,137.16 7 1
github.com/Kush-Singh-26/kosh/builder/renderer/native/math.go:137.16,139.3 1 0
github.com/Kush-Singh-26/kosh/builder/renderer/native/math.go:140.2,142.26 2 1
github.com/Kush-Singh-26/kosh/builder/renderer/native/math.go:153.105,154.27 1 1
github.com/Kush-Singh-26/kosh/builder/renderer/native/math.go:154.27,156.3 1 0
github.com/Kush-Singh-26/kosh/builder/renderer/native/math.go:158.2,158.16 1 1
github.com/Kush-Singh-26/kosh/builder/renderer/native/math.go:158.16,160.3 1 0
github.com/Kush-Singh-26/kosh/builder/renderer/native/math.go:162.2,162.24 1 1
github.com/Kush-Singh-26/kosh/builder/renderer/native/math.go:162.24,163.66 1 1
github.com/Kush-Singh-26/kosh/builder/renderer/native/math.go:163.66,165.4 1 0
github.com/Kush-Singh-26/kosh/builder/renderer/native/math.go:166.3,166.44 1 1
github.com/Kush-Singh-26/kosh/builder/renderer/native/math.go:169.2,172.14 3 1
github.com/Kush-Singh-26/kosh/builder/renderer/native/math.go:172.14,175.3 2 0
github.com/Kush-Singh-26/kosh/builder/renderer/native/math.go:176.2,183.15 5 1
github.com/Kush-Singh-26/kosh/builder/renderer/native/math.go:183.15,187.16 4 1
github.com/Kush-Singh-26/kosh/builder/renderer/native/math.go:187.16,189.4 1 1
github.com/Kush-Singh-26/kosh/builder/renderer/native/math.go:192.2,192.58 1 1
github.com/Kush-Singh-26/kosh/builder/renderer/native/math.go:192.58,194.3 1 0
github.com/Kush-Singh-26/kosh/builder/renderer/native/math.go:197.2,202.35 5 1
github.com/Kush-Singh-26/kosh/builder/renderer/native/math.go:202.35,208.23 5 1
github.com/Kush-Singh-26/kosh/builder/renderer/native/math.go:208.23,210.4 1 1
github.com/Kush-Singh-26/kosh/builder/renderer/native/math.go:211.3,213.16 3 1
github.com/Kush-Singh-26/kosh/builder/renderer/native/math.go:216.2,217.16 2 1
github.com/Kush-Singh-26/kosh/builder/renderer/native/math.go:217.16,219.3 1 0
github.com/Kush-Singh-26/kosh/builder/renderer/native/math.go:220.2,222.20 2 1
github.com/Kush-Singh-26/kosh/builder/renderer/native/math.go:222.20,224.3 1 0
github.com/Kush-Singh-26/kosh/builder/renderer/native/math.go:226.2,229.35 4 1
github.com/Kush-Singh-26/kosh/builder/renderer/native/math.go:229.35,233.3 3 1
github.com/Kush-Singh-26/kosh/builder/renderer/native/math.go:235.2,235.21 1 1
github.com/Kush-Singh-26/kosh/builder/renderer/native/math.go:240.137,241.27 1 1
github.com/Kush-Singh-26/kosh/builder/renderer/native/math.go:241.27,243.3 1 0
github.com/Kush-Singh-26/kosh/builder/renderer/native/math.go:245.2,245.16 1 1
github.com/Kush-Singh-26/kosh/builder/renderer/native/math.go:245.16,247.3 1 0
github.com/Kush-Singh-26/kosh/builder/renderer/native/math.go:249.2,256.35 5 1
github.com/Kush-Singh-26/kosh/builder/renderer/native/math.go:256.35,257.22 1 1
github.com/Kush-Singh-26/kosh/builder/renderer/native/math.go:257.22,258.12 1 0
github.com/Kush-Singh-26/kosh/builder/renderer/native/math.go:260.3,262.38 2 1
github.com/Kush-Singh-26/kosh/builder/renderer/native/math.go:262.38,264.4 1 1
github.com/Kush-Singh-26/kosh/builder/renderer/native/math.go:264.9,266.4 1 1
github.com/Kush-Singh-26/kosh/builder/renderer/native/math.go:269.2,269.24 1 1
github.com/Kush-Singh-26/kosh/builder/renderer/native/math.go:269.24,271.3 1 0
github.com/Kush-Singh-26/kosh/builder/renderer/native/math.go:274.2,282.32 4 1
github.com/Kush-Singh-26/kosh/builder/renderer/native/math.go:282.32,284.29 2 1
github.com/Kush-Singh-26/kosh/builder/renderer/native/math.go:284.29,287.62 2 1
github.com/Kush-Singh-26/kosh/builder/renderer/native/math.go:287.62,297.12 4 1
github.com/Kush-Singh-26/kosh/builder/renderer/native/math.go:298.23,299.27 1 0
github.com/Kush-Singh-26/kosh/builder/renderer/native/math.go:300.34,301.22 1 1
github.com/Kush-Singh-26/kosh/builder/renderer/native/math.go:302.33,303.21 1 0
github.com/Kush-Singh-26/kosh/builder/renderer/native/math.go:307.4,307.18 1 1
github.com/Kush-Singh-26/kosh/builder/renderer/native/math.go:307.18,309.5 1 0
github.com/Kush-Singh-26/kosh/builder/renderer/native/math.go:309.10,311.5 1 1
github.com/Kush-Singh-26/kosh/builder/renderer/native/math.go:316.2,316.12 1 1
github.com/Kush-Singh-26/kosh/builder/renderer/native/math.go:316.12,319.3 2 1
github.com/Kush-Singh-26/kosh/builder/renderer/native/math.go:321.2,322.27 2 1
github.com/Kush-Singh-26/kosh/builder/renderer/native/math.go:322.27,323.21 1 1
github.com/Kush-Singh-26/kosh/builder/renderer/native/math.go:323.21,324.23 1 0
github.com/Kush-Singh-26/kosh/builder/renderer/native/math.go:324.23,326.5 1 0
github.com/Kush-Singh-26/kosh/builder/renderer/native/math.go:327.4,327.12 1 0
github.com/Kush-Singh-26/kosh/builder/renderer/native/math.go:329.3,329.36 1 1
github.com/Kush-Singh-26/kosh/builder/renderer/native/math.go:332.2,332.31 1 1
github.com/Kush-Singh-26/kosh/builder/renderer/native/math_gen.go:10.65,15.16 5 1
github.com/Kush-Singh-26/kosh/builder/renderer/native/math_gen.go:15.16,18.3 2 0
github.com/Kush-Singh-26/kosh/builder/renderer/native/math_gen.go:19.2,19.17 1 1
github.com/Kush-Singh-26/kosh/builder/renderer/native/math_gen.go:19.17,22.17 3 1
github.com/Kush-Singh-26/kosh/builder/renderer/native/math_gen.go:22.17,25.4 2 0
github.com/Kush-Singh-26/kosh/builder/renderer/native/math_gen.go:26.3,26.35 1 1
github.com/Kush-Singh-26/kosh/builder/renderer/native/math_gen.go:27.16,29.18 2 1
github.com/Kush-Singh-26/kosh/builder/renderer/native/math_gen.go:29.18,32.5 2 0
github.com/Kush-Singh-26/kosh/builder/renderer/native/math_gen.go:33.22,35.18 2 1
github.com/Kush-Singh-26/kosh/builder/renderer/native/math_gen.go:35.18,38.5 2 0
github.com/Kush-Singh-26/kosh/builder/renderer/native/math_gen.go:39.15,41.18 2 1
github.com/Kush-Singh-26/kosh/builder/renderer/native/math_gen.go:41.18,44.5 2 0
github.com/Kush-Singh-26/kosh/builder/renderer/native/math_gen.go:45.11,47.18 2 0
github.com/Kush-Singh-26/kosh/builder/renderer/native/math_gen.go:47.18,50.5 2 0
github.com/Kush-Singh-26/kosh/builder/renderer/native/math_gen.go:53.2,53.8 1 1
github.com/Kush-Singh-26/kosh/builder/renderer/native/math_gen.go:57.64,61.16 2 1
github.com/Kush-Singh-26/kosh/builder/renderer/native/math_gen.go:61.16,63.3 1 0
github.com/Kush-Singh-26/kosh/builder/renderer/native/math_gen.go:64.2,65.16 2 1
github.com/Kush-Singh-26/kosh/builder/renderer/native/math_gen.go:65.16,68.3 2 0
github.com/Kush-Singh-26/kosh/builder/renderer/native/math_gen.go:70.2,71.16 2 1
github.com/Kush-Singh-26/kosh/builder/renderer/native/math_gen.go:71.16,73.3 1 0
github.com/Kush-Singh-26/kosh/builder/renderer/native/math_gen.go:74.2,75.16 2 1
github.com/Kush-Singh-26/kosh/builder/renderer/native/math_gen.go:75.16,78.3 2 0
github.com/Kush-Singh-26/kosh/builder/renderer/native/math_gen.go:80.2,81.16 2 1
github.com/Kush-Singh-26/kosh/builder/renderer/native/math_gen.go:81.16,83.3 1 0
github.com/Kush-Singh-26/kosh/builder/renderer/native/math_gen.go:84.2,85.16 2 1
github.com/Kush-Singh-26/kosh/builder/renderer/native/math_gen.go:85.16,88.3 2 0
github.com/Kush-Singh-26/kosh/builder/renderer/native/math_gen.go:89.2,89.8 1 1
github.com/Kush-Singh-26/kosh/builder/renderer/native/math_gen.go:93.68,106.2 8 1
github.com/Kush-Singh-26/kosh/builder/renderer/native/math_gen.go:109.73,114.16 5 1
github.com/Kush-Singh-26/kosh/builder/renderer/native/math_gen.go:114.16,117.3 2 0
github.com/Kush-Singh-26/kosh/builder/renderer/native/math_gen.go:118.2,118.17 1 1
github.com/Kush-Singh-26/kosh/builder/renderer/native/math_gen.go:118.17,121.17 3 1
github.com/Kush-Singh-26/kosh/builder/renderer/native/math_gen.go:121.17,124.4 2 0
github.com/Kush-Singh-26/kosh/builder/renderer/native/math_gen.go:125.3,125.35 1 1
github.com/Kush-Singh-26/kosh/builder/renderer/native/math_gen.go:126.16,128.18 2 1
github.com/Kush-Singh-26/kosh/builder/renderer/native/math_gen.go:128.18,131.5 2 0
github.com/Kush-Singh-26/kosh/builder/renderer/native/math_gen.go:132.22,134.18 2 1
github.com/Kush-Singh-26/kosh/builder/renderer/native/math_gen.go:134.18,137.5 2 0
github.com/Kush-Singh-26/kosh/builder/renderer/native/math_gen.go:138.15,140.18 2 1
github.com/Kush-Singh-26/kosh/builder/renderer/native/math_gen.go:140.18,143.5 2 0
github.com/Kush-Singh-26/kosh/builder/renderer/native/math_gen.go:144.11,146.18 2 0
github.com/Kush-Singh-26/kosh/builder/renderer/native/math_gen.go:146.18,149.5 2 0
github.com/Kush-Singh-26/kosh/builder/renderer/native/math_gen.go:152.2,153.8 2 1
github.com/Kush-Singh-26/kosh/builder/renderer/native/math_gen.go:157.43,160.2 2 1
github.com/Kush-Singh-26/kosh/builder/renderer/native/renderer.go:64.40,65.27 1 1
github.com/Kush-Singh-26/kosh/builder/renderer/native/renderer.go:65.27,66.12 1 1
github.com/Kush-Singh-26/kosh/builder/renderer/native/renderer.go:66.12,68.4 1 1
github.com/Kush-Singh-26/kosh/builder/renderer/native/renderer.go:72.59,73.27 1 0
github.com/Kush-Singh-26/kosh/builder/renderer/native/renderer.go:73.27,75.3 1 0
github.com/Kush-Singh-26/kosh/builder/renderer/native/renderer.go:79.44,85.20 2 1
github.com/Kush-Singh-26/kosh/builder/renderer/native/renderer.go:85.20,88.5 2 1
github.com/Kush-Singh-26/kosh/builder/renderer/native/renderer.go:95.2,95.27 1 1
github.com/Kush-Singh-26/kosh/builder/renderer/native/renderer.go:95.27,97.3 1 1
github.com/Kush-Singh-26/kosh/builder/renderer/native/renderer.go:100.2,100.32 1 1
github.com/Kush-Singh-26/kosh/builder/renderer/native/renderer.go:100.32,102.3 1 1
github.com/Kush-Singh-26/kosh/builder/renderer/native/renderer.go:105.2,105.36 1 1
github.com/Kush-Singh-26/kosh/builder/renderer/native/renderer.go:105.36,107.3 1 1
github.com/Kush-Singh-26/kosh/builder/renderer/native/renderer.go:109.2,109.10 1 1
github.com/Kush-Singh-26/kosh/builder/renderer/native/renderer.go:112.38,113.31 1 1
github.com/Kush-Singh-26/kosh/builder/renderer/native/renderer.go:113.31,119.23 3 1
github.com/Kush-Singh-26/kosh/builder/renderer/native/renderer.go:119.23,120.11 1 1
github.com/Kush-Singh-26/kosh/builder/renderer/native/renderer.go:121.35,122.12 1 0
github.com/Kush-Singh-26/kosh/builder/renderer/native/renderer.go:122.12,123.16 1 0
github.com/Kush-Singh-26/kosh/builder/renderer/native/renderer.go:125.5,125.32 1 0
github.com/Kush-Singh-26/kosh/builder/renderer/native/renderer.go:126.19,127.15 1 1
github.com/Kush-Singh-26/kosh/builder/renderer/native/renderer.go:131.3,132.27 2 1
github.com/Kush-Singh-26/kosh/builder/renderer/native/renderer.go:132.27,134.4 1 1
github.com/Kush-Singh-26/kosh/builder/renderer/native/renderer.go:136.3,137.17 2 1
github.com/Kush-Singh-26/kosh/builder/renderer/native/renderer.go:137.17,138.28 1 0
github.com/Kush-Singh-26/kosh/builder/renderer/native/renderer.go:138.28,139.12 1 0
github.com/Kush-Singh-26/kosh/builder/renderer/native/renderer.go:140.23,140.23 0 0
github.com/Kush-Singh-26/kosh/builder/renderer/native/renderer.go:141.46,141.46 0 0
github.com/Kush-Singh-26/kosh/builder/renderer/native/renderer.go:144.4,144.12 1 0
github.com/Kush-Singh-26/kosh/builder/renderer/native/renderer.go:147.3,147.31 1 1
github.com/Kush-Singh-26/kosh/builder/renderer/native/renderer.go:147.31,148.11 1 1
github.com/Kush-Singh-26/kosh/builder/renderer/native/renderer.go:149.29,149.29 0 1
github.com/Kush-Singh-26/kosh/builder/renderer/native/renderer.go:150.46,150.46 0 0
github.com/Kush-Singh-26/kosh/builder/renderer/native/renderer.go:153.4,153.23 1 1
github.com/Kush-Singh-26/kosh/builder/renderer/native/renderer.go:158.63,159.18 1 1
github.com/Kush-Singh-26/kosh/builder/renderer/native/renderer.go:159.18,161.3 1 0
github.com/Kush-Singh-26/kosh/builder/renderer/native/renderer.go:162.2,162.31 1 1
github.com/Kush-Singh-26/kosh/builder/renderer/native/renderer.go:162.31,164.3 1 0
github.com/Kush-Singh-26/kosh/builder/renderer/native/renderer.go:166.2,168.30 3 1
github.com/Kush-Singh-26/kosh/builder/renderer/native/renderer.go:168.30,170.3 1 0
github.com/Kush-Singh-26/kosh/builder/renderer/native/renderer.go:172.2,173.40 2 1
github.com/Kush-Singh-26/kosh/builder/renderer/native/renderer.go:173.40,175.3 1 0
[...]
github.com/Kush-Singh-26/kosh/builder/run/incremental.go:84.64,88.31 3 1
github.com/Kush-Singh-26/kosh/builder/run/incremental.go:88.31,90.4 1 1
github.com/Kush-Singh-26/kosh/builder/run/incremental.go:92.3,92.28 1 0
github.com/Kush-Singh-26/kosh/builder/run/incremental.go:92.28,94.34 2 0
github.com/Kush-Singh-26/kosh/builder/run/incremental.go:94.34,96.37 2 0
github.com/Kush-Singh-26/kosh/builder/run/incremental.go:96.37,98.33 2 0
github.com/Kush-Singh-26/kosh/builder/run/incremental.go:98.33,100.7 1 0
github.com/Kush-Singh-26/kosh/builder/run/incremental.go:101.6,101.18 1 0
github.com/Kush-Singh-26/kosh/builder/run/incremental.go:105.3,105.20 1 0
github.com/Kush-Singh-26/kosh/builder/run/incremental.go:107.2,107.62 1 1
github.com/Kush-Singh-26/kosh/builder/run/incremental.go:107.62,109.3 1 1
github.com/Kush-Singh-26/kosh/builder/run/incremental.go:111.2,111.12 1 1
github.com/Kush-Singh-26/kosh/builder/run/incremental.go:112.19,113.13 1 1
github.com/Kush-Singh-26/kosh/builder/run/incremental.go:114.35,115.20 1 1
github.com/Kush-Singh-26/kosh/builder/run/incremental.go:116.10,117.13 1 0
github.com/Kush-Singh-26/kosh/builder/run/incremental.go:122.89,126.9 3 0
github.com/Kush-Singh-26/kosh/builder/run/incremental.go:127.20,128.9 1 0
github.com/Kush-Singh-26/kosh/builder/run/incremental.go:129.10,129.10 0 0
github.com/Kush-Singh-26/kosh/builder/run/incremental.go:132.2,134.37 3 0
github.com/Kush-Singh-26/kosh/builder/run/incremental.go:134.37,136.3 1 0
github.com/Kush-Singh-26/kosh/builder/run/incremental.go:139.2,143.84 3 0
github.com/Kush-Singh-26/kosh/builder/run/incremental.go:143.84,144.93 1 0
github.com/Kush-Singh-26/kosh/builder/run/incremental.go:144.93,147.39 3 0
github.com/Kush-Singh-26/kosh/builder/run/incremental.go:147.39,150.5 2 0
github.com/Kush-Singh-26/kosh/builder/run/incremental.go:151.4,153.10 2 0
github.com/Kush-Singh-26/kosh/builder/run/incremental.go:158.2,158.92 1 0
github.com/Kush-Singh-26/kosh/builder/run/incremental.go:158.92,169.42 10 0
github.com/Kush-Singh-26/kosh/builder/run/incremental.go:169.42,173.4 3 0
github.com/Kush-Singh-26/kosh/builder/run/incremental.go:174.3,175.9 2 0
github.com/Kush-Singh-26/kosh/builder/run/incremental.go:179.2,180.67 2 0
github.com/Kush-Singh-26/kosh/builder/run/incremental.go:180.67,185.47 5 0
github.com/Kush-Singh-26/kosh/builder/run/incremental.go:185.47,188.4 2 0
github.com/Kush-Singh-26/kosh/builder/run/incremental.go:189.3,190.9 2 0
github.com/Kush-Singh-26/kosh/builder/run/incremental.go:194.2,197.37 4 0
github.com/Kush-Singh-26/kosh/builder/run/incremental.go:197.37,200.3 2 0
github.com/Kush-Singh-26/kosh/builder/run/incremental.go:201.2,201.16 1 0
github.com/Kush-Singh-26/kosh/builder/run/incremental.go:205.49,211.2 4 1
github.com/Kush-Singh-26/kosh/builder/run/incremental.go:214.69,216.16 2 1
github.com/Kush-Singh-26/kosh/builder/run/incremental.go:216.16,218.48 2 1
github.com/Kush-Singh-26/kosh/builder/run/incremental.go:218.48,220.4 1 0
github.com/Kush-Singh-26/kosh/builder/run/incremental.go:221.3,221.9 1 1
github.com/Kush-Singh-26/kosh/builder/run/incremental.go:224.2,225.16 2 0
github.com/Kush-Singh-26/kosh/builder/run/incremental.go:225.16,228.3 2 0
github.com/Kush-Singh-26/kosh/builder/run/incremental.go:229.2,230.16 2 0
github.com/Kush-Singh-26/kosh/builder/run/incremental.go:230.16,233.3 2 0
github.com/Kush-Singh-26/kosh/builder/run/incremental.go:234.2,235.16 2 0
github.com/Kush-Singh-26/kosh/builder/run/incremental.go:235.16,238.3 2 0
github.com/Kush-Singh-26/kosh/builder/run/incremental.go:239.2,244.19 6 0
github.com/Kush-Singh-26/kosh/builder/run/incremental.go:244.19,246.3 1 0
github.com/Kush-Singh-26/kosh/builder/run/incremental.go:249.2,255.27 5 0
github.com/Kush-Singh-26/kosh/builder/run/incremental.go:255.27,257.32 2 0
github.com/Kush-Singh-26/kosh/builder/run/incremental.go:257.32,261.4 3 0
github.com/Kush-Singh-26/kosh/builder/run/incremental.go:264.2,278.13 4 0
github.com/Kush-Singh-26/kosh/builder/run/incremental.go:278.13,280.38 2 0
github.com/Kush-Singh-26/kosh/builder/run/incremental.go:280.38,283.4 2 0
github.com/Kush-Singh-26/kosh/builder/run/incremental.go:284.3,285.9 2 0
github.com/Kush-Singh-26/kosh/builder/run/incremental.go:288.2,288.24 1 0
github.com/Kush-Singh-26/kosh/builder/run/incremental.go:288.24,290.38 2 0
github.com/Kush-Singh-26/kosh/builder/run/incremental.go:290.38,293.4 2 0
github.com/Kush-Singh-26/kosh/builder/run/incremental.go:294.3,295.9 2 0
github.com/Kush-Singh-26/kosh/builder/run/incremental.go:298.2,298.45 1 0
github.com/Kush-Singh-26/kosh/builder/run/incremental.go:298.45,320.17 3 0
github.com/Kush-Singh-26/kosh/builder/run/incremental.go:320.17,323.4 2 0
github.com/Kush-Singh-26/kosh/builder/run/incremental.go:325.3,325.92 1 0
github.com/Kush-Singh-26/kosh/builder/run/incremental.go:325.92,327.39 2 0
github.com/Kush-Singh-26/kosh/builder/run/incremental.go:327.39,330.5 2 0
github.com/Kush-Singh-26/kosh/builder/run/incremental.go:331.9,334.4 1 0
github.com/Kush-Singh-26/kosh/builder/run/incremental.go:335.3,338.54 2 0
github.com/Kush-Singh-26/kosh/builder/run/incremental.go:338.54,341.4 1 0
github.com/Kush-Singh-26/kosh/builder/run/incremental.go:342.8,344.3 1 0
github.com/Kush-Singh-26/kosh/builder/run/incremental.go:347.52,349.16 2 0
github.com/Kush-Singh-26/kosh/builder/run/incremental.go:349.16,352.3 2 0
github.com/Kush-Singh-26/kosh/builder/run/incremental.go:354.2,354.27 1 0
github.com/Kush-Singh-26/kosh/builder/run/incremental.go:354.27,356.3 1 0
github.com/Kush-Singh-26/kosh/builder/run/incremental.go:358.2,359.58 2 0
github.com/Kush-Singh-26/kosh/builder/run/incremental.go:359.58,362.3 2 0
github.com/Kush-Singh-26/kosh/builder/run/incremental.go:365.2,368.36 4 0
github.com/Kush-Singh-26/kosh/builder/run/incremental.go:368.36,369.44 1 0
github.com/Kush-Singh-26/kosh/builder/run/incremental.go:369.44,371.4 1 0
github.com/Kush-Singh-26/kosh/builder/run/incremental.go:373.2,376.75 3 0
github.com/Kush-Singh-26/kosh/builder/run/incremental.go:380.99,384.30 3 0
github.com/Kush-Singh-26/kosh/builder/run/incremental.go:384.30,386.3 1 0
github.com/Kush-Singh-26/kosh/builder/run/incremental.go:388.2,390.36 3 0
github.com/Kush-Singh-26/kosh/builder/run/incremental.go:390.36,391.44 1 0
github.com/Kush-Singh-26/kosh/builder/run/incremental.go:391.44,402.9 3 0
github.com/Kush-Singh-26/kosh/builder/run/incremental.go:406.2,406.12 1 0
github.com/Kush-Singh-26/kosh/builder/run/incremental.go:406.12,416.3 1 0
github.com/Kush-Singh-26/kosh/builder/run/incremental.go:421.68,424.34 2 0
github.com/Kush-Singh-26/kosh/builder/run/incremental.go:424.34,426.3 1 0
github.com/Kush-Singh-26/kosh/builder/run/incremental.go:429.2,430.63 2 0
github.com/Kush-Singh-26/kosh/builder/run/incremental.go:430.63,432.3 1 0
github.com/Kush-Singh-26/kosh/builder/run/incremental.go:434.2,434.55 1 0
github.com/Kush-Singh-26/kosh/builder/run/incremental.go:434.55,440.56 4 0
github.com/Kush-Singh-26/kosh/builder/run/incremental.go:440.56,442.4 1 0
github.com/Kush-Singh-26/kosh/builder/run/incremental.go:444.2,446.12 2 0
github.com/Kush-Singh-26/kosh/builder/run/incremental.go:449.70,450.27 1 0
github.com/Kush-Singh-26/kosh/builder/run/incremental.go:450.27,452.3 1 0
github.com/Kush-Singh-26/kosh/builder/run/incremental.go:454.2,455.29 2 0
github.com/Kush-Singh-26/kosh/builder/run/incremental.go:455.29,458.3 1 0
github.com/Kush-Singh-26/kosh/builder/run/incremental.go:458.8,461.17 2 0
github.com/Kush-Singh-26/kosh/builder/run/incremental.go:461.17,463.4 1 0
github.com/Kush-Singh-26/kosh/builder/run/incremental.go:464.3,464.24 1 0
github.com/Kush-Singh-26/kosh/builder/run/incremental.go:464.24,466.4 1 0
github.com/Kush-Singh-26/kosh/builder/run/incremental.go:467.3,468.17 2 0
github.com/Kush-Singh-26/kosh/builder/run/incremental.go:468.17,470.4 1 0
github.com/Kush-Singh-26/kosh/builder/run/incremental.go:471.3,472.17 2 0
github.com/Kush-Singh-26/kosh/builder/run/incremental.go:472.17,474.4 1 0
github.com/Kush-Singh-26/kosh/builder/run/incremental.go:476.3,478.34 3 0
github.com/Kush-Singh-26/kosh/builder/run/incremental.go:478.34,480.30 2 0
github.com/Kush-Singh-26/kosh/builder/run/incremental.go:480.30,481.13 1 0
github.com/Kush-Singh-26/kosh/builder/run/incremental.go:483.4,484.31 2 0
github.com/Kush-Singh-26/kosh/builder/run/incremental.go:484.31,485.13 1 0
github.com/Kush-Singh-26/kosh/builder/run/incremental.go:487.4,504.6 2 0
github.com/Kush-Singh-26/kosh/builder/run/incremental.go:507.3,507.32 1 0
github.com/Kush-Singh-26/kosh/builder/run/incremental.go:510.2,510.28 1 0
github.com/Kush-Singh-26/kosh/builder/run/incremental.go:510.28,512.3 1 0
github.com/Kush-Singh-26/kosh/builder/run/incremental.go:513.2,519.16 5 0
github.com/Kush-Singh-26/kosh/builder/run/incremental.go:519.16,521.3 1 0
github.com/Kush-Singh-26/kosh/builder/run/incremental.go:522.2,527.12 3 0
github.com/Kush-Singh-26/kosh/builder/run/pipeline_pagination.go:28.40,30.39 2 1
github.com/Kush-Singh-26/kosh/builder/run/pipeline_pagination.go:30.39,32.3 1 1
github.com/Kush-Singh-26/kosh/builder/run/pipeline_pagination.go:33.2,33.16 1 1
github.com/Kush-Singh-26/kosh/builder/run/pipeline_pagination.go:36.107,37.11 1 1
github.com/Kush-Singh-26/kosh/builder/run/pipeline_pagination.go:37.11,39.3 1 1
github.com/Kush-Singh-26/kosh/builder/run/pipeline_pagination.go:40.2,40.59 1 1
github.com/Kush-Singh-26/kosh/builder/run/pipeline_pagination.go:40.59,42.3 1 0
github.com/Kush-Singh-26/kosh/builder/run/pipeline_pagination.go:43.2,43.27 1 1
github.com/Kush-Singh-26/kosh/builder/run/pipeline_pagination.go:43.27,46.3 2 1
github.com/Kush-Singh-26/kosh/builder/run/pipeline_pagination.go:47.2,47.14 1 1
github.com/Kush-Singh-26/kosh/builder/run/pipeline_pagination.go:50.55,53.2 2 1
github.com/Kush-Singh-26/kosh/builder/run/pipeline_pagination.go:55.120,60.21 4 1
github.com/Kush-Singh-26/kosh/builder/run/pipeline_pagination.go:60.21,62.3 1 0
github.com/Kush-Singh-26/kosh/builder/run/pipeline_pagination.go:63.2,65.69 3 1
github.com/Kush-Singh-26/kosh/builder/run/pipeline_pagination.go:65.69,69.3 3 1
github.com/Kush-Singh-26/kosh/builder/run/pipeline_pagination.go:69.8,70.55 1 1
github.com/Kush-Singh-26/kosh/builder/run/pipeline_pagination.go:70.55,74.4 3 1
github.com/Kush-Singh-26/kosh/builder/run/pipeline_pagination.go:78.2,79.27 2 1
github.com/Kush-Singh-26/kosh/builder/run/pipeline_pagination.go:79.27,82.34 2 1
github.com/Kush-Singh-26/kosh/builder/run/pipeline_pagination.go:82.34,83.18 1 1
github.com/Kush-Singh-26/kosh/builder/run/pipeline_pagination.go:83.18,85.10 2 1
github.com/Kush-Singh-26/kosh/builder/run/pipeline_pagination.go:88.3,88.26 1 1
github.com/Kush-Singh-26/kosh/builder/run/pipeline_pagination.go:88.26,90.31 2 1
github.com/Kush-Singh-26/kosh/builder/run/pipeline_pagination.go:90.31,91.35 1 1
github.com/Kush-Singh-26/kosh/builder/run/pipeline_pagination.go:91.35,93.6 1 0
github.com/Kush-Singh-26/kosh/builder/run/pipeline_pagination.go:98.2,98.27 1 1
github.com/Kush-Singh-26/kosh/builder/run/pipeline_pagination.go:98.27,100.3 1 0
github.com/Kush-Singh-26/kosh/builder/run/pipeline_pagination.go:101.2,102.21 2 1
github.com/Kush-Singh-26/kosh/builder/run/pipeline_pagination.go:102.21,104.3 1 1
github.com/Kush-Singh-26/kosh/builder/run/pipeline_pagination.go:107.2,113.35 5 1
github.com/Kush-Singh-26/kosh/builder/run/pipeline_pagination.go:113.35,115.21 2 1
github.com/Kush-Singh-26/kosh/builder/run/pipeline_pagination.go:115.21,117.30 2 1
github.com/Kush-Singh-26/kosh/builder/run/pipeline_pagination.go:117.30,119.5 1 1
github.com/Kush-Singh-26/kosh/builder/run/pipeline_pagination.go:120.4,122.19 3 1
github.com/Kush-Singh-26/kosh/builder/run/pipeline_pagination.go:122.19,126.5 3 0
github.com/Kush-Singh-26/kosh/builder/run/pipeline_pagination.go:127.4,135.19 2 1
github.com/Kush-Singh-26/kosh/builder/run/pipeline_pagination.go:135.19,137.5 1 0
github.com/Kush-Singh-26/kosh/builder/run/pipeline_pagination.go:137.10,137.27 1 1
github.com/Kush-Singh-26/kosh/builder/run/pipeline_pagination.go:137.27,139.5 1 0
github.com/Kush-Singh-26/kosh/builder/run/pipeline_pagination.go:140.4,140.28 1 1
github.com/Kush-Singh-26/kosh/builder/run/pipeline_pagination.go:140.28,142.5 1 0
github.com/Kush-Singh-26/kosh/builder/run/pipeline_pagination.go:143.4,144.20 2 1
github.com/Kush-Singh-26/kosh/builder/run/pipeline_pagination.go:144.20,146.5 1 1
github.com/Kush-Singh-26/kosh/builder/run/pipeline_pagination.go:149.4,150.19 2 1
github.com/Kush-Singh-26/kosh/builder/run/pipeline_pagination.go:150.19,152.5 1 0
github.com/Kush-Singh-26/kosh/builder/run/pipeline_pagination.go:154.4,161.14 2 1
github.com/Kush-Singh-26/kosh/builder/run/pipeline_pagination.go:164.2,165.12 2 1
github.com/Kush-Singh-26/kosh/builder/run/pipeline_pagination.go:168.123,170.31 2 1
github.com/Kush-Singh-26/kosh/builder/run/pipeline_pagination.go:170.31,173.3 2 1
github.com/Kush-Singh-26/kosh/builder/run/pipeline_pagination.go:174.2,174.42 1 1
github.com/Kush-Singh-26/kosh/builder/run/pipeline_pagination.go:174.42,174.86 1 1
github.com/Kush-Singh-26/kosh/builder/run/pipeline_pagination.go:176.2,178.80 3 1
github.com/Kush-Singh-26/kosh/builder/run/pipeline_pagination.go:178.80,181.3 2 1
github.com/Kush-Singh-26/kosh/builder/run/pipeline_pagination.go:182.2,187.97 6 1
github.com/Kush-Singh-26/kosh/builder/run/pipeline_pagination.go:187.97,189.3 1 1
github.com/Kush-Singh-26/kosh/builder/run/pipeline_pagination.go:189.8,190.59 1 1
github.com/Kush-Singh-26/kosh/builder/run/pipeline_pagination.go:190.59,194.4 3 1
github.com/Kush-Singh-26/kosh/builder/run/pipeline_pagination.go:199.2,213.31 5 1
github.com/Kush-Singh-26/kosh/builder/run/pipeline_pagination.go:213.31,221.81 8 1
github.com/Kush-Singh-26/kosh/builder/run/pipeline_pagination.go:221.81,223.4 1 1
github.com/Kush-Singh-26/kosh/builder/run/pipeline_pagination.go:223.9,223.58 1 1
github.com/Kush-Singh-26/kosh/builder/run/pipeline_pagination.go:223.58,228.4 4 1
github.com/Kush-Singh-26/kosh/builder/run/pipeline_pagination.go:229.3,229.21 1 1
github.com/Kush-Singh-26/kosh/builder/run/pipeline_pagination.go:229.21,241.4 3 1
github.com/Kush-Singh-26/kosh/builder/run/pipeline_pagination.go:243.2,249.12 3 1
github.com/Kush-Singh-26/kosh/builder/run/pipeline_pagination.go:249.12,252.3 2 1
github.com/Kush-Singh-26/kosh/builder/run/pipeline_pagination.go:254.2,254.12 1 1
github.com/Kush-Singh-26/kosh/builder/run/pipeline_pagination.go:258.117,267.15 5 1
github.com/Kush-Singh-26/kosh/builder/run/pipeline_pagination.go:267.15,268.60 1 1
github.com/Kush-Singh-26/kosh/builder/run/pipeline_pagination.go:268.60,270.4 1 0
github.com/Kush-Singh-26/kosh/builder/run/pipeline_pagination.go:270.9,270.35 1 1
github.com/Kush-Singh-26/kosh/builder/run/pipeline_pagination.go:270.35,272.33 2 1
github.com/Kush-Singh-26/kosh/builder/run/pipeline_pagination.go:272.33,274.5 1 1
github.com/Kush-Singh-26/kosh/builder/run/pipeline_pagination.go:279.2,281.14 2 1
github.com/Kush-Singh-26/kosh/builder/run/pipeline_pagination.go:281.14,286.17 4 1
github.com/Kush-Singh-26/kosh/builder/run/pipeline_pagination.go:286.17,289.4 2 0
github.com/Kush-Singh-26/kosh/builder/run/pipeline_pagination.go:290.3,290.28 1 1
github.com/Kush-Singh-26/kosh/builder/run/pipeline_pagination.go:290.28,292.4 1 1
github.com/Kush-Singh-26/kosh/builder/run/pipeline_pagination.go:296.2,297.16 2 1
github.com/Kush-Singh-26/kosh/builder/run/pipeline_pagination.go:297.16,300.3 2 1
github.com/Kush-Singh-26/kosh/builder/run/pipeline_pwa.go:17.35,20.2 2 0
github.com/Kush-Singh-26/kosh/builder/run/pipeline_pwa.go:22.91,24.2 1 1
github.com/Kush-Singh-26/kosh/builder/run/pipeline_pwa.go:26.76,27.17 1 1
github.com/Kush-Singh-26/kosh/builder/run/pipeline_pwa.go:27.17,29.3 1 0
github.com/Kush-Singh-26/kosh/builder/run/pipeline_pwa.go:31.2,33.20 2 1
github.com/Kush-Singh-26/kosh/builder/run/pipeline_pwa.go:33.20,35.3 1 1
github.com/Kush-Singh-26/kosh/builder/run/pipeline_pwa.go:37.2,37.20 1 1
github.com/Kush-Singh-26/kosh/builder/run/pipeline_pwa.go:37.20,39.3 1 1
github.com/Kush-Singh-26/kosh/builder/run/pipeline_pwa.go:41.2,41.20 1 1
github.com/Kush-Singh-26/kosh/builder/run/pipeline_pwa.go:41.20,49.14 5 1
github.com/Kush-Singh-26/kosh/builder/run/pipeline_pwa.go:49.14,51.4 1 1
github.com/Kush-Singh-26/kosh/builder/run/pipeline_pwa.go:52.3,71.22 12 0
github.com/Kush-Singh-26/kosh/builder/run/pipeline_pwa.go:71.22,74.18 2 0
github.com/Kush-Singh-26/kosh/builder/run/pipeline_pwa.go:74.18,75.118 1 0
github.com/Kush-Singh-26/kosh/builder/run/pipeline_pwa.go:75.118,78.6 2 0
github.com/Kush-Singh-26/kosh/builder/run/pipeline_pwa.go:80.5,85.35 3 0
github.com/Kush-Singh-26/kosh/builder/run/pipeline_pwa.go:85.35,87.6 1 0
github.com/Kush-Singh-26/kosh/builder/run/pipeline_pwa.go:88.5,88.35 1 0
github.com/Kush-Singh-26/kosh/builder/run/pipeline_pwa.go:88.35,90.6 1 0
github.com/Kush-Singh-26/kosh/builder/run/pipeline_pwa.go:92.9,95.54 1 0
github.com/Kush-Singh-26/kosh/builder/run/pipeline_pwa.go:95.54,99.5 3 0
github.com/Kush-Singh-26/kosh/builder/run/pipeline_pwa.go:100.4,100.54 1 0
github.com/Kush-Singh-26/kosh/builder/run/pipeline_pwa.go:100.54,104.5 3 0
github.com/Kush-Singh-26/kosh/builder/run/pipeline_pwa.go:106.3,106.13 1 0
github.com/Kush-Singh-26/kosh/builder/run/pipeline_pwa.go:109.2,109.17 1 1
github.com/Kush-Singh-26/kosh/builder/run/setup.go:18.32,22.2 1 1
github.com/Kush-Singh-26/kosh/builder/run/setup.go:25.59,27.2 1 0
github.com/Kush-Singh-26/kosh/builder/run/setup.go:30.74,32.55 2 1
github.com/Kush-Singh-26/kosh/builder/run/setup.go:32.55,38.25 3 1
github.com/Kush-Singh-26/kosh/builder/run/setup.go:38.25,40.4 1 0
github.com/Kush-Singh-26/kosh/builder/run/setup.go:41.3,41.9 1 1
github.com/Kush-Singh-26/kosh/builder/run/setup.go:44.2,45.58 2 1
github.com/Kush-Singh-26/kosh/builder/run/setup.go:45.58,50.25 2 0
github.com/Kush-Singh-26/kosh/builder/run/setup.go:50.25,52.4 1 0
github.com/Kush-Singh-26/kosh/builder/run/setup.go:53.3,53.9 1 0
github.com/Kush-Singh-26/kosh/builder/run/setup.go:56.2,57.56 2 1
github.com/Kush-Singh-26/kosh/builder/run/setup.go:57.56,62.3 2 1
github.com/Kush-Singh-26/kosh/builder/run/setup.go:66.69,68.2 1 0
github.com/Kush-Singh-26/kosh/builder/run/setup.go:71.84,72.56 1 1
github.com/Kush-Singh-26/kosh/builder/run/setup.go:72.56,74.25 2 0
github.com/Kush-Singh-26/kosh/builder/run/setup.go:74.25,76.4 1 0
github.com/Kush-Singh-26/kosh/builder/run/setup.go:77.3,77.9 1 0
github.com/Kush-Singh-26/kosh/builder/run/setup.go:79.2,79.87 1 1
github.com/Kush-Singh-26/kosh/builder/run/setup.go:79.87,81.3 1 0
github.com/Kush-Singh-26/kosh/builder/run/setup.go:82.2,82.81 1 1
github.com/Kush-Singh-26/kosh/builder/run/setup.go:82.81,84.3 1 0
github.com/Kush-Singh-26/kosh/builder/run/setup.go:85.2,85.81 1 1
github.com/Kush-Singh-26/kosh/builder/run/setup.go:85.81,87.3 1 0
github.com/Kush-Singh-26/kosh/builder/run/setup.go:88.2,88.84 1 1
github.com/Kush-Singh-26/kosh/builder/run/setup.go:88.84,90.3 1 0
github.com/Kush-Singh-26/kosh/builder/run/setup.go:94.110,97.16 3 1
github.com/Kush-Singh-26/kosh/builder/run/setup.go:97.16,100.3 2 1
github.com/Kush-Singh-26/kosh/builder/run/setup.go:102.2,102.80 1 0
github.com/Kush-Singh-26/kosh/builder/run/setup.go:102.80,104.42 2 0
github.com/Kush-Singh-26/kosh/builder/run/setup.go:104.42,105.29 1 0
github.com/Kush-Singh-26/kosh/builder/run/setup.go:105.29,107.5 1 0
github.com/Kush-Singh-26/kosh/builder/run/setup.go:109.3,110.20 2 0
github.com/Kush-Singh-26/kosh/builder/run/setup.go:113.2,115.18 3 0
github.com/Kush-Singh-26/kosh/builder/run/setup.go:115.18,119.3 3 0
github.com/Kush-Singh-26/kosh/builder/run/setup.go:121.2,122.27 2 0
github.com/Kush-Singh-26/kosh/builder/run/setup.go:125.31,135.31 4 0
github.com/Kush-Singh-26/kosh/builder/run/setup.go:135.31,138.3 2 0
github.com/Kush-Singh-26/kosh/builder/run/setup.go:140.2,140.38 1 0
github.com/Kush-Singh-26/kosh/builder/run/setup.go:144.84,151.70 4 0
github.com/Kush-Singh-26/kosh/builder/run/setup.go:151.70,152.62 1 0
github.com/Kush-Singh-26/kosh/builder/run/setup.go:152.62,154.4 1 0
github.com/Kush-Singh-26/kosh/builder/run/setup.go:156.2,156.35 1 0
