mode: set
github.com/Kush-Singh-26/kosh/builder/utils/tx/transaction.go:36.46,40.16 4 1
github.com/Kush-Singh-26/kosh/builder/utils/tx/transaction.go:40.16,42.3 1 0
github.com/Kush-Singh-26/kosh/builder/utils/tx/transaction.go:43.2,43.32 1 1
github.com/Kush-Singh-26/kosh/builder/utils/tx/transaction.go:43.32,45.42 2 1
github.com/Kush-Singh-26/kosh/builder/utils/tx/transaction.go:45.42,46.12 1 1
github.com/Kush-Singh-26/kosh/builder/utils/tx/transaction.go:48.3,48.85 1 1
github.com/Kush-Singh-26/kosh/builder/utils/tx/transaction.go:48.85,50.50 2 1
github.com/Kush-Singh-26/kosh/builder/utils/tx/transaction.go:50.50,52.47 1 1
github.com/Kush-Singh-26/kosh/builder/utils/tx/transaction.go:52.47,54.6 1 1
github.com/Kush-Singh-26/kosh/builder/utils/tx/transaction.go:61.76,65.18 4 1
github.com/Kush-Singh-26/kosh/builder/utils/tx/transaction.go:65.18,71.33 5 1
github.com/Kush-Singh-26/kosh/builder/utils/tx/transaction.go:71.33,73.45 2 0
github.com/Kush-Singh-26/kosh/builder/utils/tx/transaction.go:73.45,76.5 2 0
github.com/Kush-Singh-26/kosh/builder/utils/tx/transaction.go:78.3,80.54 3 1
github.com/Kush-Singh-26/kosh/builder/utils/tx/transaction.go:81.8,83.3 1 0
github.com/Kush-Singh-26/kosh/builder/utils/tx/transaction.go:85.2,90.3 1 1
github.com/Kush-Singh-26/kosh/builder/utils/tx/transaction.go:93.44,95.2 1 1
github.com/Kush-Singh-26/kosh/builder/utils/tx/transaction.go:97.58,98.18 1 0
github.com/Kush-Singh-26/kosh/builder/utils/tx/transaction.go:98.18,100.3 1 0
github.com/Kush-Singh-26/kosh/builder/utils/tx/transaction.go:101.2,101.22 1 0
github.com/Kush-Singh-26/kosh/builder/utils/tx/transaction.go:101.22,104.3 2 0
github.com/Kush-Singh-26/kosh/builder/utils/tx/transaction.go:107.2,108.53 2 0
github.com/Kush-Singh-26/kosh/builder/utils/tx/transaction.go:108.53,111.100 2 0
github.com/Kush-Singh-26/kosh/builder/utils/tx/transaction.go:111.100,113.4 1 0
github.com/Kush-Singh-26/kosh/builder/utils/tx/transaction.go:117.2,117.103 1 0
github.com/Kush-Singh-26/kosh/builder/utils/tx/transaction.go:117.103,120.22 2 0
github.com/Kush-Singh-26/kosh/builder/utils/tx/transaction.go:120.22,122.26 2 0
github.com/Kush-Singh-26/kosh/builder/utils/tx/transaction.go:122.26,128.5 1 0
github.com/Kush-Singh-26/kosh/builder/utils/tx/transaction.go:130.3,130.25 1 0
github.com/Kush-Singh-26/kosh/builder/utils/tx/transaction.go:130.25,132.4 1 0
github.com/Kush-Singh-26/kosh/builder/utils/tx/transaction.go:133.3,133.95 1 0
github.com/Kush-Singh-26/kosh/builder/utils/tx/transaction.go:137.2,138.12 2 0
github.com/Kush-Singh-26/kosh/builder/utils/tx/transaction.go:141.41,142.38 1 0
github.com/Kush-Singh-26/kosh/builder/utils/tx/transaction.go:142.38,144.3 1 0
github.com/Kush-Singh-26/kosh/builder/utils/tx/transaction.go:146.2,146.88 1 0
github.com/Kush-Singh-26/kosh/builder/utils/tx/transaction.go:149.53,151.16 2 0
github.com/Kush-Singh-26/kosh/builder/utils/tx/transaction.go:151.16,153.3 1 0
github.com/Kush-Singh-26/kosh/builder/utils/tx/transaction.go:154.2,154.23 1 0
github.com/Kush-Singh-26/kosh/builder/utils/tx/transaction.go:159.115,161.34 2 0
github.com/Kush-Singh-26/kosh/builder/utils/tx/transaction.go:161.34,162.10 1 0
github.com/Kush-Singh-26/kosh/builder/utils/tx/transaction.go:163.21,164.20 1 0
github.com/Kush-Singh-26/kosh/builder/utils/tx/transaction.go:165.11,165.11 0 0
github.com/Kush-Singh-26/kosh/builder/utils/tx/transaction.go:168.3,169.17 2 0
github.com/Kush-Singh-26/kosh/builder/utils/tx/transaction.go:169.17,171.4 1 0
github.com/Kush-Singh-26/kosh/builder/utils/tx/transaction.go:172.3,172.25 1 0
github.com/Kush-Singh-26/kosh/builder/utils/tx/transaction.go:172.25,174.4 1 0
github.com/Kush-Singh-26/kosh/builder/utils/tx/transaction.go:176.3,176.13 1 0
github.com/Kush-Singh-26/kosh/builder/utils/tx/transaction.go:176.13,178.4 1 0
github.com/Kush-Singh-26/kosh/builder/utils/tx/transaction.go:181.3,186.10 4 0
github.com/Kush-Singh-26/kosh/builder/utils/tx/transaction.go:187.21,189.20 2 0
github.com/Kush-Singh-26/kosh/builder/utils/tx/transaction.go:190.18,190.18 0 0
github.com/Kush-Singh-26/kosh/builder/utils/tx/transaction.go:193.2,193.12 1 0
github.com/Kush-Singh-26/kosh/builder/utils/tx/transaction.go:198.106,200.34 2 1
github.com/Kush-Singh-26/kosh/builder/utils/tx/transaction.go:200.34,201.10 1 1
github.com/Kush-Singh-26/kosh/builder/utils/tx/transaction.go:202.21,203.20 1 0
github.com/Kush-Singh-26/kosh/builder/utils/tx/transaction.go:204.11,204.11 0 1
github.com/Kush-Singh-26/kosh/builder/utils/tx/transaction.go:207.3,208.17 2 1
github.com/Kush-Singh-26/kosh/builder/utils/tx/transaction.go:208.17,210.4 1 1
github.com/Kush-Singh-26/kosh/builder/utils/tx/transaction.go:212.3,212.13 1 0
github.com/Kush-Singh-26/kosh/builder/utils/tx/transaction.go:212.13,214.4 1 0
github.com/Kush-Singh-26/kosh/builder/utils/tx/transaction.go:217.3,221.10 4 0
github.com/Kush-Singh-26/kosh/builder/utils/tx/transaction.go:222.21,224.20 2 0
github.com/Kush-Singh-26/kosh/builder/utils/tx/transaction.go:225.18,225.18 0 0
github.com/Kush-Singh-26/kosh/builder/utils/tx/transaction.go:228.2,228.12 1 0
github.com/Kush-Singh-26/kosh/builder/utils/assets.go:22.175,41.135 9 0
github.com/Kush-Singh-26/kosh/builder/utils/assets.go:41.135,42.17 1 0
github.com/Kush-Singh-26/kosh/builder/utils/assets.go:42.17,44.4 1 0
github.com/Kush-Singh-26/kosh/builder/utils/assets.go:45.3,45.19 1 0
github.com/Kush-Singh-26/kosh/builder/utils/assets.go:45.19,47.4 1 0
github.com/Kush-Singh-26/kosh/builder/utils/assets.go:48.3,52.94 3 0
github.com/Kush-Singh-26/kosh/builder/utils/assets.go:52.94,54.4 1 0
github.com/Kush-Singh-26/kosh/builder/utils/assets.go:56.3,59.14 3 0
github.com/Kush-Singh-26/kosh/builder/utils/assets.go:60.14,61.47 1 0
github.com/Kush-Singh-26/kosh/builder/utils/assets.go:62.15,63.49 1 0
github.com/Kush-Singh-26/kosh/builder/utils/assets.go:67.3,72.13 2 0
github.com/Kush-Singh-26/kosh/builder/utils/assets.go:74.2,74.16 1 0
github.com/Kush-Singh-26/kosh/builder/utils/assets.go:74.16,76.3 1 0
github.com/Kush-Singh-26/kosh/builder/utils/assets.go:79.2,79.49 1 0
github.com/Kush-Singh-26/kosh/builder/utils/assets.go:79.49,81.3 1 0
github.com/Kush-Singh-26/kosh/builder/utils/assets.go:83.2,84.26 2 0
github.com/Kush-Singh-26/kosh/builder/utils/assets.go:84.26,85.89 1 0
github.com/Kush-Singh-26/kosh/builder/utils/assets.go:85.89,87.4 1 0
github.com/Kush-Singh-26/kosh/builder/utils/assets.go:89.2,89.16 1 0
github.com/Kush-Singh-26/kosh/builder/utils/assets.go:89.16,91.3 1 0
github.com/Kush-Singh-26/kosh/builder/utils/assets.go:93.2,97.20 5 0
github.com/Kush-Singh-26/kosh/builder/utils/assets.go:97.20,100.13 2 0
github.com/Kush-Singh-26/kosh/builder/utils/assets.go:100.13,101.67 1 0
github.com/Kush-Singh-26/kosh/builder/utils/assets.go:101.67,104.57 2 0
github.com/Kush-Singh-26/kosh/builder/utils/assets.go:104.57,105.61 1 0
github.com/Kush-Singh-26/kosh/builder/utils/assets.go:105.61,107.95 1 0
github.com/Kush-Singh-26/kosh/builder/utils/assets.go:107.95,108.58 1 0
github.com/Kush-Singh-26/kosh/builder/utils/assets.go:108.58,110.9 1 0
github.com/Kush-Singh-26/kosh/builder/utils/assets.go:111.8,121.22 4 0
github.com/Kush-Singh-26/kosh/builder/utils/assets.go:121.22,123.9 1 0
github.com/Kush-Singh-26/kosh/builder/utils/assets.go:128.8,129.68 2 0
github.com/Kush-Singh-26/kosh/builder/utils/assets.go:129.68,131.9 1 0
github.com/Kush-Singh-26/kosh/builder/utils/assets.go:132.8,132.61 1 0
github.com/Kush-Singh-26/kosh/builder/utils/assets.go:132.61,134.9 1 0
github.com/Kush-Singh-26/kosh/builder/utils/assets.go:135.8,135.26 1 0
github.com/Kush-Singh-26/kosh/builder/utils/assets.go:135.26,137.9 1 0
github.com/Kush-Singh-26/kosh/builder/utils/assets.go:138.8,138.18 1 0
github.com/Kush-Singh-26/kosh/builder/utils/assets.go:140.7,140.21 1 0
github.com/Kush-Singh-26/kosh/builder/utils/assets.go:140.21,142.8 1 0
github.com/Kush-Singh-26/kosh/builder/utils/assets.go:149.2,151.59 2 0
github.com/Kush-Singh-26/kosh/builder/utils/assets.go:151.59,152.28 1 0
github.com/Kush-Singh-26/kosh/builder/utils/assets.go:152.28,154.4 1 0
github.com/Kush-Singh-26/kosh/builder/utils/assets.go:155.3,176.13 2 0
github.com/Kush-Singh-26/kosh/builder/utils/assets.go:176.13,179.4 2 0
github.com/Kush-Singh-26/kosh/builder/utils/assets.go:181.3,182.29 2 0
github.com/Kush-Singh-26/kosh/builder/utils/assets.go:182.29,183.36 1 0
github.com/Kush-Singh-26/kosh/builder/utils/assets.go:183.36,185.5 1 0
github.com/Kush-Singh-26/kosh/builder/utils/assets.go:186.4,186.74 1 0
github.com/Kush-Singh-26/kosh/builder/utils/assets.go:189.3,189.46 1 0
github.com/Kush-Singh-26/kosh/builder/utils/assets.go:189.46,190.95 1 0
github.com/Kush-Singh-26/kosh/builder/utils/assets.go:190.95,192.5 1 0
github.com/Kush-Singh-26/kosh/builder/utils/assets.go:193.4,196.18 3 0
github.com/Kush-Singh-26/kosh/builder/utils/assets.go:196.18,198.5 1 0
github.com/Kush-Singh-26/kosh/builder/utils/assets.go:199.4,202.45 3 0
github.com/Kush-Singh-26/kosh/builder/utils/assets.go:202.45,204.5 1 0
github.com/Kush-Singh-26/kosh/builder/utils/assets.go:205.4,205.68 1 0
github.com/Kush-Singh-26/kosh/builder/utils/assets.go:205.68,207.5 1 0
github.com/Kush-Singh-26/kosh/builder/utils/assets.go:208.4,208.22 1 0
github.com/Kush-Singh-26/kosh/builder/utils/assets.go:208.22,210.5 1 0
github.com/Kush-Singh-26/kosh/builder/utils/assets.go:213.4,213.23 1 0
github.com/Kush-Singh-26/kosh/builder/utils/assets.go:213.23,218.19 2 0
github.com/Kush-Singh-26/kosh/builder/utils/assets.go:218.19,222.6 3 0
github.com/Kush-Singh-26/kosh/builder/utils/assets.go:227.3,234.72 3 0
github.com/Kush-Singh-26/kosh/builder/utils/assets.go:234.72,236.4 1 0
github.com/Kush-Singh-26/kosh/builder/utils/assets.go:238.3,238.46 1 0
github.com/Kush-Singh-26/kosh/builder/utils/assets.go:238.46,239.32 1 0
github.com/Kush-Singh-26/kosh/builder/utils/assets.go:239.32,240.13 1 0
github.com/Kush-Singh-26/kosh/builder/utils/assets.go:247.4,255.56 6 0
github.com/Kush-Singh-26/kosh/builder/utils/assets.go:255.56,257.5 1 0
github.com/Kush-Singh-26/kosh/builder/utils/assets.go:257.10,257.43 1 0
github.com/Kush-Singh-26/kosh/builder/utils/assets.go:257.43,259.5 1 0
github.com/Kush-Singh-26/kosh/builder/utils/assets.go:262.4,266.21 4 0
github.com/Kush-Singh-26/kosh/builder/utils/assets.go:268.3,268.13 1 0
github.com/Kush-Singh-26/kosh/builder/utils/assets.go:273.2,275.29 2 0
github.com/Kush-Singh-26/kosh/builder/utils/assets.go:275.29,276.30 1 0
github.com/Kush-Singh-26/kosh/builder/utils/assets.go:276.30,278.4 1 0
github.com/Kush-Singh-26/kosh/builder/utils/assets.go:280.2,280.28 1 0
github.com/Kush-Singh-26/kosh/builder/utils/assets.go:280.28,281.30 1 0
github.com/Kush-Singh-26/kosh/builder/utils/assets.go:281.30,283.4 1 0
github.com/Kush-Singh-26/kosh/builder/utils/assets.go:286.2,286.42 1 0
github.com/Kush-Singh-26/kosh/builder/utils/assets.go:286.42,288.3 1 0
github.com/Kush-Singh-26/kosh/builder/utils/assets.go:291.2,291.21 1 0
github.com/Kush-Singh-26/kosh/builder/utils/assets.go:291.21,294.3 2 0
github.com/Kush-Singh-26/kosh/builder/utils/assets.go:296.2,296.20 1 0
github.com/Kush-Singh-26/kosh/builder/utils/assets.go:299.44,301.69 1 0
github.com/Kush-Singh-26/kosh/builder/utils/assets.go:301.69,303.22 1 0
github.com/Kush-Singh-26/kosh/builder/utils/assets.go:303.22,305.36 2 0
github.com/Kush-Singh-26/kosh/builder/utils/assets.go:305.36,307.5 1 0
github.com/Kush-Singh-26/kosh/builder/utils/assets.go:310.2,310.13 1 0
github.com/Kush-Singh-26/kosh/builder/utils/assets.go:313.40,314.31 1 0
github.com/Kush-Singh-26/kosh/builder/utils/assets.go:314.31,316.3 1 0
github.com/Kush-Singh-26/kosh/builder/utils/assets.go:317.2,317.22 1 0
github.com/Kush-Singh-26/kosh/builder/utils/assets.go:317.22,318.75 1 0
github.com/Kush-Singh-26/kosh/builder/utils/assets.go:318.75,320.4 1 0
github.com/Kush-Singh-26/kosh/builder/utils/assets.go:322.2,322.13 1 0
github.com/Kush-Singh-26/kosh/builder/utils/async.go:18.97,19.12 1 1
github.com/Kush-Singh-26/kosh/builder/utils/async.go:19.12,20.16 1 1
github.com/Kush-Singh-26/kosh/builder/utils/async.go:20.16,21.32 1 1
github.com/Kush-Singh-26/kosh/builder/utils/async.go:21.32,26.5 1 1
github.com/Kush-Singh-26/kosh/builder/utils/async.go:29.3,29.30 1 1
github.com/Kush-Singh-26/kosh/builder/utils/async.go:29.30,33.4 1 1
github.com/Kush-Singh-26/kosh/builder/utils/async.go:45.124,46.12 1 1
github.com/Kush-Singh-26/kosh/builder/utils/async.go:46.12,48.16 1 1
github.com/Kush-Singh-26/kosh/builder/utils/async.go:48.16,49.22 1 1
github.com/Kush-Singh-26/kosh/builder/utils/async.go:49.22,51.5 1 1
github.com/Kush-Singh-26/kosh/builder/utils/async.go:55.3,55.16 1 1
github.com/Kush-Singh-26/kosh/builder/utils/async.go:55.16,56.32 1 1
github.com/Kush-Singh-26/kosh/builder/utils/async.go:56.32,61.5 1 1
github.com/Kush-Singh-26/kosh/builder/utils/async.go:64.3,64.30 1 1
github.com/Kush-Singh-26/kosh/builder/utils/async.go:64.30,68.4 1 1
github.com/Kush-Singh-26/kosh/builder/utils/constants.go:24.44,26.2 1 0
github.com/Kush-Singh-26/kosh/builder/utils/constants.go:42.34,44.17 2 0
github.com/Kush-Singh-26/kosh/builder/utils/constants.go:44.17,46.3 1 0
github.com/Kush-Singh-26/kosh/builder/utils/constants.go:47.2,47.26 1 0
github.com/Kush-Singh-26/kosh/builder/utils/constants.go:47.26,49.3 1 0
github.com/Kush-Singh-26/kosh/builder/utils/constants.go:50.2,50.16 1 0
github.com/Kush-Singh-26/kosh/builder/utils/copy_optimized_windows.go:16.46,18.16 2 1
github.com/Kush-Singh-26/kosh/builder/utils/copy_optimized_windows.go:18.16,20.3 1 0
github.com/Kush-Singh-26/kosh/builder/utils/copy_optimized_windows.go:21.2,22.16 2 1
github.com/Kush-Singh-26/kosh/builder/utils/copy_optimized_windows.go:22.16,24.3 1 0
github.com/Kush-Singh-26/kosh/builder/utils/copy_optimized_windows.go:27.2,32.14 2 1
github.com/Kush-Singh-26/kosh/builder/utils/copy_optimized_windows.go:32.14,34.3 1 0
github.com/Kush-Singh-26/kosh/builder/utils/copy_optimized_windows.go:35.2,35.12 1 1
github.com/Kush-Singh-26/kosh/builder/utils/flock.go:16.60,22.66 2 1
github.com/Kush-Singh-26/kosh/builder/utils/flock.go:22.66,24.3 1 0
github.com/Kush-Singh-26/kosh/builder/utils/flock.go:26.2,27.16 2 1
github.com/Kush-Singh-26/kosh/builder/utils/flock.go:27.16,29.3 1 1
github.com/Kush-Singh-26/kosh/builder/utils/flock.go:32.2,32.38 1 1
github.com/Kush-Singh-26/kosh/builder/utils/flock.go:32.38,35.3 2 1
github.com/Kush-Singh-26/kosh/builder/utils/flock.go:38.2,39.56 2 1
github.com/Kush-Singh-26/kosh/builder/utils/flock.go:39.56,41.3 1 0
github.com/Kush-Singh-26/kosh/builder/utils/flock.go:43.2,43.51 1 1
github.com/Kush-Singh-26/kosh/builder/utils/flock.go:46.37,47.33 1 1
github.com/Kush-Singh-26/kosh/builder/utils/flock.go:47.33,49.3 1 1
github.com/Kush-Singh-26/kosh/builder/utils/flock.go:52.2,58.12 5 1
github.com/Kush-Singh-26/kosh/builder/utils/flock_windows.go:22.35,36.14 3 1
github.com/Kush-Singh-26/kosh/builder/utils/flock_windows.go:36.14,38.3 1 1
github.com/Kush-Singh-26/kosh/builder/utils/flock_windows.go:39.2,39.12 1 1
github.com/Kush-Singh-26/kosh/builder/utils/flock_windows.go:42.34,50.14 2 1
github.com/Kush-Singh-26/kosh/builder/utils/flock_windows.go:50.14,52.3 1 0
github.com/Kush-Singh-26/kosh/builder/utils/flock_windows.go:53.2,53.12 1 1
github.com/Kush-Singh-26/kosh/builder/utils/formatting.go:11.31,16.22 5 0
github.com/Kush-Singh-26/kosh/builder/utils/formatting.go:16.22,17.55 1 0
github.com/Kush-Singh-26/kosh/builder/utils/formatting.go:17.55,20.4 2 0
github.com/Kush-Singh-26/kosh/builder/utils/formatting.go:20.9,20.46 1 0
github.com/Kush-Singh-26/kosh/builder/utils/formatting.go:20.46,21.17 1 0
github.com/Kush-Singh-26/kosh/builder/utils/formatting.go:21.17,24.5 2 0
github.com/Kush-Singh-26/kosh/builder/utils/formatting.go:27.2,27.40 1 0
github.com/Kush-Singh-26/kosh/builder/utils/formatting.go:30.45,31.40 1 1
github.com/Kush-Singh-26/kosh/builder/utils/formatting.go:31.40,35.15 2 1
github.com/Kush-Singh-26/kosh/builder/utils/formatting.go:35.15,37.4 1 1
github.com/Kush-Singh-26/kosh/builder/utils/formatting.go:40.3,41.15 2 1
github.com/Kush-Singh-26/kosh/builder/utils/formatting.go:41.15,44.4 1 1
github.com/Kush-Singh-26/kosh/builder/utils/formatting.go:46.3,46.17 1 1
github.com/Kush-Singh-26/kosh/builder/utils/formatting.go:50.51,51.23 1 1
github.com/Kush-Singh-26/kosh/builder/utils/formatting.go:51.23,53.3 1 1
github.com/Kush-Singh-26/kosh/builder/utils/formatting.go:54.2,54.11 1 1
github.com/Kush-Singh-26/kosh/builder/utils/formatting.go:57.52,59.23 2 1
github.com/Kush-Singh-26/kosh/builder/utils/formatting.go:59.23,60.29 1 1
github.com/Kush-Singh-26/kosh/builder/utils/formatting.go:60.29,61.24 1 1
github.com/Kush-Singh-26/kosh/builder/utils/formatting.go:61.24,63.5 1 1
github.com/Kush-Singh-26/kosh/builder/utils/formatting.go:66.2,66.12 1 1
github.com/Kush-Singh-26/kosh/builder/utils/formatting.go:69.47,70.23 1 1
github.com/Kush-Singh-26/kosh/builder/utils/formatting.go:70.23,71.28 1 1
github.com/Kush-Singh-26/kosh/builder/utils/formatting.go:71.28,73.4 1 1
github.com/Kush-Singh-26/kosh/builder/utils/formatting.go:75.2,75.14 1 1
github.com/Kush-Singh-26/kosh/builder/utils/formatting.go:79.31,82.22 3 1
github.com/Kush-Singh-26/kosh/builder/utils/formatting.go:82.22,84.15 2 1
github.com/Kush-Singh-26/kosh/builder/utils/formatting.go:84.15,85.15 1 1
github.com/Kush-Singh-26/kosh/builder/utils/formatting.go:85.15,88.5 2 1
github.com/Kush-Singh-26/kosh/builder/utils/formatting.go:89.9,91.4 1 1
github.com/Kush-Singh-26/kosh/builder/utils/formatting.go:93.2,93.14 1 1
github.com/Kush-Singh-26/kosh/builder/utils/fs_copy.go:35.26,37.3 1 1
github.com/Kush-Singh-26/kosh/builder/utils/fs_copy.go:58.62,63.51 2 1
github.com/Kush-Singh-26/kosh/builder/utils/fs_copy.go:63.51,67.3 2 0
github.com/Kush-Singh-26/kosh/builder/utils/fs_copy.go:69.2,72.11 3 1
github.com/Kush-Singh-26/kosh/builder/utils/fs_copy.go:75.60,77.2 1 1
github.com/Kush-Singh-26/kosh/builder/utils/fs_copy.go:79.58,87.54 4 1
github.com/Kush-Singh-26/kosh/builder/utils/fs_copy.go:87.54,89.10 2 0
github.com/Kush-Singh-26/kosh/builder/utils/fs_copy.go:89.10,90.9 1 0
github.com/Kush-Singh-26/kosh/builder/utils/fs_copy.go:94.2,94.24 1 1
github.com/Kush-Singh-26/kosh/builder/utils/fs_copy.go:101.18,104.3 2 1
github.com/Kush-Singh-26/kosh/builder/utils/fs_copy.go:107.45,110.15 3 1
github.com/Kush-Singh-26/kosh/builder/utils/fs_copy.go:110.15,113.3 2 1
github.com/Kush-Singh-26/kosh/builder/utils/fs_copy.go:115.2,121.35 6 1
github.com/Kush-Singh-26/kosh/builder/utils/fs_copy.go:126.19,129.4 2 0
github.com/Kush-Singh-26/kosh/builder/utils/fs_copy.go:134.19,138.4 2 0
github.com/Kush-Singh-26/kosh/builder/utils/fs_copy.go:153.29,154.34 1 1
github.com/Kush-Singh-26/kosh/builder/utils/fs_copy.go:154.34,158.13 2 1
github.com/Kush-Singh-26/kosh/builder/utils/fs_copy.go:158.13,159.43 1 1
github.com/Kush-Singh-26/kosh/builder/utils/fs_copy.go:159.43,161.70 2 1
github.com/Kush-Singh-26/kosh/builder/utils/fs_copy.go:161.70,163.6 1 0
github.com/Kush-Singh-26/kosh/builder/utils/fs_copy.go:169.68,173.14 3 1
github.com/Kush-Singh-26/kosh/builder/utils/fs_copy.go:173.14,175.3 1 1
github.com/Kush-Singh-26/kosh/builder/utils/fs_copy.go:175.8,179.3 2 0
github.com/Kush-Singh-26/kosh/builder/utils/fs_copy.go:181.2,181.9 1 1
github.com/Kush-Singh-26/kosh/builder/utils/fs_copy.go:182.74,182.74 0 1
github.com/Kush-Singh-26/kosh/builder/utils/fs_copy.go:183.10,186.41 2 0
github.com/Kush-Singh-26/kosh/builder/utils/fs_copy.go:192.24,193.14 1 1
github.com/Kush-Singh-26/kosh/builder/utils/fs_copy.go:193.14,195.3 1 1
github.com/Kush-Singh-26/kosh/builder/utils/fs_copy.go:196.2,197.49 2 0
github.com/Kush-Singh-26/kosh/builder/utils/fs_copy.go:215.122,216.62 1 0
github.com/Kush-Singh-26/kosh/builder/utils/fs_copy.go:216.62,218.3 1 0
github.com/Kush-Singh-26/kosh/builder/utils/fs_copy.go:221.2,221.52 1 0
github.com/Kush-Singh-26/kosh/builder/utils/fs_copy.go:221.52,223.17 2 0
github.com/Kush-Singh-26/kosh/builder/utils/fs_copy.go:223.17,224.22 1 0
github.com/Kush-Singh-26/kosh/builder/utils/fs_copy.go:224.22,226.5 1 0
github.com/Kush-Singh-26/kosh/builder/utils/fs_copy.go:227.4,227.19 1 0
github.com/Kush-Singh-26/kosh/builder/utils/fs_copy.go:227.19,229.5 1 0
github.com/Kush-Singh-26/kosh/builder/utils/fs_copy.go:230.4,230.14 1 0
github.com/Kush-Singh-26/kosh/builder/utils/fs_copy.go:233.3,233.95 1 0
github.com/Kush-Singh-26/kosh/builder/utils/fs_copy.go:236.2,237.16 2 0
github.com/Kush-Singh-26/kosh/builder/utils/fs_copy.go:237.16,239.3 1 0
github.com/Kush-Singh-26/kosh/builder/utils/fs_copy.go:240.2,240.15 1 0
github.com/Kush-Singh-26/kosh/builder/utils/fs_copy.go:240.15,240.33 1 0
github.com/Kush-Singh-26/kosh/builder/utils/fs_copy.go:242.2,246.65 4 0
github.com/Kush-Singh-26/kosh/builder/utils/fs_copy.go:246.65,249.3 2 0
github.com/Kush-Singh-26/kosh/builder/utils/fs_copy.go:250.2,250.21 1 0
github.com/Kush-Singh-26/kosh/builder/utils/fs_copy.go:250.21,252.3 1 0
github.com/Kush-Singh-26/kosh/builder/utils/fs_copy.go:254.2,254.20 1 0
github.com/Kush-Singh-26/kosh/builder/utils/fs_copy.go:254.20,256.3 1 0
github.com/Kush-Singh-26/kosh/builder/utils/fs_copy.go:258.2,258.17 1 0
github.com/Kush-Singh-26/kosh/builder/utils/fs_copy.go:258.17,260.3 1 0
github.com/Kush-Singh-26/kosh/builder/utils/fs_copy.go:262.2,262.12 1 0
github.com/Kush-Singh-26/kosh/builder/utils/fs_copy.go:265.166,268.30 3 0
github.com/Kush-Singh-26/kosh/builder/utils/fs_copy.go:268.30,269.161 1 0
github.com/Kush-Singh-26/kosh/builder/utils/fs_copy.go:269.161,271.4 1 0
github.com/Kush-Singh-26/kosh/builder/utils/fs_copy.go:272.3,272.26 1 0
github.com/Kush-Singh-26/kosh/builder/utils/fs_copy.go:272.26,274.4 1 0
github.com/Kush-Singh-26/kosh/builder/utils/fs_copy.go:275.3,275.13 1 0
github.com/Kush-Singh-26/kosh/builder/utils/fs_copy.go:277.2,278.17 2 0
github.com/Kush-Singh-26/kosh/builder/utils/fs_copy.go:278.17,280.3 1 0
github.com/Kush-Singh-26/kosh/builder/utils/fs_copy.go:281.2,281.75 1 0
github.com/Kush-Singh-26/kosh/builder/utils/fs_copy.go:285.54,287.2 1 0
github.com/Kush-Singh-26/kosh/builder/utils/fs_copy.go:289.120,292.46 3 1
github.com/Kush-Singh-26/kosh/builder/utils/fs_copy.go:292.46,294.3 1 0
github.com/Kush-Singh-26/kosh/builder/utils/fs_copy.go:296.2,297.21 2 1
github.com/Kush-Singh-26/kosh/builder/utils/fs_copy.go:297.21,299.3 1 0
github.com/Kush-Singh-26/kosh/builder/utils/fs_copy.go:300.2,301.26 2 1
github.com/Kush-Singh-26/kosh/builder/utils/fs_copy.go:301.26,303.3 1 0
github.com/Kush-Singh-26/kosh/builder/utils/fs_copy.go:305.2,312.34 6 1
github.com/Kush-Singh-26/kosh/builder/utils/fs_copy.go:312.34,314.13 2 1
github.com/Kush-Singh-26/kosh/builder/utils/fs_copy.go:314.13,316.8 2 1
github.com/Kush-Singh-26/kosh/builder/utils/fs_copy.go:316.8,317.12 1 1
github.com/Kush-Singh-26/kosh/builder/utils/fs_copy.go:318.23,319.12 1 0
github.com/Kush-Singh-26/kosh/builder/utils/fs_copy.go:320.35,321.13 1 1
github.com/Kush-Singh-26/kosh/builder/utils/fs_copy.go:321.13,323.7 1 1
github.com/Kush-Singh-26/kosh/builder/utils/fs_copy.go:324.6,324.13 1 1
github.com/Kush-Singh-26/kosh/builder/utils/fs_copy.go:324.13,325.20 1 1
github.com/Kush-Singh-26/kosh/builder/utils/fs_copy.go:325.20,326.36 1 1
github.com/Kush-Singh-26/kosh/builder/utils/fs_copy.go:326.36,331.9 4 0
github.com/Kush-Singh-26/kosh/builder/utils/fs_copy.go:333.7,334.99 2 1
github.com/Kush-Singh-26/kosh/builder/utils/fs_copy.go:334.99,338.8 3 0
github.com/Kush-Singh-26/kosh/builder/utils/fs_copy.go:338.13,338.37 1 1
github.com/Kush-Singh-26/kosh/builder/utils/fs_copy.go:338.37,340.8 1 1
github.com/Kush-Singh-26/kosh/builder/utils/fs_copy.go:346.2,346.39 1 1
github.com/Kush-Singh-26/kosh/builder/utils/fs_copy.go:346.39,348.13 2 1
github.com/Kush-Singh-26/kosh/builder/utils/fs_copy.go:348.13,350.8 2 1
github.com/Kush-Singh-26/kosh/builder/utils/fs_copy.go:350.8,351.12 1 1
github.com/Kush-Singh-26/kosh/builder/utils/fs_copy.go:352.23,353.12 1 0
github.com/Kush-Singh-26/kosh/builder/utils/fs_copy.go:354.38,355.13 1 1
github.com/Kush-Singh-26/kosh/builder/utils/fs_copy.go:355.13,357.7 1 1
github.com/Kush-Singh-26/kosh/builder/utils/fs_copy.go:358.6,359.120 2 0
github.com/Kush-Singh-26/kosh/builder/utils/fs_copy.go:359.120,363.7 3 0
github.com/Kush-Singh-26/kosh/builder/utils/fs_copy.go:370.2,371.116 2 1
github.com/Kush-Singh-26/kosh/builder/utils/fs_copy.go:371.116,372.17 1 1
github.com/Kush-Singh-26/kosh/builder/utils/fs_copy.go:372.17,374.4 1 0
github.com/Kush-Singh-26/kosh/builder/utils/fs_copy.go:375.3,375.19 1 1
github.com/Kush-Singh-26/kosh/builder/utils/fs_copy.go:375.19,377.4 1 1
github.com/Kush-Singh-26/kosh/builder/utils/fs_copy.go:379.3,382.32 4 1
github.com/Kush-Singh-26/kosh/builder/utils/fs_copy.go:382.32,384.4 1 0
github.com/Kush-Singh-26/kosh/builder/utils/fs_copy.go:385.3,386.124 2 1
github.com/Kush-Singh-26/kosh/builder/utils/fs_copy.go:386.124,387.46 1 1
github.com/Kush-Singh-26/kosh/builder/utils/fs_copy.go:387.46,389.5 1 0
github.com/Kush-Singh-26/kosh/builder/utils/fs_copy.go:391.3,391.17 1 1
github.com/Kush-Singh-26/kosh/builder/utils/fs_copy.go:391.17,393.4 1 0
github.com/Kush-Singh-26/kosh/builder/utils/fs_copy.go:395.3,397.31 3 1
github.com/Kush-Singh-26/kosh/builder/utils/fs_copy.go:397.31,399.11 2 1
github.com/Kush-Singh-26/kosh/builder/utils/fs_copy.go:400.22,401.21 1 0
github.com/Kush-Singh-26/kosh/builder/utils/fs_copy.go:402.58,402.58 0 1
github.com/Kush-Singh-26/kosh/builder/utils/fs_copy.go:404.9,405.11 1 0
github.com/Kush-Singh-26/kosh/builder/utils/fs_copy.go:406.22,407.21 1 0
github.com/Kush-Singh-26/kosh/builder/utils/fs_copy.go:408.61,408.61 0 0
github.com/Kush-Singh-26/kosh/builder/utils/fs_copy.go:411.3,411.13 1 1
github.com/Kush-Singh-26/kosh/builder/utils/fs_copy.go:414.2,418.20 4 1
github.com/Kush-Singh-26/kosh/builder/utils/fs_copy.go:418.20,420.3 1 0
github.com/Kush-Singh-26/kosh/builder/utils/fs_copy.go:421.2,421.19 1 1
github.com/Kush-Singh-26/kosh/builder/utils/fs_copy.go:421.19,423.3 1 0
github.com/Kush-Singh-26/kosh/builder/utils/fs_copy.go:425.2,425.12 1 1
github.com/Kush-Singh-26/kosh/builder/utils/fs_copy.go:428.148,429.20 1 1
github.com/Kush-Singh-26/kosh/builder/utils/fs_copy.go:429.20,432.17 3 0
github.com/Kush-Singh-26/kosh/builder/utils/fs_copy.go:432.17,434.4 1 0
github.com/Kush-Singh-26/kosh/builder/utils/fs_copy.go:437.2,445.57 3 1
github.com/Kush-Singh-26/kosh/builder/utils/fs_copy.go:445.57,446.62 1 0
github.com/Kush-Singh-26/kosh/builder/utils/fs_copy.go:446.62,448.4 1 0
github.com/Kush-Singh-26/kosh/builder/utils/fs_copy.go:449.3,449.27 1 0
github.com/Kush-Singh-26/kosh/builder/utils/fs_copy.go:449.27,451.4 1 0
github.com/Kush-Singh-26/kosh/builder/utils/fs_copy.go:452.3,452.41 1 0
github.com/Kush-Singh-26/kosh/builder/utils/fs_copy.go:455.2,457.25 3 1
github.com/Kush-Singh-26/kosh/builder/utils/fs_copy.go:457.25,461.82 3 1
github.com/Kush-Singh-26/kosh/builder/utils/fs_copy.go:461.82,464.18 2 0
github.com/Kush-Singh-26/kosh/builder/utils/fs_copy.go:464.18,466.5 1 0
github.com/Kush-Singh-26/kosh/builder/utils/fs_copy.go:467.4,467.17 1 0
github.com/Kush-Singh-26/kosh/builder/utils/fs_copy.go:467.17,467.34 1 0
github.com/Kush-Singh-26/kosh/builder/utils/fs_copy.go:469.4,469.63 1 0
github.com/Kush-Singh-26/kosh/builder/utils/fs_copy.go:469.63,471.5 1 0
github.com/Kush-Singh-26/kosh/builder/utils/fs_copy.go:474.4,475.22 2 0
github.com/Kush-Singh-26/kosh/builder/utils/fs_copy.go:475.22,477.29 2 0
github.com/Kush-Singh-26/kosh/builder/utils/fs_copy.go:477.29,479.6 1 0
github.com/Kush-Singh-26/kosh/builder/utils/fs_copy.go:480.5,480.63 1 0
github.com/Kush-Singh-26/kosh/builder/utils/fs_copy.go:480.63,482.6 1 0
github.com/Kush-Singh-26/kosh/builder/utils/fs_copy.go:483.10,485.5 1 0
github.com/Kush-Singh-26/kosh/builder/utils/fs_copy.go:487.4,488.14 2 0
github.com/Kush-Singh-26/kosh/builder/utils/fs_copy.go:492.2,492.9 1 1
github.com/Kush-Singh-26/kosh/builder/utils/fs_copy.go:493.20,494.19 1 0
github.com/Kush-Singh-26/kosh/builder/utils/fs_copy.go:495.10,495.10 0 1
github.com/Kush-Singh-26/kosh/builder/utils/fs_copy.go:499.2,499.64 1 1
github.com/Kush-Singh-26/kosh/builder/utils/fs_copy.go:499.64,501.3 1 0
github.com/Kush-Singh-26/kosh/builder/utils/fs_copy.go:502.2,506.16 3 1
github.com/Kush-Singh-26/kosh/builder/utils/fs_copy.go:506.16,508.3 1 0
github.com/Kush-Singh-26/kosh/builder/utils/fs_copy.go:509.2,509.15 1 1
github.com/Kush-Singh-26/kosh/builder/utils/fs_copy.go:509.15,509.32 1 1
github.com/Kush-Singh-26/kosh/builder/utils/fs_copy.go:512.2,513.15 2 1
github.com/Kush-Singh-26/kosh/builder/utils/fs_copy.go:513.15,516.3 2 1
github.com/Kush-Singh-26/kosh/builder/utils/fs_copy.go:519.2,520.16 2 1
github.com/Kush-Singh-26/kosh/builder/utils/fs_copy.go:520.16,522.3 1 0
github.com/Kush-Singh-26/kosh/builder/utils/fs_copy.go:525.2,529.33 5 1
github.com/Kush-Singh-26/kosh/builder/utils/fs_copy.go:529.33,537.32 6 0
github.com/Kush-Singh-26/kosh/builder/utils/fs_copy.go:537.32,541.4 3 0
github.com/Kush-Singh-26/kosh/builder/utils/fs_copy.go:541.9,543.4 1 0
github.com/Kush-Singh-26/kosh/builder/utils/fs_copy.go:545.3,552.17 3 0
github.com/Kush-Singh-26/kosh/builder/utils/fs_copy.go:553.8,553.23 1 1
github.com/Kush-Singh-26/kosh/builder/utils/fs_copy.go:553.23,554.53 1 1
github.com/Kush-Singh-26/kosh/builder/utils/fs_copy.go:554.53,559.4 4 0
github.com/Kush-Singh-26/kosh/builder/utils/fs_copy.go:560.3,560.27 1 1
github.com/Kush-Singh-26/kosh/builder/utils/fs_copy.go:560.27,562.4 1 0
github.com/Kush-Singh-26/kosh/builder/utils/fs_copy.go:565.2,565.61 1 1
github.com/Kush-Singh-26/kosh/builder/utils/fs_copy.go:565.61,567.3 1 0
github.com/Kush-Singh-26/kosh/builder/utils/fs_copy.go:569.2,570.42 2 1
github.com/Kush-Singh-26/kosh/builder/utils/fs_copy.go:570.42,572.3 1 0
github.com/Kush-Singh-26/kosh/builder/utils/fs_copy.go:575.2,580.16 5 1
github.com/Kush-Singh-26/kosh/builder/utils/fs_copy.go:580.16,582.3 1 0
github.com/Kush-Singh-26/kosh/builder/utils/fs_copy.go:583.2,590.21 5 1
github.com/Kush-Singh-26/kosh/builder/utils/fs_copy.go:590.21,592.3 1 1
github.com/Kush-Singh-26/kosh/builder/utils/fs_copy.go:594.2,594.26 1 1
github.com/Kush-Singh-26/kosh/builder/utils/fs_copy.go:594.26,596.3 1 0
github.com/Kush-Singh-26/kosh/builder/utils/fs_copy.go:598.2,599.16 2 1
github.com/Kush-Singh-26/kosh/builder/utils/fs_copy.go:599.16,601.3 1 1
github.com/Kush-Singh-26/kosh/builder/utils/fs_copy.go:603.2,603.12 1 1
github.com/Kush-Singh-26/kosh/builder/utils/fs_hash.go:13.50,15.27 2 0
github.com/Kush-Singh-26/kosh/builder/utils/fs_hash.go:15.27,16.82 1 0
github.com/Kush-Singh-26/kosh/builder/utils/fs_hash.go:16.82,17.18 1 0
github.com/Kush-Singh-26/kosh/builder/utils/fs_hash.go:17.18,19.5 1 0
github.com/Kush-Singh-26/kosh/builder/utils/fs_hash.go:20.4,20.17 1 0
github.com/Kush-Singh-26/kosh/builder/utils/fs_hash.go:20.17,22.5 1 0
github.com/Kush-Singh-26/kosh/builder/utils/fs_hash.go:23.4,24.18 2 0
github.com/Kush-Singh-26/kosh/builder/utils/fs_hash.go:24.18,26.5 1 0
github.com/Kush-Singh-26/kosh/builder/utils/fs_hash.go:27.4,28.102 2 0
github.com/Kush-Singh-26/kosh/builder/utils/fs_hash.go:28.102,30.5 1 0
github.com/Kush-Singh-26/kosh/builder/utils/fs_hash.go:31.4,31.14 1 0
github.com/Kush-Singh-26/kosh/builder/utils/fs_hash.go:33.3,33.40 1 0
github.com/Kush-Singh-26/kosh/builder/utils/fs_hash.go:33.40,35.4 1 0
github.com/Kush-Singh-26/kosh/builder/utils/fs_hash.go:37.2,39.38 3 0
github.com/Kush-Singh-26/kosh/builder/utils/fs_path.go:14.40,15.31 1 1
github.com/Kush-Singh-26/kosh/builder/utils/fs_path.go:15.31,17.3 1 1
github.com/Kush-Singh-26/kosh/builder/utils/fs_path.go:20.2,20.101 1 1
github.com/Kush-Singh-26/kosh/builder/utils/fs_path.go:20.101,21.24 1 1
github.com/Kush-Singh-26/kosh/builder/utils/fs_path.go:21.24,23.4 1 1
github.com/Kush-Singh-26/kosh/builder/utils/fs_path.go:25.3,25.104 1 1
github.com/Kush-Singh-26/kosh/builder/utils/fs_path.go:25.104,27.4 1 1
github.com/Kush-Singh-26/kosh/builder/utils/fs_path.go:28.3,28.14 1 1
github.com/Kush-Singh-26/kosh/builder/utils/fs_path.go:32.2,38.31 3 1
github.com/Kush-Singh-26/kosh/builder/utils/fs_path.go:38.31,39.39 1 1
github.com/Kush-Singh-26/kosh/builder/utils/fs_path.go:39.39,40.40 1 1
github.com/Kush-Singh-26/kosh/builder/utils/fs_path.go:40.40,42.5 1 0
github.com/Kush-Singh-26/kosh/builder/utils/fs_path.go:46.2,46.13 1 1
github.com/Kush-Singh-26/kosh/builder/utils/fs_path.go:49.52,51.16 2 1
github.com/Kush-Singh-26/kosh/builder/utils/fs_path.go:51.16,53.3 1 0
github.com/Kush-Singh-26/kosh/builder/utils/fs_path.go:54.2,54.32 1 1
github.com/Kush-Singh-26/kosh/builder/utils/fs_path.go:57.40,58.13 1 1
github.com/Kush-Singh-26/kosh/builder/utils/fs_path.go:58.13,60.3 1 1
github.com/Kush-Singh-26/kosh/builder/utils/fs_path.go:61.2,62.22 2 1
github.com/Kush-Singh-26/kosh/builder/utils/fs_path.go:65.49,67.14 2 1
github.com/Kush-Singh-26/kosh/builder/utils/fs_path.go:67.14,69.32 2 1
github.com/Kush-Singh-26/kosh/builder/utils/fs_path.go:69.32,70.56 1 0
github.com/Kush-Singh-26/kosh/builder/utils/fs_path.go:70.56,72.5 1 0
github.com/Kush-Singh-26/kosh/builder/utils/fs_path.go:74.3,74.33 1 1
github.com/Kush-Singh-26/kosh/builder/utils/fs_path.go:74.33,75.113 1 1
github.com/Kush-Singh-26/kosh/builder/utils/fs_path.go:75.113,77.5 1 1
github.com/Kush-Singh-26/kosh/builder/utils/fs_path.go:80.2,80.34 1 1
github.com/Kush-Singh-26/kosh/builder/utils/fs_path.go:83.51,85.16 2 1
github.com/Kush-Singh-26/kosh/builder/utils/fs_path.go:85.16,87.3 1 0
github.com/Kush-Singh-26/kosh/builder/utils/fs_path.go:89.2,89.33 1 1
github.com/Kush-Singh-26/kosh/builder/utils/fs_path.go:89.33,91.3 1 1
github.com/Kush-Singh-26/kosh/builder/utils/fs_path.go:93.2,93.32 1 1
github.com/Kush-Singh-26/kosh/builder/utils/fs_path.go:96.64,97.62 1 0
github.com/Kush-Singh-26/kosh/builder/utils/fs_path.go:97.62,99.3 1 0
github.com/Kush-Singh-26/kosh/builder/utils/fs_path.go:100.2,100.46 1 0
github.com/Kush-Singh-26/kosh/builder/utils/fs_path.go:103.48,104.24 1 1
github.com/Kush-Singh-26/kosh/builder/utils/fs_path.go:104.24,106.3 1 0
github.com/Kush-Singh-26/kosh/builder/utils/fs_path.go:109.2,112.37 2 1
github.com/Kush-Singh-26/kosh/builder/utils/fs_path.go:112.37,114.3 1 1
github.com/Kush-Singh-26/kosh/builder/utils/fs_path.go:116.2,116.55 1 1
github.com/Kush-Singh-26/kosh/builder/utils/fs_path.go:116.55,118.3 1 1
github.com/Kush-Singh-26/kosh/builder/utils/fs_path.go:120.2,121.33 2 1
github.com/Kush-Singh-26/kosh/builder/utils/fs_path.go:121.33,122.21 1 1
github.com/Kush-Singh-26/kosh/builder/utils/fs_path.go:122.21,124.4 1 1
github.com/Kush-Singh-26/kosh/builder/utils/fs_path.go:127.2,127.16 1 1
github.com/Kush-Singh-26/kosh/builder/utils/fs_path.go:127.16,129.3 1 0
github.com/Kush-Singh-26/kosh/builder/utils/fs_path.go:131.2,131.15 1 1
github.com/Kush-Singh-26/kosh/builder/utils/fs_path.go:132.9,133.15 1 1
github.com/Kush-Singh-26/kosh/builder/utils/fs_path.go:134.9,135.18 1 0
github.com/Kush-Singh-26/kosh/builder/utils/fs_path.go:136.9,137.21 1 1
github.com/Kush-Singh-26/kosh/builder/utils/fs_path.go:138.10,139.38 1 0
github.com/Kush-Singh-26/kosh/builder/utils/fs_path.go:145.59,146.15 1 0
github.com/Kush-Singh-26/kosh/builder/utils/fs_path.go:146.15,148.3 1 0
github.com/Kush-Singh-26/kosh/builder/utils/fs_path.go:150.2,151.6 2 0
github.com/Kush-Singh-26/kosh/builder/utils/fs_path.go:151.6,152.24 1 0
github.com/Kush-Singh-26/kosh/builder/utils/fs_path.go:153.20,154.21 1 0
github.com/Kush-Singh-26/kosh/builder/utils/fs_path.go:155.26,160.9 1 0
github.com/Kush-Singh-26/kosh/builder/utils/fs_path.go:162.3,162.8 1 0
github.com/Kush-Singh-26/kosh/builder/utils/fs_path.go:167.2,168.38 2 0
github.com/Kush-Singh-26/kosh/builder/utils/fs_path.go:168.38,170.3 1 0
github.com/Kush-Singh-26/kosh/builder/utils/fs_path.go:172.2,172.18 1 0
github.com/Kush-Singh-26/kosh/builder/utils/fs_path.go:175.33,176.30 1 1
github.com/Kush-Singh-26/kosh/builder/utils/fs_path.go:176.30,177.19 1 1
github.com/Kush-Singh-26/kosh/builder/utils/fs_path.go:177.19,179.4 1 1
github.com/Kush-Singh-26/kosh/builder/utils/fs_path.go:181.2,181.14 1 1
github.com/Kush-Singh-26/kosh/builder/utils/fs_path.go:184.50,186.2 1 0
github.com/Kush-Singh-26/kosh/builder/utils/fs_path.go:190.24,192.9 2 0
github.com/Kush-Singh-26/kosh/builder/utils/fs_path.go:192.9,194.3 1 0
github.com/Kush-Singh-26/kosh/builder/utils/fs_path.go:196.2,196.70 1 0
github.com/Kush-Singh-26/kosh/builder/utils/fs_path.go:200.39,203.2 2 0
github.com/Kush-Singh-26/kosh/builder/utils/hash.go:17.66,26.53 6 1
github.com/Kush-Singh-26/kosh/builder/utils/hash.go:26.53,28.3 1 0
github.com/Kush-Singh-26/kosh/builder/utils/hash.go:28.8,30.3 1 1
github.com/Kush-Singh-26/kosh/builder/utils/hash.go:31.2,35.19 3 1
github.com/Kush-Singh-26/kosh/builder/utils/hash.go:35.19,37.28 2 1
github.com/Kush-Singh-26/kosh/builder/utils/hash.go:37.28,40.4 2 1
github.com/Kush-Singh-26/kosh/builder/utils/hash.go:44.2,44.56 1 1
github.com/Kush-Singh-26/kosh/builder/utils/hash.go:44.56,46.3 1 1
github.com/Kush-Singh-26/kosh/builder/utils/hash.go:46.8,48.3 1 1
github.com/Kush-Singh-26/kosh/builder/utils/hash.go:50.2,52.38 3 1
github.com/Kush-Singh-26/kosh/builder/utils/hash.go:57.103,67.58 6 0
github.com/Kush-Singh-26/kosh/builder/utils/hash.go:67.58,69.3 1 0
github.com/Kush-Singh-26/kosh/builder/utils/hash.go:69.8,71.3 1 0
github.com/Kush-Singh-26/kosh/builder/utils/hash.go:72.2,74.19 2 0
github.com/Kush-Singh-26/kosh/builder/utils/hash.go:74.19,77.29 3 0
github.com/Kush-Singh-26/kosh/builder/utils/hash.go:77.29,79.4 1 0
github.com/Kush-Singh-26/kosh/builder/utils/hash.go:80.3,81.34 2 0
github.com/Kush-Singh-26/kosh/builder/utils/hash.go:81.34,84.4 2 0
github.com/Kush-Singh-26/kosh/builder/utils/hash.go:87.2,87.12 1 0
github.com/Kush-Singh-26/kosh/builder/utils/hash.go:87.12,89.3 1 0
github.com/Kush-Singh-26/kosh/builder/utils/hash.go:89.8,91.3 1 0
github.com/Kush-Singh-26/kosh/builder/utils/hash.go:93.2,95.33 3 0
github.com/Kush-Singh-26/kosh/builder/utils/hash.go:99.48,101.2 1 1
github.com/Kush-Singh-26/kosh/builder/utils/hash.go:106.36,110.2 3 1
github.com/Kush-Singh-26/kosh/builder/utils/hash.go:115.40,117.21 2 1
github.com/Kush-Singh-26/kosh/builder/utils/hash.go:117.21,119.3 1 1
github.com/Kush-Singh-26/kosh/builder/utils/hash.go:120.2,120.26 1 1
github.com/Kush-Singh-26/kosh/builder/utils/hash.go:125.66,127.20 2 0
github.com/Kush-Singh-26/kosh/builder/utils/hash.go:127.20,129.3 1 0
github.com/Kush-Singh-26/kosh/builder/utils/hash.go:131.2,133.35 3 0
github.com/Kush-Singh-26/kosh/builder/utils/hash.go:133.35,135.3 1 0
github.com/Kush-Singh-26/kosh/builder/utils/hash.go:136.2,136.37 1 0
github.com/Kush-Singh-26/kosh/builder/utils/hash.go:139.60,140.20 1 0
github.com/Kush-Singh-26/kosh/builder/utils/hash.go:140.20,142.3 1 0
github.com/Kush-Singh-26/kosh/builder/utils/hash.go:143.2,144.56 2 0
github.com/Kush-Singh-26/kosh/builder/utils/hash.go:144.56,146.3 1 0
github.com/Kush-Singh-26/kosh/builder/utils/hash.go:147.2,147.22 1 0
github.com/Kush-Singh-26/kosh/builder/utils/hash.go:156.64,158.26 2 1
github.com/Kush-Singh-26/kosh/builder/utils/hash.go:158.26,164.3 1 1
github.com/Kush-Singh-26/kosh/builder/utils/hash.go:166.2,167.16 2 1
github.com/Kush-Singh-26/kosh/builder/utils/hash.go:167.16,169.3 1 0
github.com/Kush-Singh-26/kosh/builder/utils/hash.go:171.2,173.38 3 1
github.com/Kush-Singh-26/kosh/builder/utils/mem_sink.go:15.28,17.2 1 0
github.com/Kush-Singh-26/kosh/builder/utils/mem_sink.go:19.61,22.2 2 0
github.com/Kush-Singh-26/kosh/builder/utils/mem_sink.go:24.76,27.33 2 0
github.com/Kush-Singh-26/kosh/builder/utils/mem_sink.go:27.33,29.3 1 0
github.com/Kush-Singh-26/kosh/builder/utils/mem_sink.go:30.2,31.12 2 0
github.com/Kush-Singh-26/kosh/builder/utils/mem_sink.go:34.47,34.61 1 0
github.com/Kush-Singh-26/kosh/builder/utils/mem_sink.go:35.48,35.49 0 0
github.com/Kush-Singh-26/kosh/builder/utils/mem_sink.go:36.53,38.36 2 0
github.com/Kush-Singh-26/kosh/builder/utils/mem_sink.go:38.36,41.3 2 0
github.com/Kush-Singh-26/kosh/builder/utils/mem_sink.go:42.2,42.12 1 0
github.com/Kush-Singh-26/kosh/builder/utils/mem_sink.go:44.64,44.81 1 0
github.com/Kush-Singh-26/kosh/builder/utils/mem_sink.go:45.64,45.85 1 0
github.com/Kush-Singh-26/kosh/builder/utils/mem_sink.go:46.51,51.2 1 0
github.com/Kush-Singh-26/kosh/builder/utils/mem_sink.go:53.64,53.78 1 0
github.com/Kush-Singh-26/kosh/builder/utils/mem_sink.go:59.57,62.2 2 0
github.com/Kush-Singh-26/kosh/builder/utils/mem_sink.go:64.37,64.54 1 0
github.com/Kush-Singh-26/kosh/builder/utils/minifier.go:15.21,23.2 3 0
github.com/Kush-Singh-26/kosh/builder/utils/minifier.go:25.87,27.78 1 0
github.com/Kush-Singh-26/kosh/builder/utils/minifier.go:27.78,29.3 1 0
github.com/Kush-Singh-26/kosh/builder/utils/minifier.go:30.2,30.77 1 0
github.com/Kush-Singh-26/kosh/builder/utils/minifier.go:33.94,36.15 2 0
github.com/Kush-Singh-26/kosh/builder/utils/minifier.go:36.15,38.3 1 0
github.com/Kush-Singh-26/kosh/builder/utils/minifier.go:39.2,39.15 1 0
github.com/Kush-Singh-26/kosh/builder/utils/minifier.go:39.15,41.3 1 0
github.com/Kush-Singh-26/kosh/builder/utils/minifier.go:43.2,47.6 4 0
github.com/Kush-Singh-26/kosh/builder/utils/minifier.go:47.6,51.7 3 0
github.com/Kush-Singh-26/kosh/builder/utils/minifier.go:51.7,53.25 2 0
github.com/Kush-Singh-26/kosh/builder/utils/minifier.go:53.25,54.10 1 0
github.com/Kush-Singh-26/kosh/builder/utils/minifier.go:56.4,57.38 2 0
github.com/Kush-Singh-26/kosh/builder/utils/minifier.go:57.38,58.10 1 0
github.com/Kush-Singh-26/kosh/builder/utils/minifier.go:61.4,63.74 1 0
github.com/Kush-Singh-26/kosh/builder/utils/minifier.go:63.74,65.10 2 0
github.com/Kush-Singh-26/kosh/builder/utils/minifier.go:67.4,67.33 1 0
github.com/Kush-Singh-26/kosh/builder/utils/minifier.go:70.3,70.16 1 0
github.com/Kush-Singh-26/kosh/builder/utils/minifier.go:70.16,72.9 2 0
github.com/Kush-Singh-26/kosh/builder/utils/minifier.go:75.3,79.19 3 0
github.com/Kush-Singh-26/kosh/builder/utils/minifier.go:79.19,81.9 2 0
github.com/Kush-Singh-26/kosh/builder/utils/minifier.go:84.3,94.17 6 0
github.com/Kush-Singh-26/kosh/builder/utils/minifier.go:94.17,96.4 1 0
github.com/Kush-Singh-26/kosh/builder/utils/minifier.go:98.3,98.30 1 0
github.com/Kush-Singh-26/kosh/builder/utils/minifier.go:98.30,99.72 1 0
github.com/Kush-Singh-26/kosh/builder/utils/minifier.go:99.72,102.5 2 0
github.com/Kush-Singh-26/kosh/builder/utils/minifier.go:105.3,105.19 1 0
github.com/Kush-Singh-26/kosh/builder/utils/minifier.go:105.19,107.12 2 0
github.com/Kush-Singh-26/kosh/builder/utils/minifier.go:110.3,112.19 3 0
github.com/Kush-Singh-26/kosh/builder/utils/minifier.go:112.19,114.12 2 0
github.com/Kush-Singh-26/kosh/builder/utils/minifier.go:118.3,121.120 3 0
github.com/Kush-Singh-26/kosh/builder/utils/minifier.go:121.120,123.16 1 0
github.com/Kush-Singh-26/kosh/builder/utils/minifier.go:123.16,125.57 2 0
github.com/Kush-Singh-26/kosh/builder/utils/minifier.go:125.57,127.6 1 0
github.com/Kush-Singh-26/kosh/builder/utils/minifier.go:131.4,131.52 1 0
github.com/Kush-Singh-26/kosh/builder/utils/minifier.go:131.52,132.22 1 0
github.com/Kush-Singh-26/kosh/builder/utils/minifier.go:132.22,134.6 1 0
github.com/Kush-Singh-26/kosh/builder/utils/minifier.go:134.11,136.6 1 0
github.com/Kush-Singh-26/kosh/builder/utils/minifier.go:140.4,140.30 1 0
github.com/Kush-Singh-26/kosh/builder/utils/minifier.go:144.3,146.38 3 0
github.com/Kush-Singh-26/kosh/builder/utils/minifier.go:149.2,149.23 1 0
github.com/Kush-Singh-26/kosh/builder/utils/navigation.go:11.119,12.24 1 0
github.com/Kush-Singh-26/kosh/builder/utils/navigation.go:12.24,14.3 1 0
github.com/Kush-Singh-26/kosh/builder/utils/navigation.go:16.2,20.35 3 0
github.com/Kush-Singh-26/kosh/builder/utils/navigation.go:20.35,22.36 1 0
github.com/Kush-Singh-26/kosh/builder/utils/navigation.go:22.36,24.9 2 0
github.com/Kush-Singh-26/kosh/builder/utils/navigation.go:28.2,28.22 1 0
github.com/Kush-Singh-26/kosh/builder/utils/navigation.go:28.22,30.36 1 0
github.com/Kush-Singh-26/kosh/builder/utils/navigation.go:30.36,31.39 1 0
github.com/Kush-Singh-26/kosh/builder/utils/navigation.go:31.39,33.10 2 0
github.com/Kush-Singh-26/kosh/builder/utils/navigation.go:38.2,38.22 1 0
github.com/Kush-Singh-26/kosh/builder/utils/navigation.go:38.22,40.3 1 0
github.com/Kush-Singh-26/kosh/builder/utils/navigation.go:42.2,45.20 2 0
github.com/Kush-Singh-26/kosh/builder/utils/navigation.go:45.20,51.3 2 0
github.com/Kush-Singh-26/kosh/builder/utils/navigation.go:54.2,54.37 1 0
github.com/Kush-Singh-26/kosh/builder/utils/navigation.go:54.37,60.3 2 0
github.com/Kush-Singh-26/kosh/builder/utils/navigation.go:62.2,62.19 1 0
github.com/Kush-Singh-26/kosh/builder/utils/pools.go:16.34,19.20 1 1
github.com/Kush-Singh-26/kosh/builder/utils/pools.go:19.20,21.5 1 1
github.com/Kush-Singh-26/kosh/builder/utils/pools.go:26.42,28.2 1 1
github.com/Kush-Singh-26/kosh/builder/utils/pools.go:30.45,31.31 1 1
github.com/Kush-Singh-26/kosh/builder/utils/pools.go:31.31,33.3 1 0
github.com/Kush-Singh-26/kosh/builder/utils/pools.go:34.2,35.17 2 1
github.com/Kush-Singh-26/kosh/builder/utils/pools.go:43.48,46.20 1 1
github.com/Kush-Singh-26/kosh/builder/utils/pools.go:46.20,48.5 1 1
github.com/Kush-Singh-26/kosh/builder/utils/pools.go:53.52,55.2 1 1
github.com/Kush-Singh-26/kosh/builder/utils/pools.go:57.54,58.30 1 1
github.com/Kush-Singh-26/kosh/builder/utils/pools.go:58.30,60.3 1 1
github.com/Kush-Singh-26/kosh/builder/utils/pools.go:61.2,62.16 2 1
github.com/Kush-Singh-26/kosh/builder/utils/pools.go:70.44,73.20 1 1
github.com/Kush-Singh-26/kosh/builder/utils/pools.go:73.20,75.5 1 1
github.com/Kush-Singh-26/kosh/builder/utils/pools.go:80.58,81.35 1 1
github.com/Kush-Singh-26/kosh/builder/utils/pools.go:81.35,85.3 3 1
github.com/Kush-Singh-26/kosh/builder/utils/pools.go:86.2,86.46 1 0
github.com/Kush-Singh-26/kosh/builder/utils/pools.go:89.49,92.2 2 1
github.com/Kush-Singh-26/kosh/builder/utils/pools.go:99.44,102.20 1 1
github.com/Kush-Singh-26/kosh/builder/utils/pools.go:102.20,104.5 1 1
github.com/Kush-Singh-26/kosh/builder/utils/pools.go:109.58,110.35 1 1
github.com/Kush-Singh-26/kosh/builder/utils/pools.go:110.35,114.3 3 1
github.com/Kush-Singh-26/kosh/builder/utils/pools.go:115.2,115.46 1 0
github.com/Kush-Singh-26/kosh/builder/utils/pools.go:118.49,121.2 2 1
github.com/Kush-Singh-26/kosh/builder/utils/pools.go:136.40,139.20 1 1
github.com/Kush-Singh-26/kosh/builder/utils/pools.go:139.20,142.5 2 0
github.com/Kush-Singh-26/kosh/builder/utils/pools.go:147.39,149.2 1 0
github.com/Kush-Singh-26/kosh/builder/utils/pools.go:151.40,152.39 1 0
github.com/Kush-Singh-26/kosh/builder/utils/pools.go:152.39,154.3 1 0
github.com/Kush-Singh-26/kosh/builder/utils/pools.go:155.2,156.15 2 0
github.com/Kush-Singh-26/kosh/builder/utils/retry.go:12.115,14.34 2 1
github.com/Kush-Singh-26/kosh/builder/utils/retry.go:14.34,15.10 1 1
github.com/Kush-Singh-26/kosh/builder/utils/retry.go:16.21,17.20 1 1
github.com/Kush-Singh-26/kosh/builder/utils/retry.go:18.11,18.11 0 1
github.com/Kush-Singh-26/kosh/builder/utils/retry.go:21.3,22.17 2 1
github.com/Kush-Singh-26/kosh/builder/utils/retry.go:22.17,24.4 1 1
github.com/Kush-Singh-26/kosh/builder/utils/retry.go:25.3,25.25 1 1
github.com/Kush-Singh-26/kosh/builder/utils/retry.go:25.25,27.4 1 1
github.com/Kush-Singh-26/kosh/builder/utils/retry.go:29.3,29.13 1 1
github.com/Kush-Singh-26/kosh/builder/utils/retry.go:29.13,31.4 1 1
github.com/Kush-Singh-26/kosh/builder/utils/retry.go:34.3,39.10 4 1
github.com/Kush-Singh-26/kosh/builder/utils/retry.go:40.21,42.20 2 0
github.com/Kush-Singh-26/kosh/builder/utils/retry.go:43.18,43.18 0 1
github.com/Kush-Singh-26/kosh/builder/utils/retry.go:46.2,46.12 1 1
github.com/Kush-Singh-26/kosh/builder/utils/retry.go:51.106,53.34 2 1
github.com/Kush-Singh-26/kosh/builder/utils/retry.go:53.34,54.10 1 1
github.com/Kush-Singh-26/kosh/builder/utils/retry.go:55.21,56.20 1 1
github.com/Kush-Singh-26/kosh/builder/utils/retry.go:57.11,57.11 0 1
github.com/Kush-Singh-26/kosh/builder/utils/retry.go:60.3,61.17 2 1
github.com/Kush-Singh-26/kosh/builder/utils/retry.go:61.17,63.4 1 1
github.com/Kush-Singh-26/kosh/builder/utils/retry.go:65.3,65.13 1 1
github.com/Kush-Singh-26/kosh/builder/utils/retry.go:65.13,67.4 1 1
github.com/Kush-Singh-26/kosh/builder/utils/retry.go:70.3,74.10 4 1
github.com/Kush-Singh-26/kosh/builder/utils/retry.go:75.21,77.20 2 0
github.com/Kush-Singh-26/kosh/builder/utils/retry.go:78.18,78.18 0 1
github.com/Kush-Singh-26/kosh/builder/utils/retry.go:81.2,81.12 1 1
github.com/Kush-Singh-26/kosh/builder/utils/scheduler.go:48.41,68.2 3 1
github.com/Kush-Singh-26/kosh/builder/utils/scheduler.go:70.79,72.9 2 1
github.com/Kush-Singh-26/kosh/builder/utils/scheduler.go:72.9,74.3 1 0
github.com/Kush-Singh-26/kosh/builder/utils/scheduler.go:75.2,75.35 1 1
github.com/Kush-Singh-26/kosh/builder/utils/scheduler.go:78.52,80.9 2 1
github.com/Kush-Singh-26/kosh/builder/utils/scheduler.go:80.9,82.3 1 0
github.com/Kush-Singh-26/kosh/builder/utils/scheduler.go:83.2,83.23 1 1
github.com/Kush-Singh-26/kosh/builder/utils/sink.go:40.62,42.16 2 1
github.com/Kush-Singh-26/kosh/builder/utils/sink.go:42.16,44.3 1 0
github.com/Kush-Singh-26/kosh/builder/utils/sink.go:45.2,46.16 2 1
github.com/Kush-Singh-26/kosh/builder/utils/sink.go:46.16,48.3 1 0
github.com/Kush-Singh-26/kosh/builder/utils/sink.go:49.2,55.20 1 1
github.com/Kush-Singh-26/kosh/builder/utils/sink.go:55.20,58.5 1 0
github.com/Kush-Singh-26/kosh/builder/utils/sink.go:63.2,65.10 3 1
github.com/Kush-Singh-26/kosh/builder/utils/sink.go:68.66,69.43 1 1
github.com/Kush-Singh-26/kosh/builder/utils/sink.go:69.43,71.3 1 1
github.com/Kush-Singh-26/kosh/builder/utils/sink.go:73.2,76.48 3 1
github.com/Kush-Singh-26/kosh/builder/utils/sink.go:76.48,79.17 2 1
github.com/Kush-Singh-26/kosh/builder/utils/sink.go:79.17,81.4 1 0
github.com/Kush-Singh-26/kosh/builder/utils/sink.go:82.3,85.53 2 1
github.com/Kush-Singh-26/kosh/builder/utils/sink.go:85.53,87.18 2 1
github.com/Kush-Singh-26/kosh/builder/utils/sink.go:87.18,89.5 1 0
github.com/Kush-Singh-26/kosh/builder/utils/sink.go:90.4,90.52 1 1
github.com/Kush-Singh-26/kosh/builder/utils/sink.go:91.9,91.57 1 1
github.com/Kush-Singh-26/kosh/builder/utils/sink.go:91.57,93.4 1 1
github.com/Kush-Singh-26/kosh/builder/utils/sink.go:93.9,95.4 1 1
github.com/Kush-Singh-26/kosh/builder/utils/sink.go:96.8,98.48 1 1
github.com/Kush-Singh-26/kosh/builder/utils/sink.go:98.48,100.18 2 0
github.com/Kush-Singh-26/kosh/builder/utils/sink.go:100.18,102.5 1 0
github.com/Kush-Singh-26/kosh/builder/utils/sink.go:102.10,104.5 1 0
github.com/Kush-Singh-26/kosh/builder/utils/sink.go:105.9,107.4 1 1
github.com/Kush-Singh-26/kosh/builder/utils/sink.go:110.2,111.22 2 1
github.com/Kush-Singh-26/kosh/builder/utils/sink.go:115.46,117.27 2 1
github.com/Kush-Singh-26/kosh/builder/utils/sink.go:117.27,119.3 1 1
github.com/Kush-Singh-26/kosh/builder/utils/sink.go:120.2,120.45 1 1
github.com/Kush-Singh-26/kosh/builder/utils/sink.go:120.45,122.3 1 1
github.com/Kush-Singh-26/kosh/builder/utils/sink.go:124.2,124.97 1 1
github.com/Kush-Singh-26/kosh/builder/utils/sink.go:127.55,131.35 4 1
github.com/Kush-Singh-26/kosh/builder/utils/sink.go:131.35,133.3 1 1
github.com/Kush-Singh-26/kosh/builder/utils/sink.go:134.2,135.20 2 1
github.com/Kush-Singh-26/kosh/builder/utils/sink.go:139.59,140.31 1 1
github.com/Kush-Singh-26/kosh/builder/utils/sink.go:140.31,142.3 1 0
github.com/Kush-Singh-26/kosh/builder/utils/sink.go:143.2,143.40 1 1
github.com/Kush-Singh-26/kosh/builder/utils/sink.go:143.40,145.27 2 1
github.com/Kush-Singh-26/kosh/builder/utils/sink.go:145.27,147.4 1 1
github.com/Kush-Singh-26/kosh/builder/utils/sink.go:148.3,148.26 1 1
github.com/Kush-Singh-26/kosh/builder/utils/sink.go:148.26,150.4 1 1
github.com/Kush-Singh-26/kosh/builder/utils/sink.go:152.2,152.13 1 1
github.com/Kush-Singh-26/kosh/builder/utils/sink.go:155.39,156.42 1 1
github.com/Kush-Singh-26/kosh/builder/utils/sink.go:156.42,159.3 2 0
github.com/Kush-Singh-26/kosh/builder/utils/sink.go:162.2,164.49 3 1
github.com/Kush-Singh-26/kosh/builder/utils/sink.go:164.49,166.3 1 1
github.com/Kush-Singh-26/kosh/builder/utils/sink.go:166.8,167.58 1 1
github.com/Kush-Singh-26/kosh/builder/utils/sink.go:167.58,169.37 2 1
github.com/Kush-Singh-26/kosh/builder/utils/sink.go:169.37,171.5 1 1
github.com/Kush-Singh-26/kosh/builder/utils/sink.go:172.4,172.106 1 1
github.com/Kush-Singh-26/kosh/builder/utils/sink.go:173.9,175.4 1 1
github.com/Kush-Singh-26/kosh/builder/utils/sink.go:177.2,179.41 3 1
github.com/Kush-Singh-26/kosh/builder/utils/sink.go:182.49,185.2 2 1
github.com/Kush-Singh-26/kosh/builder/utils/sink.go:187.45,189.16 2 1
github.com/Kush-Singh-26/kosh/builder/utils/sink.go:189.16,191.3 1 0
github.com/Kush-Singh-26/kosh/builder/utils/sink.go:193.2,194.47 2 1
github.com/Kush-Singh-26/kosh/builder/utils/sink.go:194.47,196.3 1 1
github.com/Kush-Singh-26/kosh/builder/utils/sink.go:198.2,198.70 1 1
github.com/Kush-Singh-26/kosh/builder/utils/sink.go:198.70,200.3 1 0
github.com/Kush-Singh-26/kosh/builder/utils/sink.go:202.2,203.12 2 1
github.com/Kush-Singh-26/kosh/builder/utils/sink.go:206.59,208.16 2 1
github.com/Kush-Singh-26/kosh/builder/utils/sink.go:208.16,210.3 1 1
github.com/Kush-Singh-26/kosh/builder/utils/sink.go:211.2,211.44 1 1
github.com/Kush-Singh-26/kosh/builder/utils/sink.go:211.44,213.3 1 0
github.com/Kush-Singh-26/kosh/builder/utils/sink.go:215.2,216.16 2 1
github.com/Kush-Singh-26/kosh/builder/utils/sink.go:216.16,218.3 1 1
github.com/Kush-Singh-26/kosh/builder/utils/sink.go:219.2,219.12 1 1
github.com/Kush-Singh-26/kosh/builder/utils/sink.go:222.74,224.16 2 0
github.com/Kush-Singh-26/kosh/builder/utils/sink.go:224.16,226.3 1 0
github.com/Kush-Singh-26/kosh/builder/utils/sink.go:227.2,227.44 1 0
github.com/Kush-Singh-26/kosh/builder/utils/sink.go:227.44,229.3 1 0
github.com/Kush-Singh-26/kosh/builder/utils/sink.go:231.2,232.16 2 0
github.com/Kush-Singh-26/kosh/builder/utils/sink.go:232.16,234.3 1 0
github.com/Kush-Singh-26/kosh/builder/utils/sink.go:236.2,241.15 4 0
github.com/Kush-Singh-26/kosh/builder/utils/sink.go:241.15,250.31 4 0
github.com/Kush-Singh-26/kosh/builder/utils/sink.go:250.31,254.12 3 0
github.com/Kush-Singh-26/kosh/builder/utils/sink.go:258.2,260.59 2 0
github.com/Kush-Singh-26/kosh/builder/utils/sink.go:260.59,262.3 1 0
github.com/Kush-Singh-26/kosh/builder/utils/sink.go:265.2,265.58 1 0
github.com/Kush-Singh-26/kosh/builder/utils/sink.go:265.58,267.3 1 0
github.com/Kush-Singh-26/kosh/builder/utils/sink.go:269.2,269.29 1 0
github.com/Kush-Singh-26/kosh/builder/utils/sink.go:269.29,271.3 1 0
github.com/Kush-Singh-26/kosh/builder/utils/sink.go:271.8,274.3 1 0
github.com/Kush-Singh-26/kosh/builder/utils/sink.go:276.2,276.12 1 0
github.com/Kush-Singh-26/kosh/builder/utils/sink.go:279.54,281.49 2 1
github.com/Kush-Singh-26/kosh/builder/utils/sink.go:281.49,284.3 2 1
github.com/Kush-Singh-26/kosh/builder/utils/sink.go:285.2,285.12 1 1
github.com/Kush-Singh-26/kosh/builder/utils/sink.go:288.42,290.2 1 0
github.com/Kush-Singh-26/kosh/builder/utils/sink.go:293.46,295.2 1 0
github.com/Kush-Singh-26/kosh/builder/utils/sink.go:297.65,299.16 2 1
github.com/Kush-Singh-26/kosh/builder/utils/sink.go:299.16,301.3 1 1
github.com/Kush-Singh-26/kosh/builder/utils/sink.go:302.2,302.61 1 1
github.com/Kush-Singh-26/kosh/builder/utils/sink.go:305.52,307.16 2 1
github.com/Kush-Singh-26/kosh/builder/utils/sink.go:307.16,309.3 1 0
github.com/Kush-Singh-26/kosh/builder/utils/sink.go:310.2,310.44 1 1
github.com/Kush-Singh-26/kosh/builder/utils/sink.go:310.44,312.3 1 0
github.com/Kush-Singh-26/kosh/builder/utils/sink.go:315.2,315.74 1 1
github.com/Kush-Singh-26/kosh/builder/utils/sink.go:315.74,317.3 1 0
github.com/Kush-Singh-26/kosh/builder/utils/sink.go:319.2,320.12 2 1
github.com/Kush-Singh-26/kosh/builder/utils/sync.go:32.62,33.28 1 0
github.com/Kush-Singh-26/kosh/builder/utils/sync.go:33.28,36.17 3 0
github.com/Kush-Singh-26/kosh/builder/utils/sync.go:36.17,38.4 1 0
github.com/Kush-Singh-26/kosh/builder/utils/sync.go:40.2,40.36 1 0
github.com/Kush-Singh-26/kosh/builder/utils/sync.go:43.64,44.33 1 1
github.com/Kush-Singh-26/kosh/builder/utils/sync.go:44.33,47.17 3 1
github.com/Kush-Singh-26/kosh/builder/utils/sync.go:47.17,49.4 1 0
github.com/Kush-Singh-26/kosh/builder/utils/sync.go:51.2,51.46 1 1
github.com/Kush-Singh-26/kosh/builder/utils/sync.go:58.23,60.32 2 0
github.com/Kush-Singh-26/kosh/builder/utils/sync.go:60.32,62.3 1 0
github.com/Kush-Singh-26/kosh/builder/utils/sync.go:63.2,64.31 2 0
github.com/Kush-Singh-26/kosh/builder/utils/sync.go:64.31,66.3 1 0
github.com/Kush-Singh-26/kosh/builder/utils/sync.go:74.122,79.15 4 1
github.com/Kush-Singh-26/kosh/builder/utils/sync.go:79.15,80.20 1 1
github.com/Kush-Singh-26/kosh/builder/utils/sync.go:80.20,82.4 1 1
github.com/Kush-Singh-26/kosh/builder/utils/sync.go:86.2,90.31 3 1
github.com/Kush-Singh-26/kosh/builder/utils/sync.go:90.31,93.29 3 1
github.com/Kush-Singh-26/kosh/builder/utils/sync.go:93.29,95.4 1 1
github.com/Kush-Singh-26/kosh/builder/utils/sync.go:97.3,98.28 2 1
github.com/Kush-Singh-26/kosh/builder/utils/sync.go:98.28,101.4 2 1
github.com/Kush-Singh-26/kosh/builder/utils/sync.go:105.2,105.36 1 1
github.com/Kush-Singh-26/kosh/builder/utils/sync.go:105.36,111.28 4 1
github.com/Kush-Singh-26/kosh/builder/utils/sync.go:111.28,114.46 2 1
github.com/Kush-Singh-26/kosh/builder/utils/sync.go:114.46,116.5 1 0
github.com/Kush-Singh-26/kosh/builder/utils/sync.go:116.10,116.84 1 1
github.com/Kush-Singh-26/kosh/builder/utils/sync.go:116.84,119.5 2 0
github.com/Kush-Singh-26/kosh/builder/utils/sync.go:121.4,121.14 1 1
github.com/Kush-Singh-26/kosh/builder/utils/sync.go:121.14,124.5 2 0
github.com/Kush-Singh-26/kosh/builder/utils/sync.go:128.2,128.21 1 1
github.com/Kush-Singh-26/kosh/builder/utils/sync.go:128.21,130.3 1 0
github.com/Kush-Singh-26/kosh/builder/utils/sync.go:133.2,134.29 2 1
github.com/Kush-Singh-26/kosh/builder/utils/sync.go:134.29,136.3 1 1
github.com/Kush-Singh-26/kosh/builder/utils/sync.go:138.2,138.67 1 1
github.com/Kush-Singh-26/kosh/builder/utils/sync.go:138.67,140.3 1 1
github.com/Kush-Singh-26/kosh/builder/utils/sync.go:141.2,142.24 2 1
github.com/Kush-Singh-26/kosh/builder/utils/sync.go:142.24,144.3 1 1
github.com/Kush-Singh-26/kosh/builder/utils/sync.go:145.2,153.61 5 1
github.com/Kush-Singh-26/kosh/builder/utils/sync.go:153.61,154.80 1 1
github.com/Kush-Singh-26/kosh/builder/utils/sync.go:154.80,156.22 2 1
github.com/Kush-Singh-26/kosh/builder/utils/sync.go:156.22,158.5 1 1
github.com/Kush-Singh-26/kosh/builder/utils/sync.go:159.4,160.73 2 1
github.com/Kush-Singh-26/kosh/builder/utils/sync.go:163.2,165.29 2 1
github.com/Kush-Singh-26/kosh/builder/utils/sync.go:165.29,167.3 1 1
github.com/Kush-Singh-26/kosh/builder/utils/sync.go:168.2,170.20 2 1
github.com/Kush-Singh-26/kosh/builder/utils/sync.go:170.20,172.3 1 1
github.com/Kush-Singh-26/kosh/builder/utils/sync.go:174.2,175.12 2 1
github.com/Kush-Singh-26/kosh/builder/utils/sync.go:178.114,181.16 2 1
github.com/Kush-Singh-26/kosh/builder/utils/sync.go:181.16,184.17 2 0
github.com/Kush-Singh-26/kosh/builder/utils/sync.go:184.17,189.4 1 0
github.com/Kush-Singh-26/kosh/builder/utils/sync.go:192.2,194.19 2 1
github.com/Kush-Singh-26/kosh/builder/utils/sync.go:194.19,197.33 2 1
github.com/Kush-Singh-26/kosh/builder/utils/sync.go:197.33,200.50 2 1
github.com/Kush-Singh-26/kosh/builder/utils/sync.go:200.50,202.5 1 0
github.com/Kush-Singh-26/kosh/builder/utils/sync.go:206.3,207.17 2 1
github.com/Kush-Singh-26/kosh/builder/utils/sync.go:207.17,208.45 1 1
github.com/Kush-Singh-26/kosh/builder/utils/sync.go:208.46,210.5 0 1
github.com/Kush-Singh-26/kosh/builder/utils/sync.go:210.10,213.59 2 0
github.com/Kush-Singh-26/kosh/builder/utils/sync.go:213.59,215.22 1 0
github.com/Kush-Singh-26/kosh/builder/utils/sync.go:215.22,217.7 1 0
github.com/Kush-Singh-26/kosh/builder/utils/sync.go:218.6,218.16 1 0
github.com/Kush-Singh-26/kosh/builder/utils/sync.go:225.2,225.15 1 1
github.com/Kush-Singh-26/kosh/builder/utils/sync.go:225.15,226.47 1 1
github.com/Kush-Singh-26/kosh/builder/utils/sync.go:226.47,228.4 1 0
github.com/Kush-Singh-26/kosh/builder/utils/sync.go:231.2,231.61 1 1
github.com/Kush-Singh-26/kosh/builder/utils/sync.go:231.61,233.3 1 1
github.com/Kush-Singh-26/kosh/builder/utils/sync.go:236.2,237.32 2 1
github.com/Kush-Singh-26/kosh/builder/utils/sync.go:237.32,239.3 1 1
github.com/Kush-Singh-26/kosh/builder/utils/sync.go:241.2,241.12 1 1
github.com/Kush-Singh-26/kosh/builder/utils/sync.go:246.71,248.62 1 1
github.com/Kush-Singh-26/kosh/builder/utils/sync.go:248.62,250.3 1 1
github.com/Kush-Singh-26/kosh/builder/utils/sync.go:253.2,255.16 3 1
github.com/Kush-Singh-26/kosh/builder/utils/sync.go:255.16,257.3 1 0
github.com/Kush-Singh-26/kosh/builder/utils/sync.go:259.2,261.16 3 1
github.com/Kush-Singh-26/kosh/builder/utils/sync.go:261.16,266.3 4 0
github.com/Kush-Singh-26/kosh/builder/utils/sync.go:268.2,270.16 3 1
github.com/Kush-Singh-26/kosh/builder/utils/sync.go:270.16,274.3 3 0
github.com/Kush-Singh-26/kosh/builder/utils/sync.go:276.2,277.16 2 1
github.com/Kush-Singh-26/kosh/builder/utils/sync.go:277.16,280.3 2 0
github.com/Kush-Singh-26/kosh/builder/utils/sync.go:283.2,284.16 2 1
github.com/Kush-Singh-26/kosh/builder/utils/sync.go:284.16,287.3 2 0
github.com/Kush-Singh-26/kosh/builder/utils/sync.go:289.2,289.12 1 1
github.com/Kush-Singh-26/kosh/builder/utils/timing.go:22.42,27.2 1 0
github.com/Kush-Singh-26/kosh/builder/utils/timing.go:29.29,30.17 1 0
github.com/Kush-Singh-26/kosh/builder/utils/timing.go:30.17,32.3 1 0
github.com/Kush-Singh-26/kosh/builder/utils/timing.go:33.2,36.83 4 0
github.com/Kush-Singh-26/kosh/builder/utils/timing.go:39.56,40.17 1 0
github.com/Kush-Singh-26/kosh/builder/utils/timing.go:40.17,42.3 1 0
github.com/Kush-Singh-26/kosh/builder/utils/timing.go:43.2,46.105 4 0
github.com/Kush-Singh-26/kosh/builder/utils/timing.go:60.28,64.2 3 1
github.com/Kush-Singh-26/kosh/builder/utils/timing.go:66.29,70.2 3 1
github.com/Kush-Singh-26/kosh/builder/utils/timing.go:72.27,76.2 3 1
github.com/Kush-Singh-26/kosh/builder/utils/timing.go:78.54,79.28 1 1
github.com/Kush-Singh-26/kosh/builder/utils/timing.go:79.28,81.3 1 0
github.com/Kush-Singh-26/kosh/builder/utils/timing.go:82.2,84.39 3 1
github.com/Kush-Singh-26/kosh/builder/utils/timing.go:87.51,93.2 5 1
github.com/Kush-Singh-26/kosh/builder/utils/timing.go:95.36,99.2 3 0
github.com/Kush-Singh-26/kosh/builder/utils/timing.go:107.56,110.37 3 1
github.com/Kush-Singh-26/kosh/builder/utils/timing.go:110.37,116.3 1 1
github.com/Kush-Singh-26/kosh/builder/utils/timing.go:118.2,118.41 1 1
github.com/Kush-Singh-26/kosh/builder/utils/timing.go:118.41,119.55 1 1
github.com/Kush-Singh-26/kosh/builder/utils/timing.go:119.55,121.4 1 0
github.com/Kush-Singh-26/kosh/builder/utils/timing.go:122.3,122.57 1 1
github.com/Kush-Singh-26/kosh/builder/utils/timing.go:125.2,125.15 1 1
github.com/Kush-Singh-26/kosh/builder/utils/timing.go:128.34,130.22 2 1
github.com/Kush-Singh-26/kosh/builder/utils/timing.go:130.22,132.3 1 0
github.com/Kush-Singh-26/kosh/builder/utils/timing.go:134.2,136.31 3 1
github.com/Kush-Singh-26/kosh/builder/utils/timing.go:136.31,142.3 5 1
github.com/Kush-Singh-26/kosh/builder/utils/timing.go:143.2,143.20 1 1
github.com/Kush-Singh-26/kosh/builder/utils/timing.go:146.49,147.62 1 1
github.com/Kush-Singh-26/kosh/builder/utils/timing.go:147.62,149.3 1 0
github.com/Kush-Singh-26/kosh/builder/utils/timing.go:151.2,158.16 2 1
github.com/Kush-Singh-26/kosh/builder/utils/timing.go:158.16,160.3 1 0
github.com/Kush-Singh-26/kosh/builder/utils/timing.go:162.2,162.39 1 1
github.com/Kush-Singh-26/kosh/builder/utils/timing.go:165.45,166.26 1 1
github.com/Kush-Singh-26/kosh/builder/utils/timing.go:166.26,169.3 2 0
github.com/Kush-Singh-26/kosh/builder/utils/timing.go:170.2,170.21 1 1
github.com/Kush-Singh-26/kosh/builder/utils/timing.go:170.21,173.3 2 1
github.com/Kush-Singh-26/kosh/builder/utils/timing.go:174.2,175.51 2 0
github.com/Kush-Singh-26/kosh/builder/utils/timing.go:178.50,180.2 1 1
github.com/Kush-Singh-26/kosh/builder/utils/tree.go:14.88,26.26 4 1
github.com/Kush-Singh-26/kosh/builder/utils/tree.go:26.26,29.38 2 1
github.com/Kush-Singh-26/kosh/builder/utils/tree.go:29.38,32.23 2 1
github.com/Kush-Singh-26/kosh/builder/utils/tree.go:32.23,34.5 1 1
github.com/Kush-Singh-26/kosh/builder/utils/tree.go:34.10,36.5 1 0
github.com/Kush-Singh-26/kosh/builder/utils/tree.go:38.3,42.22 2 1
github.com/Kush-Singh-26/kosh/builder/utils/tree.go:42.22,44.4 1 0
github.com/Kush-Singh-26/kosh/builder/utils/tree.go:47.3,52.50 3 1
github.com/Kush-Singh-26/kosh/builder/utils/tree.go:52.50,60.12 3 1
github.com/Kush-Singh-26/kosh/builder/utils/tree.go:64.3,68.42 4 1
github.com/Kush-Singh-26/kosh/builder/utils/tree.go:68.42,70.28 2 1
github.com/Kush-Singh-26/kosh/builder/utils/tree.go:70.28,72.5 1 1
github.com/Kush-Singh-26/kosh/builder/utils/tree.go:73.4,77.51 3 1
github.com/Kush-Singh-26/kosh/builder/utils/tree.go:77.51,79.5 1 1
github.com/Kush-Singh-26/kosh/builder/utils/tree.go:79.10,90.22 3 1
github.com/Kush-Singh-26/kosh/builder/utils/tree.go:90.22,92.6 1 1
github.com/Kush-Singh-26/kosh/builder/utils/tree.go:92.11,94.6 1 1
github.com/Kush-Singh-26/kosh/builder/utils/tree.go:95.5,95.21 1 1
github.com/Kush-Singh-26/kosh/builder/utils/tree.go:98.3,113.69 4 1
github.com/Kush-Singh-26/kosh/builder/utils/tree.go:113.69,119.4 3 1
github.com/Kush-Singh-26/kosh/builder/utils/tree.go:119.9,120.21 1 1
github.com/Kush-Singh-26/kosh/builder/utils/tree.go:120.21,122.5 1 1
github.com/Kush-Singh-26/kosh/builder/utils/tree.go:122.10,124.5 1 0
github.com/Kush-Singh-26/kosh/builder/utils/tree.go:129.2,131.14 2 1
github.com/Kush-Singh-26/kosh/builder/utils/tree.go:134.41,135.40 1 1
github.com/Kush-Singh-26/kosh/builder/utils/tree.go:135.40,137.41 1 1
github.com/Kush-Singh-26/kosh/builder/utils/tree.go:137.41,139.4 1 1
github.com/Kush-Singh-26/kosh/builder/utils/tree.go:140.3,140.41 1 1
github.com/Kush-Singh-26/kosh/builder/utils/tree.go:143.2,143.26 1 1
github.com/Kush-Singh-26/kosh/builder/utils/tree.go:143.26,144.24 1 1
github.com/Kush-Singh-26/kosh/builder/utils/tree.go:144.24,146.4 1 1
github.com/Kush-Singh-26/kosh/builder/utils/tx_sync.go:25.45,31.2 1 1
github.com/Kush-Singh-26/kosh/builder/utils/tx_sync.go:35.51,40.27 3 1
github.com/Kush-Singh-26/kosh/builder/utils/tx_sync.go:40.27,42.3 1 0
github.com/Kush-Singh-26/kosh/builder/utils/tx_sync.go:43.2,46.43 2 1
github.com/Kush-Singh-26/kosh/builder/utils/tx_sync.go:46.43,48.60 2 1
github.com/Kush-Singh-26/kosh/builder/utils/tx_sync.go:48.60,50.4 1 0
github.com/Kush-Singh-26/kosh/builder/utils/tx_sync.go:51.3,51.34 1 1
github.com/Kush-Singh-26/kosh/builder/utils/tx_sync.go:54.2,55.12 2 1
github.com/Kush-Singh-26/kosh/builder/utils/tx_sync.go:60.28,67.36 4 1
github.com/Kush-Singh-26/kosh/builder/utils/tx_sync.go:67.36,69.3 1 1
github.com/Kush-Singh-26/kosh/builder/utils/tx_sync.go:71.2,71.45 1 1
github.com/Kush-Singh-26/kosh/builder/utils/tx_sync.go:71.45,73.3 1 1
github.com/Kush-Singh-26/kosh/builder/utils/tx_sync.go:78.30,82.18 3 1
github.com/Kush-Singh-26/kosh/builder/utils/tx_sync.go:82.18,84.3 1 0
github.com/Kush-Singh-26/kosh/builder/utils/tx_sync.go:86.2,89.43 2 1
github.com/Kush-Singh-26/kosh/builder/utils/tx_sync.go:89.43,90.53 1 1
github.com/Kush-Singh-26/kosh/builder/utils/tx_sync.go:90.53,91.24 1 0
github.com/Kush-Singh-26/kosh/builder/utils/tx_sync.go:91.24,94.5 1 0
github.com/Kush-Singh-26/kosh/builder/utils/tx_sync.go:95.9,97.4 1 1
github.com/Kush-Singh-26/kosh/builder/utils/tx_sync.go:101.2,101.34 1 1
github.com/Kush-Singh-26/kosh/builder/utils/tx_sync.go:101.34,102.51 1 1
github.com/Kush-Singh-26/kosh/builder/utils/tx_sync.go:102.51,103.65 1 1
github.com/Kush-Singh-26/kosh/builder/utils/tx_sync.go:103.65,104.25 1 0
github.com/Kush-Singh-26/kosh/builder/utils/tx_sync.go:104.25,107.6 1 0
github.com/Kush-Singh-26/kosh/builder/utils/tx_sync.go:108.10,110.5 1 1
github.com/Kush-Singh-26/kosh/builder/utils/tx_sync.go:115.2,115.36 1 1
github.com/Kush-Singh-26/kosh/builder/utils/tx_sync.go:115.36,117.3 1 1
github.com/Kush-Singh-26/kosh/builder/utils/tx_sync.go:119.2,119.22 1 1
github.com/Kush-Singh-26/kosh/builder/utils/tx_sync.go:119.22,121.3 1 1
github.com/Kush-Singh-26/kosh/builder/utils/tx_sync.go:124.35,128.2 3 0
github.com/Kush-Singh-26/kosh/builder/utils/tx_sync.go:131.44,133.16 2 1
github.com/Kush-Singh-26/kosh/builder/utils/tx_sync.go:133.16,135.3 1 0
github.com/Kush-Singh-26/kosh/builder/utils/tx_sync.go:136.2,136.15 1 1
github.com/Kush-Singh-26/kosh/builder/utils/tx_sync.go:136.15,136.32 1 1
github.com/Kush-Singh-26/kosh/builder/utils/tx_sync.go:138.2,139.16 2 1
github.com/Kush-Singh-26/kosh/builder/utils/tx_sync.go:139.16,141.3 1 0
github.com/Kush-Singh-26/kosh/builder/utils/tx_sync.go:142.2,142.15 1 1
github.com/Kush-Singh-26/kosh/builder/utils/tx_sync.go:142.15,142.32 1 1
github.com/Kush-Singh-26/kosh/builder/utils/tx_sync.go:145.2,146.42 2 1
github.com/Kush-Singh-26/kosh/builder/utils/tx_sync.go:146.42,148.3 1 0
github.com/Kush-Singh-26/kosh/builder/utils/tx_sync.go:149.2,149.19 1 1
github.com/Kush-Singh-26/kosh/builder/utils/version.go:11.64,14.55 2 1
github.com/Kush-Singh-26/kosh/builder/utils/version.go:14.55,16.3 1 1
github.com/Kush-Singh-26/kosh/builder/utils/version.go:19.2,20.29 2 1
github.com/Kush-Singh-26/kosh/builder/utils/version.go:20.29,24.53 1 1
github.com/Kush-Singh-26/kosh/builder/utils/version.go:24.53,26.57 1 1
github.com/Kush-Singh-26/kosh/builder/utils/version.go:26.57,30.5 3 1
github.com/Kush-Singh-26/kosh/builder/utils/version.go:35.2,35.45 1 1
github.com/Kush-Singh-26/kosh/builder/utils/version.go:35.45,37.3 1 1
github.com/Kush-Singh-26/kosh/builder/utils/version.go:37.8,39.3 1 0
github.com/Kush-Singh-26/kosh/builder/utils/version.go:40.2,40.20 1 1
github.com/Kush-Singh-26/kosh/builder/utils/version.go:44.56,47.38 2 1
github.com/Kush-Singh-26/kosh/builder/utils/version.go:47.38,51.3 3 1
github.com/Kush-Singh-26/kosh/builder/utils/version.go:53.2,57.19 4 1
github.com/Kush-Singh-26/kosh/builder/utils/version.go:57.19,59.3 1 1
github.com/Kush-Singh-26/kosh/builder/utils/version.go:60.2,61.12 2 1
github.com/Kush-Singh-26/kosh/builder/utils/version.go:67.68,72.77 4 0
github.com/Kush-Singh-26/kosh/builder/utils/version.go:72.77,76.3 3 0
github.com/Kush-Singh-26/kosh/builder/utils/version.go:78.2,78.26 1 0
github.com/Kush-Singh-26/kosh/builder/utils/walk.go:19.112,21.72 1 1
github.com/Kush-Singh-26/kosh/builder/utils/walk.go:21.72,22.23 1 1
github.com/Kush-Singh-26/kosh/builder/utils/walk.go:22.23,24.4 1 0
github.com/Kush-Singh-26/kosh/builder/utils/walk.go:25.3,25.33 1 1
github.com/Kush-Singh-26/kosh/builder/utils/walk.go:29.2,30.59 2 1
github.com/Kush-Singh-26/kosh/builder/utils/walk.go:30.59,31.69 1 0
github.com/Kush-Singh-26/kosh/builder/utils/walk.go:31.69,33.4 1 0
github.com/Kush-Singh-26/kosh/builder/utils/walk.go:34.3,34.13 1 0
github.com/Kush-Singh-26/kosh/builder/utils/walk.go:37.2,37.42 1 1
github.com/Kush-Singh-26/kosh/builder/utils/walk.go:37.42,39.3 1 0
github.com/Kush-Singh-26/kosh/builder/utils/walk.go:41.2,41.22 1 1
github.com/Kush-Singh-26/kosh/builder/utils/walk.go:41.22,43.3 1 0
github.com/Kush-Singh-26/kosh/builder/utils/walk.go:45.2,56.28 8 1
github.com/Kush-Singh-26/kosh/builder/utils/walk.go:56.28,57.17 1 0
github.com/Kush-Singh-26/kosh/builder/utils/walk.go:57.17,58.22 1 0
github.com/Kush-Singh-26/kosh/builder/utils/walk.go:58.22,60.5 1 0
github.com/Kush-Singh-26/kosh/builder/utils/walk.go:65.2,68.35 3 1
github.com/Kush-Singh-26/kosh/builder/utils/walk.go:68.35,70.13 2 1
github.com/Kush-Singh-26/kosh/builder/utils/walk.go:70.13,72.8 2 1
github.com/Kush-Singh-26/kosh/builder/utils/walk.go:72.8,73.12 1 1
github.com/Kush-Singh-26/kosh/builder/utils/walk.go:74.23,75.12 1 0
github.com/Kush-Singh-26/kosh/builder/utils/walk.go:76.27,77.13 1 1
github.com/Kush-Singh-26/kosh/builder/utils/walk.go:77.13,79.7 1 1
github.com/Kush-Singh-26/kosh/builder/utils/walk.go:82.6,83.20 2 1
github.com/Kush-Singh-26/kosh/builder/utils/walk.go:83.20,85.7 1 0
github.com/Kush-Singh-26/kosh/builder/utils/walk.go:85.12,86.37 1 1
github.com/Kush-Singh-26/kosh/builder/utils/walk.go:86.37,87.47 1 1
github.com/Kush-Singh-26/kosh/builder/utils/walk.go:87.47,88.14 1 0
github.com/Kush-Singh-26/kosh/builder/utils/walk.go:91.8,95.26 3 1
github.com/Kush-Singh-26/kosh/builder/utils/walk.go:95.26,96.49 1 1
github.com/Kush-Singh-26/kosh/builder/utils/walk.go:96.49,97.27 1 1
github.com/Kush-Singh-26/kosh/builder/utils/walk.go:97.27,98.19 1 1
github.com/Kush-Singh-26/kosh/builder/utils/walk.go:100.10,100.15 1 0
github.com/Kush-Singh-26/kosh/builder/utils/walk.go:102.9,102.43 1 0
github.com/Kush-Singh-26/kosh/builder/utils/walk.go:102.43,104.31 2 0
github.com/Kush-Singh-26/kosh/builder/utils/walk.go:104.32,106.11 0 0
github.com/Kush-Singh-26/kosh/builder/utils/walk.go:107.10,107.15 1 0
github.com/Kush-Singh-26/kosh/builder/utils/walk.go:109.9,110.14 2 0
github.com/Kush-Singh-26/kosh/builder/utils/walk.go:113.8,113.25 1 1
github.com/Kush-Singh-26/kosh/builder/utils/walk.go:113.25,115.27 2 1
github.com/Kush-Singh-26/kosh/builder/utils/walk.go:115.27,116.17 1 1
github.com/Kush-Singh-26/kosh/builder/utils/walk.go:117.41,117.41 0 1
github.com/Kush-Singh-26/kosh/builder/utils/walk.go:118.28,119.44 1 0
github.com/Kush-Singh-26/kosh/builder/utils/walk.go:127.6,127.48 1 1
github.com/Kush-Singh-26/kosh/builder/utils/walk.go:127.48,129.7 1 1
github.com/Kush-Singh-26/kosh/builder/utils/walk.go:135.2,136.37 2 1
github.com/Kush-Singh-26/kosh/builder/utils/walk.go:136.37,138.3 1 0
github.com/Kush-Singh-26/kosh/builder/utils/walk.go:139.2,139.17 1 1
github.com/Kush-Singh-26/kosh/builder/utils/worker_pool.go:29.93,30.18 1 1
github.com/Kush-Singh-26/kosh/builder/utils/worker_pool.go:30.18,32.3 1 0
github.com/Kush-Singh-26/kosh/builder/utils/worker_pool.go:33.2,33.26 1 1
github.com/Kush-Singh-26/kosh/builder/utils/worker_pool.go:33.26,35.3 1 0
github.com/Kush-Singh-26/kosh/builder/utils/worker_pool.go:36.2,41.3 1 1
github.com/Kush-Singh-26/kosh/builder/utils/worker_pool.go:45.84,49.2 3 0
github.com/Kush-Singh-26/kosh/builder/utils/worker_pool.go:51.33,52.33 1 1
github.com/Kush-Singh-26/kosh/builder/utils/worker_pool.go:52.33,55.3 2 1
github.com/Kush-Singh-26/kosh/builder/utils/worker_pool.go:58.34,60.6 2 1
github.com/Kush-Singh-26/kosh/builder/utils/worker_pool.go:60.6,61.10 1 1
github.com/Kush-Singh-26/kosh/builder/utils/worker_pool.go:62.23,63.10 1 0
github.com/Kush-Singh-26/kosh/builder/utils/worker_pool.go:64.34,65.11 1 1
github.com/Kush-Singh-26/kosh/builder/utils/worker_pool.go:65.11,67.5 1 1
github.com/Kush-Singh-26/kosh/builder/utils/worker_pool.go:70.4,70.26 1 1
github.com/Kush-Singh-26/kosh/builder/utils/worker_pool.go:70.26,71.66 1 0
github.com/Kush-Singh-26/kosh/builder/utils/worker_pool.go:71.66,73.6 1 0
github.com/Kush-Singh-26/kosh/builder/utils/worker_pool.go:77.4,77.11 1 1
github.com/Kush-Singh-26/kosh/builder/utils/worker_pool.go:77.11,78.18 1 1
github.com/Kush-Singh-26/kosh/builder/utils/worker_pool.go:78.18,79.28 1 1
github.com/Kush-Singh-26/kosh/builder/utils/worker_pool.go:79.28,81.7 1 0
github.com/Kush-Singh-26/kosh/builder/utils/worker_pool.go:82.6,82.34 1 1
github.com/Kush-Singh-26/kosh/builder/utils/worker_pool.go:82.34,84.7 1 0
github.com/Kush-Singh-26/kosh/builder/utils/worker_pool.go:86.5,86.20 1 1
github.com/Kush-Singh-26/kosh/builder/utils/worker_pool.go:92.40,93.22 1 1
github.com/Kush-Singh-26/kosh/builder/utils/worker_pool.go:93.22,95.3 1 0
github.com/Kush-Singh-26/kosh/builder/utils/worker_pool.go:97.2,97.9 1 1
github.com/Kush-Singh-26/kosh/builder/utils/worker_pool.go:98.22,99.9 1 0
github.com/Kush-Singh-26/kosh/builder/utils/worker_pool.go:100.27,100.27 0 1
github.com/Kush-Singh-26/kosh/builder/utils/worker_pool.go:104.32,105.44 1 1
github.com/Kush-Singh-26/kosh/builder/utils/worker_pool.go:105.44,108.3 2 0
github.com/Kush-Singh-26/kosh/builder/utils/worker_pool.go:109.2,110.13 2 1
github.com/Kush-Singh-26/kosh/builder/search/analyzer.go:50.60,55.2 1 1
github.com/Kush-Singh-26/kosh/builder/search/analyzer.go:61.50,64.2 2 1
github.com/Kush-Singh-26/kosh/builder/search/analyzer.go:67.82,70.2 2 1
github.com/Kush-Singh-26/kosh/builder/search/analyzer.go:74.19,77.4 2 1
github.com/Kush-Singh-26/kosh/builder/search/analyzer.go:82.120,85.15 3 1
github.com/Kush-Singh-26/kosh/builder/search/analyzer.go:85.15,88.3 2 1
github.com/Kush-Singh-26/kosh/builder/search/analyzer.go:90.2,90.22 1 1
github.com/Kush-Singh-26/kosh/builder/search/analyzer.go:90.22,92.3 1 1
github.com/Kush-Singh-26/kosh/builder/search/analyzer.go:94.2,105.31 10 1
github.com/Kush-Singh-26/kosh/builder/search/analyzer.go:105.31,107.32 2 1
github.com/Kush-Singh-26/kosh/builder/search/analyzer.go:107.32,109.4 1 1
github.com/Kush-Singh-26/kosh/builder/search/analyzer.go:109.9,111.18 2 1
github.com/Kush-Singh-26/kosh/builder/search/analyzer.go:111.18,113.5 1 0
github.com/Kush-Singh-26/kosh/builder/search/analyzer.go:113.10,116.53 1 1
github.com/Kush-Singh-26/kosh/builder/search/analyzer.go:116.53,118.14 2 1
github.com/Kush-Singh-26/kosh/builder/search/analyzer.go:120.5,120.27 1 1
github.com/Kush-Singh-26/kosh/builder/search/analyzer.go:124.3,124.20 1 1
github.com/Kush-Singh-26/kosh/builder/search/analyzer.go:124.20,126.12 2 1
github.com/Kush-Singh-26/kosh/builder/search/analyzer.go:128.3,128.40 1 1
github.com/Kush-Singh-26/kosh/builder/search/analyzer.go:128.40,130.12 2 1
github.com/Kush-Singh-26/kosh/builder/search/analyzer.go:133.3,134.20 2 1
github.com/Kush-Singh-26/kosh/builder/search/analyzer.go:134.20,135.46 1 1
github.com/Kush-Singh-26/kosh/builder/search/analyzer.go:135.46,137.5 1 0
github.com/Kush-Singh-26/kosh/builder/search/analyzer.go:137.10,140.5 2 1
github.com/Kush-Singh-26/kosh/builder/search/analyzer.go:143.3,143.17 1 1
github.com/Kush-Singh-26/kosh/builder/search/analyzer.go:143.17,145.30 2 1
github.com/Kush-Singh-26/kosh/builder/search/analyzer.go:145.30,148.5 2 1
github.com/Kush-Singh-26/kosh/builder/search/analyzer.go:149.4,151.21 3 1
github.com/Kush-Singh-26/kosh/builder/search/analyzer.go:151.21,153.5 1 1
github.com/Kush-Singh-26/kosh/builder/search/analyzer.go:155.3,155.8 1 1
github.com/Kush-Singh-26/kosh/builder/search/analyzer.go:157.2,157.44 1 1
github.com/Kush-Singh-26/kosh/builder/search/analyzer.go:161.34,162.30 1 1
github.com/Kush-Singh-26/kosh/builder/search/analyzer.go:162.30,164.44 2 1
github.com/Kush-Singh-26/kosh/builder/search/analyzer.go:164.44,166.4 1 1
github.com/Kush-Singh-26/kosh/builder/search/analyzer.go:168.2,168.13 1 1
github.com/Kush-Singh-26/kosh/builder/search/analyzer.go:173.56,175.30 2 1
github.com/Kush-Singh-26/kosh/builder/search/analyzer.go:175.30,177.18 2 1
github.com/Kush-Singh-26/kosh/builder/search/analyzer.go:177.18,179.4 1 0
github.com/Kush-Singh-26/kosh/builder/search/analyzer.go:180.3,180.27 1 1
github.com/Kush-Singh-26/kosh/builder/search/analyzer.go:180.27,182.4 1 1
github.com/Kush-Singh-26/kosh/builder/search/analyzer.go:182.9,184.4 1 1
github.com/Kush-Singh-26/kosh/builder/search/analyzer.go:186.2,186.19 1 1
github.com/Kush-Singh-26/kosh/builder/search/analyzer.go:191.93,194.15 3 0
github.com/Kush-Singh-26/kosh/builder/search/analyzer.go:194.15,197.3 2 0
github.com/Kush-Singh-26/kosh/builder/search/analyzer.go:199.2,202.31 3 0
github.com/Kush-Singh-26/kosh/builder/search/analyzer.go:202.31,204.32 2 0
github.com/Kush-Singh-26/kosh/builder/search/analyzer.go:204.32,206.4 1 0
github.com/Kush-Singh-26/kosh/builder/search/analyzer.go:206.9,208.18 2 0
github.com/Kush-Singh-26/kosh/builder/search/analyzer.go:208.18,210.5 1 0
github.com/Kush-Singh-26/kosh/builder/search/analyzer.go:210.10,212.5 1 0
github.com/Kush-Singh-26/kosh/builder/search/analyzer.go:215.3,215.20 1 0
github.com/Kush-Singh-26/kosh/builder/search/analyzer.go:215.20,216.12 1 0
github.com/Kush-Singh-26/kosh/builder/search/analyzer.go:218.3,218.40 1 0
github.com/Kush-Singh-26/kosh/builder/search/analyzer.go:218.40,219.12 1 0
github.com/Kush-Singh-26/kosh/builder/search/analyzer.go:222.3,224.20 2 0
github.com/Kush-Singh-26/kosh/builder/search/analyzer.go:224.20,226.4 1 0
github.com/Kush-Singh-26/kosh/builder/search/analyzer.go:226.9,228.4 1 0
github.com/Kush-Singh-26/kosh/builder/search/analyzer.go:230.2,230.27 1 0
github.com/Kush-Singh-26/kosh/builder/search/analyzer.go:238.37,241.27 3 1
github.com/Kush-Singh-26/kosh/builder/search/analyzer.go:241.27,243.3 1 1
[...]
github.com/Kush-Singh-26/kosh/builder/search/engine.go:429.3,432.20 4 1
github.com/Kush-Singh-26/kosh/builder/search/engine.go:435.2,435.48 1 1
github.com/Kush-Singh-26/kosh/builder/search/engine.go:435.48,437.3 1 1
github.com/Kush-Singh-26/kosh/builder/search/engine.go:439.2,440.26 2 1
github.com/Kush-Singh-26/kosh/builder/search/engine.go:440.26,442.3 1 1
github.com/Kush-Singh-26/kosh/builder/search/engine.go:444.2,448.36 4 1
github.com/Kush-Singh-26/kosh/builder/search/engine.go:448.36,451.83 3 1
github.com/Kush-Singh-26/kosh/builder/search/engine.go:451.83,453.51 2 1
github.com/Kush-Singh-26/kosh/builder/search/engine.go:453.51,454.17 1 1
github.com/Kush-Singh-26/kosh/builder/search/engine.go:454.17,456.6 1 1
github.com/Kush-Singh-26/kosh/builder/search/engine.go:460.3,461.23 2 1
github.com/Kush-Singh-26/kosh/builder/search/engine.go:461.23,464.4 2 1
github.com/Kush-Singh-26/kosh/builder/search/engine.go:467.2,469.51 2 1
github.com/Kush-Singh-26/kosh/builder/search/engine.go:469.51,471.3 1 0
github.com/Kush-Singh-26/kosh/builder/search/engine.go:473.2,474.24 2 1
github.com/Kush-Singh-26/kosh/builder/search/engine.go:474.24,477.52 3 1
github.com/Kush-Singh-26/kosh/builder/search/engine.go:477.52,479.4 1 0
github.com/Kush-Singh-26/kosh/builder/search/engine.go:480.8,482.59 1 0
github.com/Kush-Singh-26/kosh/builder/search/engine.go:482.59,484.4 1 0
github.com/Kush-Singh-26/kosh/builder/search/engine.go:487.2,487.15 1 1
github.com/Kush-Singh-26/kosh/builder/search/engine.go:487.15,489.28 2 0
github.com/Kush-Singh-26/kosh/builder/search/engine.go:489.28,491.4 1 0
github.com/Kush-Singh-26/kosh/builder/search/engine.go:494.2,497.15 3 1
github.com/Kush-Singh-26/kosh/builder/search/engine.go:497.15,499.3 1 0
github.com/Kush-Singh-26/kosh/builder/search/engine.go:501.2,502.28 2 1
github.com/Kush-Singh-26/kosh/builder/search/engine.go:502.28,503.20 1 1
github.com/Kush-Singh-26/kosh/builder/search/engine.go:503.20,504.12 1 0
github.com/Kush-Singh-26/kosh/builder/search/engine.go:506.3,506.19 1 1
github.com/Kush-Singh-26/kosh/builder/search/engine.go:506.19,507.9 1 0
github.com/Kush-Singh-26/kosh/builder/search/engine.go:509.3,509.22 1 1
github.com/Kush-Singh-26/kosh/builder/search/engine.go:509.22,510.12 1 0
github.com/Kush-Singh-26/kosh/builder/search/engine.go:513.3,518.23 3 1
github.com/Kush-Singh-26/kosh/builder/search/engine.go:518.23,520.64 2 1
github.com/Kush-Singh-26/kosh/builder/search/engine.go:520.64,521.10 1 1
github.com/Kush-Singh-26/kosh/builder/search/engine.go:523.4,523.19 1 0
github.com/Kush-Singh-26/kosh/builder/search/engine.go:526.3,529.22 4 1
github.com/Kush-Singh-26/kosh/builder/search/engine.go:532.2,534.24 2 1
github.com/Kush-Singh-26/kosh/builder/search/engine.go:534.24,536.3 1 0
github.com/Kush-Singh-26/kosh/builder/search/engine.go:538.2,540.12 3 1
github.com/Kush-Singh-26/kosh/builder/search/engine.go:543.53,545.38 1 1
github.com/Kush-Singh-26/kosh/builder/search/engine.go:545.38,548.3 2 1
github.com/Kush-Singh-26/kosh/builder/search/engine.go:550.2,550.30 1 1
github.com/Kush-Singh-26/kosh/builder/search/engine.go:550.30,552.12 2 1
github.com/Kush-Singh-26/kosh/builder/search/engine.go:553.12,554.26 1 1
github.com/Kush-Singh-26/kosh/builder/search/engine.go:555.12,556.26 1 1
github.com/Kush-Singh-26/kosh/builder/search/engine.go:557.12,558.27 1 0
github.com/Kush-Singh-26/kosh/builder/search/engine.go:559.12,560.27 1 0
github.com/Kush-Singh-26/kosh/builder/search/engine.go:561.13,562.27 1 0
github.com/Kush-Singh-26/kosh/builder/search/engine.go:563.11,564.19 1 1
github.com/Kush-Singh-26/kosh/builder/search/engine.go:574.41,574.66 1 0
github.com/Kush-Singh-26/kosh/builder/search/engine.go:575.41,575.91 1 0
github.com/Kush-Singh-26/kosh/builder/search/engine.go:576.41,576.100 1 0
github.com/Kush-Singh-26/kosh/builder/search/engine.go:578.34,580.2 1 0
github.com/Kush-Singh-26/kosh/builder/search/engine.go:582.32,588.2 5 0
github.com/Kush-Singh-26/kosh/builder/search/fuzzy.go:14.18,17.3 2 1
github.com/Kush-Singh-26/kosh/builder/search/fuzzy.go:20.35,22.20 2 1
github.com/Kush-Singh-26/kosh/builder/search/fuzzy.go:22.20,24.3 1 0
github.com/Kush-Singh-26/kosh/builder/search/fuzzy.go:24.8,26.3 1 1
github.com/Kush-Singh-26/kosh/builder/search/fuzzy.go:27.2,27.10 1 1
github.com/Kush-Singh-26/kosh/builder/search/fuzzy.go:30.28,31.19 1 1
github.com/Kush-Singh-26/kosh/builder/search/fuzzy.go:31.19,33.3 1 0
github.com/Kush-Singh-26/kosh/builder/search/fuzzy.go:34.2,34.21 1 1
github.com/Kush-Singh-26/kosh/builder/search/fuzzy.go:38.18,41.3 2 1
github.com/Kush-Singh-26/kosh/builder/search/fuzzy.go:44.37,46.20 2 1
github.com/Kush-Singh-26/kosh/builder/search/fuzzy.go:46.20,48.3 1 0
github.com/Kush-Singh-26/kosh/builder/search/fuzzy.go:48.8,50.3 1 1
github.com/Kush-Singh-26/kosh/builder/search/fuzzy.go:51.2,51.10 1 1
github.com/Kush-Singh-26/kosh/builder/search/fuzzy.go:54.30,55.19 1 1
github.com/Kush-Singh-26/kosh/builder/search/fuzzy.go:55.19,57.3 1 0
github.com/Kush-Singh-26/kosh/builder/search/fuzzy.go:58.2,58.22 1 1
github.com/Kush-Singh-26/kosh/builder/search/fuzzy.go:61.45,63.22 2 1
github.com/Kush-Singh-26/kosh/builder/search/fuzzy.go:63.22,65.3 1 1
github.com/Kush-Singh-26/kosh/builder/search/fuzzy.go:66.2,66.10 1 1
github.com/Kush-Singh-26/kosh/builder/search/fuzzy.go:70.43,71.12 1 1
github.com/Kush-Singh-26/kosh/builder/search/fuzzy.go:71.12,73.3 1 1
github.com/Kush-Singh-26/kosh/builder/search/fuzzy.go:76.2,80.15 3 1
github.com/Kush-Singh-26/kosh/builder/search/fuzzy.go:80.15,82.3 1 1
github.com/Kush-Singh-26/kosh/builder/search/fuzzy.go:83.2,83.15 1 1
github.com/Kush-Singh-26/kosh/builder/search/fuzzy.go:83.15,85.3 1 1
github.com/Kush-Singh-26/kosh/builder/search/fuzzy.go:87.2,95.15 7 1
github.com/Kush-Singh-26/kosh/builder/search/fuzzy.go:95.15,98.3 2 1
github.com/Kush-Singh-26/kosh/builder/search/fuzzy.go:102.2,104.15 3 1
github.com/Kush-Singh-26/kosh/builder/search/fuzzy.go:104.15,107.3 2 1
github.com/Kush-Singh-26/kosh/builder/search/fuzzy.go:109.2,111.29 3 1
github.com/Kush-Singh-26/kosh/builder/search/fuzzy.go:111.29,113.3 1 1
github.com/Kush-Singh-26/kosh/builder/search/fuzzy.go:115.2,115.29 1 1
github.com/Kush-Singh-26/kosh/builder/search/fuzzy.go:115.29,118.30 2 1
github.com/Kush-Singh-26/kosh/builder/search/fuzzy.go:118.30,120.34 2 1
github.com/Kush-Singh-26/kosh/builder/search/fuzzy.go:120.34,122.5 1 1
github.com/Kush-Singh-26/kosh/builder/search/fuzzy.go:125.4,129.43 4 1
github.com/Kush-Singh-26/kosh/builder/search/fuzzy.go:133.3,133.26 1 1
github.com/Kush-Singh-26/kosh/builder/search/fuzzy.go:136.2,136.19 1 1
github.com/Kush-Singh-26/kosh/builder/search/fuzzy.go:140.56,143.14 2 1
github.com/Kush-Singh-26/kosh/builder/search/fuzzy.go:143.14,145.3 1 1
github.com/Kush-Singh-26/kosh/builder/search/fuzzy.go:146.2,146.20 1 1
github.com/Kush-Singh-26/kosh/builder/search/fuzzy.go:146.20,148.3 1 1
github.com/Kush-Singh-26/kosh/builder/search/fuzzy.go:150.2,150.53 1 1
github.com/Kush-Singh-26/kosh/builder/search/fuzzy.go:155.91,159.32 3 1
github.com/Kush-Singh-26/kosh/builder/search/fuzzy.go:159.32,165.55 2 1
github.com/Kush-Singh-26/kosh/builder/search/fuzzy.go:165.55,167.12 2 1
github.com/Kush-Singh-26/kosh/builder/search/fuzzy.go:171.3,171.59 1 1
github.com/Kush-Singh-26/kosh/builder/search/fuzzy.go:171.59,172.12 1 1
github.com/Kush-Singh-26/kosh/builder/search/fuzzy.go:174.3,174.41 1 1
github.com/Kush-Singh-26/kosh/builder/search/fuzzy.go:174.41,176.4 1 1
github.com/Kush-Singh-26/kosh/builder/search/fuzzy.go:179.2,179.19 1 1
github.com/Kush-Singh-26/kosh/builder/search/fuzzy.go:183.95,189.30 3 1
github.com/Kush-Singh-26/kosh/builder/search/fuzzy.go:189.30,190.43 1 1
github.com/Kush-Singh-26/kosh/builder/search/fuzzy.go:190.43,191.36 1 1
github.com/Kush-Singh-26/kosh/builder/search/fuzzy.go:191.36,193.5 1 1
github.com/Kush-Singh-26/kosh/builder/search/fuzzy.go:198.2,199.43 2 1
github.com/Kush-Singh-26/kosh/builder/search/fuzzy.go:199.43,204.24 2 1
github.com/Kush-Singh-26/kosh/builder/search/fuzzy.go:204.24,205.39 1 1
github.com/Kush-Singh-26/kosh/builder/search/fuzzy.go:205.39,207.5 1 1
github.com/Kush-Singh-26/kosh/builder/search/fuzzy.go:211.2,211.16 1 1
github.com/Kush-Singh-26/kosh/builder/search/fuzzy.go:216.45,220.11 2 1
github.com/Kush-Singh-26/kosh/builder/search/fuzzy.go:220.11,222.3 1 1
github.com/Kush-Singh-26/kosh/builder/search/fuzzy.go:225.2,226.25 2 1
github.com/Kush-Singh-26/kosh/builder/search/fuzzy.go:226.25,227.21 1 1
github.com/Kush-Singh-26/kosh/builder/search/fuzzy.go:227.21,229.9 2 1
github.com/Kush-Singh-26/kosh/builder/search/fuzzy.go:233.2,233.13 1 1
github.com/Kush-Singh-26/kosh/builder/search/fuzzy.go:233.13,236.29 2 1
github.com/Kush-Singh-26/kosh/builder/search/fuzzy.go:236.29,238.4 1 1
github.com/Kush-Singh-26/kosh/builder/search/fuzzy.go:239.3,239.18 1 1
github.com/Kush-Singh-26/kosh/builder/search/fuzzy.go:243.2,245.11 3 1
github.com/Kush-Singh-26/kosh/builder/search/fuzzy.go:245.11,247.3 1 0
github.com/Kush-Singh-26/kosh/builder/search/fuzzy.go:249.2,250.28 2 1
github.com/Kush-Singh-26/kosh/builder/search/fuzzy.go:250.28,252.3 1 1
github.com/Kush-Singh-26/kosh/builder/search/fuzzy.go:253.2,253.17 1 1
github.com/Kush-Singh-26/kosh/builder/search/fuzzy.go:257.80,261.29 3 1
github.com/Kush-Singh-26/kosh/builder/search/fuzzy.go:261.29,263.3 1 1
github.com/Kush-Singh-26/kosh/builder/search/fuzzy.go:265.2,271.34 5 1
github.com/Kush-Singh-26/kosh/builder/search/fuzzy.go:271.34,273.25 2 1
github.com/Kush-Singh-26/kosh/builder/search/fuzzy.go:273.25,279.33 5 1
github.com/Kush-Singh-26/kosh/builder/search/fuzzy.go:279.33,282.33 3 1
github.com/Kush-Singh-26/kosh/builder/search/fuzzy.go:282.33,284.6 1 1
github.com/Kush-Singh-26/kosh/builder/search/fuzzy.go:286.4,286.34 1 1
github.com/Kush-Singh-26/kosh/builder/search/fuzzy.go:289.2,293.28 3 1
github.com/Kush-Singh-26/kosh/builder/search/fuzzy.go:293.28,294.31 1 1
github.com/Kush-Singh-26/kosh/builder/search/fuzzy.go:294.31,296.4 1 1
github.com/Kush-Singh-26/kosh/builder/search/fuzzy.go:299.2,299.19 1 1
github.com/Kush-Singh-26/kosh/builder/search/fuzzy.go:302.28,303.11 1 1
github.com/Kush-Singh-26/kosh/builder/search/fuzzy.go:303.11,304.12 1 1
github.com/Kush-Singh-26/kosh/builder/search/fuzzy.go:304.12,306.4 1 1
github.com/Kush-Singh-26/kosh/builder/search/fuzzy.go:307.3,307.11 1 1
github.com/Kush-Singh-26/kosh/builder/search/fuzzy.go:309.2,309.11 1 1
github.com/Kush-Singh-26/kosh/builder/search/fuzzy.go:309.11,311.3 1 1
github.com/Kush-Singh-26/kosh/builder/search/fuzzy.go:312.2,312.10 1 1
github.com/Kush-Singh-26/kosh/builder/search/fuzzy.go:324.43,334.26 5 1
github.com/Kush-Singh-26/kosh/builder/search/fuzzy.go:334.26,335.15 1 1
github.com/Kush-Singh-26/kosh/builder/search/fuzzy.go:335.15,336.16 1 1
github.com/Kush-Singh-26/kosh/builder/search/fuzzy.go:336.16,339.21 2 1
github.com/Kush-Singh-26/kosh/builder/search/fuzzy.go:339.21,343.25 3 1
github.com/Kush-Singh-26/kosh/builder/search/fuzzy.go:343.25,345.7 1 1
github.com/Kush-Singh-26/kosh/builder/search/fuzzy.go:347.5,347.22 1 1
github.com/Kush-Singh-26/kosh/builder/search/fuzzy.go:349.4,349.24 1 1
github.com/Kush-Singh-26/kosh/builder/search/fuzzy.go:350.9,350.22 1 1
github.com/Kush-Singh-26/kosh/builder/search/fuzzy.go:350.22,352.4 1 1
github.com/Kush-Singh-26/kosh/builder/search/fuzzy.go:356.2,357.36 2 1
github.com/Kush-Singh-26/kosh/builder/search/fuzzy.go:357.36,359.3 1 1
github.com/Kush-Singh-26/kosh/builder/search/fuzzy.go:362.2,364.15 2 1
github.com/Kush-Singh-26/kosh/builder/search/stemmer.go:14.13,17.16 3 1
github.com/Kush-Singh-26/kosh/builder/search/stemmer.go:17.16,18.55 1 0
github.com/Kush-Singh-26/kosh/builder/search/stemmer.go:23.37,24.20 1 1
github.com/Kush-Singh-26/kosh/builder/search/stemmer.go:24.20,26.3 1 1
github.com/Kush-Singh-26/kosh/builder/search/stemmer.go:29.2,29.43 1 1
github.com/Kush-Singh-26/kosh/builder/search/stemmer.go:29.43,31.3 1 1
github.com/Kush-Singh-26/kosh/builder/search/stemmer.go:34.2,36.15 3 1
github.com/Kush-Singh-26/kosh/builder/search/stemmer.go:40.31,42.2 1 1
github.com/Kush-Singh-26/kosh/builder/search/stemmer.go:45.31,46.20 1 1
github.com/Kush-Singh-26/kosh/builder/search/stemmer.go:46.20,48.3 1 1
github.com/Kush-Singh-26/kosh/builder/search/stemmer.go:51.2,77.22 10 1
github.com/Kush-Singh-26/kosh/builder/search/stemmer.go:81.32,87.34 4 1
github.com/Kush-Singh-26/kosh/builder/search/stemmer.go:87.34,89.3 1 1
github.com/Kush-Singh-26/kosh/builder/search/stemmer.go:91.2,91.12 1 1
github.com/Kush-Singh-26/kosh/builder/search/stemmer.go:91.12,93.34 1 1
github.com/Kush-Singh-26/kosh/builder/search/stemmer.go:93.34,95.4 1 1
github.com/Kush-Singh-26/kosh/builder/search/stemmer.go:96.3,96.13 1 1
github.com/Kush-Singh-26/kosh/builder/search/stemmer.go:96.13,97.9 1 1
github.com/Kush-Singh-26/kosh/builder/search/stemmer.go:100.3,100.35 1 1
github.com/Kush-Singh-26/kosh/builder/search/stemmer.go:100.35,102.4 1 1
github.com/Kush-Singh-26/kosh/builder/search/stemmer.go:103.3,103.6 1 1
github.com/Kush-Singh-26/kosh/builder/search/stemmer.go:106.2,106.10 1 1
github.com/Kush-Singh-26/kosh/builder/search/stemmer.go:110.40,112.12 2 1
github.com/Kush-Singh-26/kosh/builder/search/stemmer.go:112.12,114.3 1 0
github.com/Kush-Singh-26/kosh/builder/search/stemmer.go:116.2,117.62 2 1
github.com/Kush-Singh-26/kosh/builder/search/stemmer.go:117.62,119.3 1 1
github.com/Kush-Singh-26/kosh/builder/search/stemmer.go:120.2,120.47 1 1
github.com/Kush-Singh-26/kosh/builder/search/stemmer.go:120.47,122.3 1 0
github.com/Kush-Singh-26/kosh/builder/search/stemmer.go:123.2,123.14 1 1
github.com/Kush-Singh-26/kosh/builder/search/stemmer.go:127.34,128.23 1 1
github.com/Kush-Singh-26/kosh/builder/search/stemmer.go:128.23,129.24 1 1
github.com/Kush-Singh-26/kosh/builder/search/stemmer.go:129.24,131.4 1 1
github.com/Kush-Singh-26/kosh/builder/search/stemmer.go:133.2,133.14 1 1
github.com/Kush-Singh-26/kosh/builder/search/stemmer.go:137.49,139.11 2 0
github.com/Kush-Singh-26/kosh/builder/search/stemmer.go:139.11,141.3 1 0
github.com/Kush-Singh-26/kosh/builder/search/stemmer.go:142.2,142.30 1 0
github.com/Kush-Singh-26/kosh/builder/search/stemmer.go:142.30,144.3 1 0
github.com/Kush-Singh-26/kosh/builder/search/stemmer.go:145.2,145.29 1 0
github.com/Kush-Singh-26/kosh/builder/search/stemmer.go:149.37,151.11 2 1
github.com/Kush-Singh-26/kosh/builder/search/stemmer.go:151.11,153.3 1 0
github.com/Kush-Singh-26/kosh/builder/search/stemmer.go:155.2,155.72 1 1
github.com/Kush-Singh-26/kosh/builder/search/stemmer.go:155.72,157.3 1 1
github.com/Kush-Singh-26/kosh/builder/search/stemmer.go:160.2,161.41 2 1
github.com/Kush-Singh-26/kosh/builder/search/stemmer.go:164.34,167.96 2 1
github.com/Kush-Singh-26/kosh/builder/search/stemmer.go:167.96,169.3 1 1
github.com/Kush-Singh-26/kosh/builder/search/stemmer.go:170.2,170.75 1 1
github.com/Kush-Singh-26/kosh/builder/search/stemmer.go:170.75,172.3 1 1
github.com/Kush-Singh-26/kosh/builder/search/stemmer.go:173.2,173.54 1 1
github.com/Kush-Singh-26/kosh/builder/search/stemmer.go:173.54,175.3 1 1
github.com/Kush-Singh-26/kosh/builder/search/stemmer.go:176.2,176.33 1 1
github.com/Kush-Singh-26/kosh/builder/search/stemmer.go:176.33,178.3 1 1
github.com/Kush-Singh-26/kosh/builder/search/stemmer.go:179.2,179.14 1 1
github.com/Kush-Singh-26/kosh/builder/search/stemmer.go:182.34,186.75 2 1
github.com/Kush-Singh-26/kosh/builder/search/stemmer.go:186.75,188.24 2 0
github.com/Kush-Singh-26/kosh/builder/search/stemmer.go:188.24,190.4 1 0
github.com/Kush-Singh-26/kosh/builder/search/stemmer.go:191.3,191.15 1 0
github.com/Kush-Singh-26/kosh/builder/search/stemmer.go:195.2,195.54 1 1
github.com/Kush-Singh-26/kosh/builder/search/stemmer.go:195.54,197.21 2 0
github.com/Kush-Singh-26/kosh/builder/search/stemmer.go:197.21,200.4 2 0
github.com/Kush-Singh-26/kosh/builder/search/stemmer.go:201.3,201.15 1 0
github.com/Kush-Singh-26/kosh/builder/search/stemmer.go:205.2,205.75 1 1
github.com/Kush-Singh-26/kosh/builder/search/stemmer.go:205.75,207.21 2 0
github.com/Kush-Singh-26/kosh/builder/search/stemmer.go:207.21,210.4 2 0
github.com/Kush-Singh-26/kosh/builder/search/stemmer.go:211.3,211.15 1 0
github.com/Kush-Singh-26/kosh/builder/search/stemmer.go:214.2,214.14 1 1
github.com/Kush-Singh-26/kosh/builder/search/stemmer.go:218.50,221.14 3 1
github.com/Kush-Singh-26/kosh/builder/search/stemmer.go:221.14,223.3 1 1
github.com/Kush-Singh-26/kosh/builder/search/stemmer.go:225.2,225.22 1 1
github.com/Kush-Singh-26/kosh/builder/search/stemmer.go:225.22,226.41 1 1
github.com/Kush-Singh-26/kosh/builder/search/stemmer.go:226.41,228.4 1 1
github.com/Kush-Singh-26/kosh/builder/search/stemmer.go:230.2,230.13 1 1
github.com/Kush-Singh-26/kosh/builder/search/stemmer.go:233.40,237.12 2 0
github.com/Kush-Singh-26/kosh/builder/search/stemmer.go:237.12,240.45 1 0
github.com/Kush-Singh-26/kosh/builder/search/stemmer.go:240.45,242.4 1 0
github.com/Kush-Singh-26/kosh/builder/search/stemmer.go:246.2,246.126 1 0
github.com/Kush-Singh-26/kosh/builder/search/stemmer.go:246.126,248.3 1 0
github.com/Kush-Singh-26/kosh/builder/search/stemmer.go:251.2,251.47 1 0
github.com/Kush-Singh-26/kosh/builder/search/stemmer.go:251.47,253.3 1 0
github.com/Kush-Singh-26/kosh/builder/search/stemmer.go:255.2,255.14 1 0
github.com/Kush-Singh-26/kosh/builder/search/stemmer.go:258.34,260.33 2 1
github.com/Kush-Singh-26/kosh/builder/search/stemmer.go:260.33,262.21 2 1
github.com/Kush-Singh-26/kosh/builder/search/stemmer.go:262.21,264.4 1 1
github.com/Kush-Singh-26/kosh/builder/search/stemmer.go:266.2,266.14 1 1
github.com/Kush-Singh-26/kosh/builder/search/stemmer.go:269.33,283.29 3 1
github.com/Kush-Singh-26/kosh/builder/search/stemmer.go:283.29,284.33 1 1
github.com/Kush-Singh-26/kosh/builder/search/stemmer.go:284.33,286.25 2 1
github.com/Kush-Singh-26/kosh/builder/search/stemmer.go:286.25,288.5 1 1
github.com/Kush-Singh-26/kosh/builder/search/stemmer.go:289.4,289.16 1 1
github.com/Kush-Singh-26/kosh/builder/search/stemmer.go:293.2,293.14 1 1
github.com/Kush-Singh-26/kosh/builder/search/stemmer.go:296.33,307.29 3 1
github.com/Kush-Singh-26/kosh/builder/search/stemmer.go:307.29,308.33 1 1
github.com/Kush-Singh-26/kosh/builder/search/stemmer.go:308.33,310.25 2 1
github.com/Kush-Singh-26/kosh/builder/search/stemmer.go:310.25,312.5 1 1
github.com/Kush-Singh-26/kosh/builder/search/stemmer.go:313.4,313.16 1 0
github.com/Kush-Singh-26/kosh/builder/search/stemmer.go:317.2,317.14 1 1
github.com/Kush-Singh-26/kosh/builder/search/stemmer.go:320.33,328.34 3 1
github.com/Kush-Singh-26/kosh/builder/search/stemmer.go:328.34,329.31 1 1
github.com/Kush-Singh-26/kosh/builder/search/stemmer.go:329.31,335.23 4 1
github.com/Kush-Singh-26/kosh/builder/search/stemmer.go:335.23,336.89 1 1
github.com/Kush-Singh-26/kosh/builder/search/stemmer.go:336.89,338.6 1 1
github.com/Kush-Singh-26/kosh/builder/search/stemmer.go:339.10,339.20 1 1
github.com/Kush-Singh-26/kosh/builder/search/stemmer.go:339.20,341.5 1 1
github.com/Kush-Singh-26/kosh/builder/search/stemmer.go:342.4,342.16 1 1
github.com/Kush-Singh-26/kosh/builder/search/stemmer.go:346.2,346.14 1 1
github.com/Kush-Singh-26/kosh/builder/search/stemmer.go:349.34,351.33 2 1
github.com/Kush-Singh-26/kosh/builder/search/stemmer.go:351.33,355.12 3 1
github.com/Kush-Singh-26/kosh/builder/search/stemmer.go:355.12,357.4 1 1
github.com/Kush-Singh-26/kosh/builder/search/stemmer.go:358.3,358.35 1 1
github.com/Kush-Singh-26/kosh/builder/search/stemmer.go:358.35,360.4 1 1
github.com/Kush-Singh-26/kosh/builder/search/stemmer.go:362.2,362.14 1 1
github.com/Kush-Singh-26/kosh/builder/search/stemmer.go:365.34,367.76 2 1
github.com/Kush-Singh-26/kosh/builder/search/stemmer.go:367.76,369.3 1 0
github.com/Kush-Singh-26/kosh/builder/search/stemmer.go:370.2,370.14 1 1
github.com/Kush-Singh-26/kosh/builder/search/unicode_standard.go:18.36,20.2 1 1
github.com/Kush-Singh-26/kosh/builder/search/unicode_standard.go:22.31,24.2 1 1
github.com/Kush-Singh-26/kosh/builder/search/unicode_standard.go:26.31,28.2 1 0
github.com/Kush-Singh-26/kosh/builder/search/unicode_standard.go:30.34,32.2 1 0
